Charm++> Running on MPI version: 2.1 multi-thread support: 0 (max supported: -1)
Warning> Randomization of stack pointer is turned on in kernel, thread migration may not work! Run 'echo 0 > /proc/sys/kernel/randomize_va_space' as root to disable it, or try run with '+isomalloc_sync'.  
Charm++> Running on 5 unique compute nodes (8-way SMP).
Charm++> Cpu topology info:
PE to node map: 0 1 1 2 2 3 4 4 
Node to PE map:
Chip #0: 0 
Chip #1: 1 2 
Chip #2: 3 4 
Chip #3: 5 
Chip #4: 6 7 
Charm++> cpu topology info is gathered in 0.008 seconds.
Info: NAMD 2.7 for Linux-x86_64
Info: 
Info: Please visit http://www.ks.uiuc.edu/Research/namd/
Info: and send feedback or bug reports to namd@ks.uiuc.edu
Info: 
Info: Please cite Phillips et al., J. Comp. Chem. 26:1781-1802 (2005)
Info: in all publications reporting results obtained with NAMD.
Info: 
Info: Based on Charm++/Converse 60202 for mpi-linux-x86_64
Info: Built Wed Oct 20 15:01:48 EST 2010 by root on tango-m.vpac.org
Info: 1 NAMD  2.7  Linux-x86_64  8    tango091.vpac.org  mike
Info: Running on 8 processors.
Info: CPU topology information available.
Info: Charm++/Converse parallel runtime startup completed at 0.012042 s
Info: 109.301 MB of memory in use based on /proc/self/stat
Info: Configuration file is aspirin_rs_short.conf
TCL: Suspending until startup complete.
Info: EXTENDED SYSTEM FILE   generic_restartfile.restart.xsc
Info: SIMULATION PARAMETERS:
Info: TIMESTEP               2
Info: NUMBER OF STEPS        100000
Info: STEPS PER CYCLE        10
Info: PERIODIC CELL BASIS 1  62.7573 0 0
Info: PERIODIC CELL BASIS 2  0 61.3495 0
Info: PERIODIC CELL BASIS 3  0 0 61.9458
Info: PERIODIC CELL CENTER   0 0 0
Info: WRAPPING WATERS AROUND PERIODIC BOUNDARIES ON OUTPUT.
Info: WRAPPING ALL CLUSTERS AROUND PERIODIC BOUNDARIES ON OUTPUT.
Info: LOAD BALANCER  Centralized
Info: LOAD BALANCING STRATEGY  New Load Balancers -- ASB
Info: LDB PERIOD             2000 steps
Info: FIRST LDB TIMESTEP     50
Info: LAST LDB TIMESTEP     -1
Info: LDB BACKGROUND SCALING 1
Info: HOM BACKGROUND SCALING 1
Info: PME BACKGROUND SCALING 1
Info: MAX SELF PARTITIONS    20
Info: MAX PAIR PARTITIONS    8
Info: SELF PARTITION ATOMS   154
Info: SELF2 PARTITION ATOMS   154
Info: PAIR PARTITION ATOMS   318
Info: PAIR2 PARTITION ATOMS  637
Info: MIN ATOMS PER PATCH    100
Info: VELOCITY FILE          generic_restartfile.restart.vel
Info: CENTER OF MASS MOVING INITIALLY? NO
Info: DIELECTRIC             1
Info: EXCLUDE                SCALED ONE-FOUR
Info: 1-4 ELECTROSTATICS SCALED BY 1
Info: MODIFIED 1-4 VDW PARAMETERS WILL BE USED
Info: DCD FILENAME           generic_restartfile.dcd
Info: DCD FREQUENCY          5000
Info: DCD FIRST STEP         5000
Info: DCD FILE WILL CONTAIN UNIT CELL DATA
Info: XST FILENAME           generic_restartfile.xst
Info: XST FREQUENCY          5000
Info: NO VELOCITY DCD OUTPUT
Info: OUTPUT FILENAME        generic_restartfile
Info: BINARY OUTPUT FILES WILL BE USED
Info: RESTART FILENAME       generic_restartfile.restart
Info: RESTART FREQUENCY      5000
Info: BINARY RESTART FILES WILL BE USED
Info: SWITCHING ACTIVE
Info: SWITCHING ON           10
Info: SWITCHING OFF          12
Info: PAIRLIST DISTANCE      14
Info: PAIRLIST SHRINK RATE   0.01
Info: PAIRLIST GROW RATE     0.01
Info: PAIRLIST TRIGGER       0.3
Info: PAIRLISTS PER CYCLE    2
Info: PAIRLISTS ENABLED
Info: MARGIN                 0
Info: HYDROGEN GROUP CUTOFF  2.5
Info: PATCH DIMENSION        16.5
Info: ENERGY OUTPUT STEPS    5000
Info: CROSSTERM ENERGY INCLUDED IN DIHEDRAL
Info: TIMING OUTPUT STEPS    5000
Info: PRESSURE OUTPUT STEPS  5000
Info: HARMONIC CONSTRAINTS ACTIVE
Info: HARMONIC CONS EXP      2
Info: HARMONIC CONS SCALING  0.2
Info: LANGEVIN DYNAMICS ACTIVE
Info: LANGEVIN TEMPERATURE   310
Info: LANGEVIN DAMPING COEFFICIENT IS 5 INVERSE PS
Info: LANGEVIN DYNAMICS NOT APPLIED TO HYDROGENS
Info: PARTICLE MESH EWALD (PME) ACTIVE
Info: PME TOLERANCE               1e-06
Info: PME EWALD COEFFICIENT       0.257952
Info: PME INTERPOLATION ORDER     4
Info: PME GRID DIMENSIONS         64 64 64
Info: PME MAXIMUM GRID SPACING    1.5
Info: Attempting to read FFTW data from FFTW_NAMD_2.7_Linux-x86_64.txt
Info: Optimizing 6 FFT steps.  1... 2... 3... 4... 5... 6...   Done.
Info: Writing FFTW data to FFTW_NAMD_2.7_Linux-x86_64.txt
Info: FULL ELECTROSTATIC EVALUATION FREQUENCY      2
Info: USING VERLET I (r-RESPA) MTS SCHEME.
Info: C1 SPLITTING OF LONG RANGE ELECTROSTATICS
Info: PLACING ATOMS IN PATCHES BY HYDROGEN GROUPS
Info: RIGID BONDS TO HYDROGEN : ALL
Info:         ERROR TOLERANCE : 1e-08
Info:          MAX ITERATIONS : 100
Info: RIGID WATER USING SETTLE ALGORITHM
Info: RANDOM NUMBER SEED     1291863760
Info: USE HYDROGEN BONDS?    NO
Info: COORDINATE PDB         InputFiles/A2_aspirin4_ion.pdb
Info: STRUCTURE FILE         InputFiles/A2_aspirin4_ion.psf
Info: PARAMETER file: CHARMM format! 
Info: PARAMETERS             InputFiles/par_all27_prot_na.inp
Info: PARAMETERS             InputFiles/aspirin_ion.par
Info: USING ARITHMETIC MEAN TO COMBINE L-J SIGMA PARAMETERS
Info: BINARY COORDINATES     generic_restartfile.restart.coor
Info: SUMMARY OF PARAMETERS:
Info: 259 BONDS
Info: 634 ANGLES
Info: 1070 DIHEDRAL
Info: 79 IMPROPER
Info: 0 CROSSTERM
Info: 138 VDW
Info: 0 VDW_PAIRS
Info: TIME FOR READING PSF FILE: 0.232712
Info: TIME FOR READING PDB FILE: 0.0621369
Info: 
Info: Reading from binary file generic_restartfile.restart.coor
Info: ****************************
Info: STRUCTURE SUMMARY:
Info: 24149 ATOMS
Info: 16714 BONDS
Info: 10696 ANGLES
Info: 4762 DIHEDRALS
Info: 366 IMPROPERS
Info: 0 CROSSTERMS
Info: 0 EXCLUSIONS
Info: 4 CONSTRAINTS
Info: 23161 RIGID BONDS
Info: 49286 DEGREES OF FREEDOM
Info: 8427 HYDROGEN GROUPS
Info: 4 ATOMS IN LARGEST HYDROGEN GROUP
Info: 8427 MIGRATION GROUPS
Info: 4 ATOMS IN LARGEST MIGRATION GROUP
Info: TOTAL MASS = 148527 amu
Info: TOTAL CHARGE = 1.37277e-06 e
Info: MASS DENSITY = 1.03414 g/cm^3
Info: ATOM DENSITY = 0.101254 atoms/A^3
Info: *****************************
Info: 
Info: Entering startup at 0.392624 s, 170.18 MB of memory in use
Info: Startup phase 0 took 0.000347853 s, 170.18 MB of memory in use
Info: Startup phase 1 took 0.057225 s, 177.293 MB of memory in use
Info: Startup phase 2 took 0.000509977 s, 177.48 MB of memory in use
Info: PATCH GRID IS 3 (PERIODIC) BY 3 (PERIODIC) BY 3 (PERIODIC)
Info: PATCH GRID IS 1-AWAY BY 1-AWAY BY 1-AWAY
Info: Reading from binary file generic_restartfile.restart.vel
Info: REMOVING COM VELOCITY -0.0515601 0.0114451 -0.0227382
Info: LARGEST PATCH (16) HAS 956 ATOMS
Info: Startup phase 3 took 0.0391071 s, 180.992 MB of memory in use
Info: PME using 8 and 8 processors for FFT and reciprocal sum.
Info: PME GRID LOCATIONS: 0 1 2 3 4 5 6 7
Info: PME TRANS LOCATIONS: 0 1 2 3 4 5 6 7
Info: Optimizing 4 FFT steps.  1... 2... 3... 4...   Done.
Info: Startup phase 4 took 0.050004 s, 181.461 MB of memory in use
Info: Startup phase 5 took 0.0499849 s, 181.77 MB of memory in use
LDB: Central LB being created...
Info: Startup phase 6 took 1.20637 s, 181.77 MB of memory in use
Info: CREATING 1850 COMPUTE OBJECTS
Info: useSync: 1 useProxySync: 0
Info: NONBONDED TABLE R-SQUARED SPACING: 0.0625
Info: NONBONDED TABLE SIZE: 769 POINTS
Info: Startup phase 7 took 0.00383902 s, 182.645 MB of memory in use
Info: Startup phase 8 took 0.000117064 s, 182.645 MB of memory in use
Info: Finished startup at 1.80012 s, 182.645 MB of memory in use

PRESSURE: 0 70.1471 -210.834 3.57716 -210.834 -205.776 0.00180637 3.57716 0.00180637 -89.5748
GPRESSURE: 0 170.539 -143.963 -7.48297 -161.157 -316.076 71.5116 58.4032 -114.102 3.5248
ETITLE:      TS           BOND          ANGLE          DIHED          IMPRP               ELECT            VDW       BOUNDARY           MISC        KINETIC               TOTAL           TEMP      POTENTIAL         TOTAL3        TEMPAVG            PRESSURE      GPRESSURE         VOLUME       PRESSAVG      GPRESSAVG

ENERGY:       0       415.7241      1002.5225       623.3263        58.5575         -87955.9604      7201.6347         0.0000         0.0000     15165.8485         -63488.3469       309.6945    -78654.1954    -63444.5724       309.6945            -75.0678       -47.3373    238499.3195       -75.0678       -47.3373

OPENING EXTENDED SYSTEM TRAJECTORY FILE
LDB: ============= START OF LOAD BALANCING ============== 6.83135
LDB: ============== END OF LOAD BALANCING =============== 6.83154

Info: Initial time: 8 CPUs 0.0990495 s/step 0.573203 days/ns 192.98 MB memory
LDB: ============= START OF LOAD BALANCING ============== 11.0358
LDB: TIME 11.0376 LOAD: AVG 3.51802 MAX 4.20244  PROXIES: TOTAL 95 MAXPE 14 MAXPATCH 5 None 0.543494
LDB: TIME 11.0413 LOAD: AVG 3.51802 MAX 3.51827  PROXIES: TOTAL 95 MAXPE 14 MAXPATCH 5 TorusLB 0.543494
LDB: TIME 11.0413 LOAD: AVG 3.51802 MAX 3.51827  PROXIES: TOTAL 95 MAXPE 14 MAXPATCH 5 TorusLB 0.543494
LDB: ============== END OF LOAD BALANCING =============== 11.047

Info: Initial time: 8 CPUs 0.0948303 s/step 0.548786 days/ns 192.859 MB memory
LDB: ============= START OF LOAD BALANCING ============== 15.6716
LDB: TIME 15.673 LOAD: AVG 3.67965 MAX 4.29113  PROXIES: TOTAL 95 MAXPE 14 MAXPATCH 5 None 0.687945
LDB: TIME 15.6823 LOAD: AVG 3.67965 MAX 3.8617  PROXIES: TOTAL 95 MAXPE 14 MAXPATCH 5 RefineTorusLB 0.687945
LDB: ============== END OF LOAD BALANCING =============== 15.6842

Info: Initial time: 8 CPUs 0.0812785 s/step 0.470362 days/ns 194.523 MB memory
LDB: ============= START OF LOAD BALANCING ============== 19.344
LDB: TIME 19.3454 LOAD: AVG 3.49231 MAX 3.65766  PROXIES: TOTAL 95 MAXPE 14 MAXPATCH 5 None 0.565036
LDB: TIME 19.3463 LOAD: AVG 3.49231 MAX 3.65766  PROXIES: TOTAL 95 MAXPE 14 MAXPATCH 5 RefineTorusLB 0.565036
LDB: ============== END OF LOAD BALANCING =============== 19.3475

Info: Benchmark time: 8 CPUs 0.0731646 s/step 0.423406 days/ns 194.738 MB memory
Info: Benchmark time: 8 CPUs 0.0722092 s/step 0.417877 days/ns 195.148 MB memory
Info: Benchmark time: 8 CPUs 0.0720948 s/step 0.417215 days/ns 195.234 MB memory
LDB: ============= START OF LOAD BALANCING ============== 160.028
LDB: ============== END OF LOAD BALANCING =============== 160.128

LDB: ============= START OF LOAD BALANCING ============== 163.864
LDB: TIME 163.866 LOAD: AVG 3.46753 MAX 3.61333  PROXIES: TOTAL 95 MAXPE 14 MAXPATCH 5 None 0.568361
LDB: TIME 163.866 LOAD: AVG 3.46753 MAX 3.61333  PROXIES: TOTAL 95 MAXPE 14 MAXPATCH 5 RefineTorusLB 0.568361
LDB: ============== END OF LOAD BALANCING =============== 163.868

LDB: ============= START OF LOAD BALANCING ============== 305.645
LDB: ============== END OF LOAD BALANCING =============== 305.756

LDB: ============= START OF LOAD BALANCING ============== 309.598
LDB: TIME 309.99 LOAD: AVG 3.52536 MAX 3.92411  PROXIES: TOTAL 95 MAXPE 14 MAXPATCH 5 None 0.629212
LDB: TIME 309.995 LOAD: AVG 3.52536 MAX 3.69767  PROXIES: TOTAL 95 MAXPE 14 MAXPATCH 5 RefineTorusLB 0.629212
LDB: ============== END OF LOAD BALANCING =============== 309.997

PRESSURE: 5000 75.0483 -139.844 -141.933 -138.22 -158.907 4.41189 -142.764 3.89309 -171.395
GPRESSURE: 5000 108.598 -82.0084 -217.172 -100.974 -192.079 50.0272 -43.1044 74.029 -92.0564
PRESSAVG: 5000 47.2232 -14.6447 -12.6728 -14.252 45.9609 4.47559 -13.4964 4.19547 17.161
GPRESSAVG: 5000 47.0287 -14.5954 -12.564 -14.1888 45.992 4.33876 -13.4325 4.18342 17.1139
TIMING: 5000  CPU: 367.072, 0.0733701/step  Wall: 367.072, 0.0733701/step, 1.93616 hours remaining, 200.449219 MB of memory in use.
ENERGY:    5000       419.1625      1029.1865       640.6104        67.1871         -87757.5146      7177.9840         0.5395         0.0000     15200.6144         -63222.2302       310.4045    -78422.8446    -63190.5610       309.5808            -85.0847       -58.5124    238499.3195        36.7817        36.7115

WRITING EXTENDED SYSTEM TO RESTART FILE AT STEP 5000
OPENING COORDINATE DCD FILE
WRITING COORDINATES TO DCD FILE AT STEP 5000
WRITING COORDINATES TO RESTART FILE AT STEP 5000
FINISHED WRITING RESTART COORDINATES
WRITING VELOCITIES TO RESTART FILE AT STEP 5000
FINISHED WRITING RESTART VELOCITIES
LDB: ============= START OF LOAD BALANCING ============== 452.692
LDB: ============== END OF LOAD BALANCING =============== 452.94

LDB: ============= START OF LOAD BALANCING ============== 456.933
LDB: TIME 456.934 LOAD: AVG 3.47139 MAX 3.60936  PROXIES: TOTAL 95 MAXPE 14 MAXPATCH 5 None 0.569319
LDB: TIME 456.935 LOAD: AVG 3.47139 MAX 3.60936  PROXIES: TOTAL 95 MAXPE 14 MAXPATCH 5 RefineTorusLB 0.569319
LDB: ============== END OF LOAD BALANCING =============== 456.936

LDB: ============= START OF LOAD BALANCING ============== 598.821
LDB: ============== END OF LOAD BALANCING =============== 598.967

LDB: ============= START OF LOAD BALANCING ============== 602.763
LDB: TIME 602.765 LOAD: AVG 3.48296 MAX 3.61925  PROXIES: TOTAL 95 MAXPE 14 MAXPATCH 5 None 0.576503
LDB: TIME 602.766 LOAD: AVG 3.48296 MAX 3.61925  PROXIES: TOTAL 95 MAXPE 14 MAXPATCH 5 RefineTorusLB 0.576503
LDB: ============== END OF LOAD BALANCING =============== 602.767

PRESSURE: 10000 143.118 293.364 -197.06 295.972 -254.707 166.635 -197.229 165.423 246.596
GPRESSURE: 10000 133.799 310.549 -170.941 463.688 -118.035 -31.5465 -184.86 248.445 189.996
PRESSAVG: 10000 25.7956 33.1258 -9.40175 35.066 71.6147 1.68075 -10.5342 0.0322682 35.6116
GPRESSAVG: 10000 25.7359 33.4174 -9.05287 34.8741 71.3624 1.88873 -10.5112 -0.0221817 35.8597
TIMING: 10000  CPU: 732.501, 0.0730859/step  Wall: 732.501, 0.0730859/step, 1.82715 hours remaining, 202.230469 MB of memory in use.
ENERGY:   10000       398.9142      1072.4394       635.6619        62.8372         -87656.3063      7148.3203         0.5313         0.0000     15121.1242         -63216.4778       308.7812    -78337.6021    -63182.9233       309.2333             45.0025        68.5868    238499.3195        44.3406        44.3194

WRITING EXTENDED SYSTEM TO RESTART FILE AT STEP 10000
WRITING COORDINATES TO DCD FILE AT STEP 10000
WRITING COORDINATES TO RESTART FILE AT STEP 10000
FINISHED WRITING RESTART COORDINATES
WRITING VELOCITIES TO RESTART FILE AT STEP 10000
FINISHED WRITING RESTART VELOCITIES
LDB: ============= START OF LOAD BALANCING ============== 745.127
LDB: ============== END OF LOAD BALANCING =============== 745.238

LDB: ============= START OF LOAD BALANCING ============== 749.116
LDB: TIME 749.128 LOAD: AVG 3.48846 MAX 3.64615  PROXIES: TOTAL 95 MAXPE 14 MAXPATCH 5 None 0.578509
LDB: TIME 749.129 LOAD: AVG 3.48846 MAX 3.64615  PROXIES: TOTAL 95 MAXPE 14 MAXPATCH 5 RefineTorusLB 0.578509
LDB: ============== END OF LOAD BALANCING =============== 749.13

LDB: ============= START OF LOAD BALANCING ============== 890.622
LDB: ============== END OF LOAD BALANCING =============== 890.731

LDB: ============= START OF LOAD BALANCING ============== 894.465
LDB: TIME 894.506 LOAD: AVG 3.48015 MAX 3.63509  PROXIES: TOTAL 95 MAXPE 14 MAXPATCH 5 None 0.580962
LDB: TIME 894.507 LOAD: AVG 3.48015 MAX 3.63509  PROXIES: TOTAL 95 MAXPE 14 MAXPATCH 5 RefineTorusLB 0.580962
LDB: ============== END OF LOAD BALANCING =============== 894.508

LDB: ============= START OF LOAD BALANCING ============== 1036.15
LDB: ============== END OF LOAD BALANCING =============== 1036.21

LDB: ============= START OF LOAD BALANCING ============== 1039.98
LDB: TIME 1039.98 LOAD: AVG 3.47533 MAX 3.67006  PROXIES: TOTAL 95 MAXPE 14 MAXPATCH 5 None 0.575708
LDB: TIME 1039.98 LOAD: AVG 3.47533 MAX 3.64767  PROXIES: TOTAL 95 MAXPE 14 MAXPATCH 5 RefineTorusLB 0.575708
LDB: ============== END OF LOAD BALANCING =============== 1039.99

PRESSURE: 15000 178.456 -256.056 -79.4711 -253.81 140.625 -294.983 -78.9637 -295.232 21.7711
GPRESSURE: 15000 178.211 -315.43 -4.13878 -85.7455 147.832 -299.153 -103.44 -316.126 117.295
PRESSAVG: 15000 6.95268 29.3347 17.8712 31.37 24.1503 -12.2754 17.84 -13.2111 27.4825
GPRESSAVG: 15000 6.82706 29.0363 17.7911 31.3911 24.0413 -12.3173 17.5551 -13.3378 27.4872
TIMING: 15000  CPU: 1096.62, 0.0728239/step  Wall: 1096.62, 0.0728239/step, 1.71945 hours remaining, 203.238281 MB of memory in use.
ENERGY:   15000       438.2373      1030.7919       620.9545        74.0459         -87784.1536      7435.5614         0.7084         0.0000     15129.3691         -63054.4851       308.9496    -78183.8542    -63020.1906       309.0183            113.6175       147.7794    238499.3195        19.5285        19.4519

WRITING EXTENDED SYSTEM TO RESTART FILE AT STEP 15000
WRITING COORDINATES TO DCD FILE AT STEP 15000
WRITING COORDINATES TO RESTART FILE AT STEP 15000
FINISHED WRITING RESTART COORDINATES
WRITING VELOCITIES TO RESTART FILE AT STEP 15000
FINISHED WRITING RESTART VELOCITIES
LDB: ============= START OF LOAD BALANCING ============== 1181.64
LDB: ============== END OF LOAD BALANCING =============== 1181.71

LDB: ============= START OF LOAD BALANCING ============== 1185.45
LDB: TIME 1185.45 LOAD: AVG 3.48115 MAX 3.64052  PROXIES: TOTAL 95 MAXPE 14 MAXPATCH 5 None 0.576661
LDB: TIME 1185.45 LOAD: AVG 3.48115 MAX 3.64052  PROXIES: TOTAL 95 MAXPE 14 MAXPATCH 5 RefineTorusLB 0.576661
LDB: ============== END OF LOAD BALANCING =============== 1185.45

LDB: ============= START OF LOAD BALANCING ============== 1326.73
LDB: ============== END OF LOAD BALANCING =============== 1326.73

LDB: ============= START OF LOAD BALANCING ============== 1330.37
LDB: TIME 1330.37 LOAD: AVG 3.47452 MAX 3.63664  PROXIES: TOTAL 95 MAXPE 14 MAXPATCH 5 None 0.575546
LDB: TIME 1330.37 LOAD: AVG 3.47452 MAX 3.63664  PROXIES: TOTAL 95 MAXPE 14 MAXPATCH 5 RefineTorusLB 0.575546
LDB: ============== END OF LOAD BALANCING =============== 1330.37

PRESSURE: 20000 -241.582 121.317 180.491 124.065 -144.54 8.40126 182.095 7.47605 69.7242
GPRESSURE: 20000 -155.14 149.012 154.685 180 -217.902 22.7507 300.031 10.0954 111.605
PRESSAVG: 20000 14.9011 -10.4032 -10.7015 -8.59212 11.2259 -14.4176 -9.50539 -14.652 18.0528
GPRESSAVG: 20000 15.0389 -10.37 -10.873 -8.61212 11.2873 -14.5034 -9.15587 -14.6421 18.1133
TIMING: 20000  CPU: 1459.38, 0.0725519/step  Wall: 1459.38, 0.0725519/step, 1.61226 hours remaining, 203.500000 MB of memory in use.
ENERGY:   20000       418.5849      1019.2759       630.1930        57.7954         -87784.9382      7236.0882         0.9412         0.0000     15212.4125         -63209.6470       310.6454    -78422.0595    -63164.2364       308.7623           -105.4661       -87.1457    238499.3195        14.7266        14.8132

WRITING EXTENDED SYSTEM TO RESTART FILE AT STEP 20000
WRITING COORDINATES TO DCD FILE AT STEP 20000
WRITING COORDINATES TO RESTART FILE AT STEP 20000
FINISHED WRITING RESTART COORDINATES
WRITING VELOCITIES TO RESTART FILE AT STEP 20000
FINISHED WRITING RESTART VELOCITIES
LDB: ============= START OF LOAD BALANCING ============== 1471.95
LDB: ============== END OF LOAD BALANCING =============== 1472.06

LDB: ============= START OF LOAD BALANCING ============== 1475.74
LDB: TIME 1475.82 LOAD: AVG 3.49122 MAX 3.60335  PROXIES: TOTAL 95 MAXPE 14 MAXPATCH 5 None 0.581106
LDB: TIME 1475.83 LOAD: AVG 3.49122 MAX 3.60335  PROXIES: TOTAL 95 MAXPE 14 MAXPATCH 5 RefineTorusLB 0.581106
LDB: ============== END OF LOAD BALANCING =============== 1475.83

LDB: ============= START OF LOAD BALANCING ============== 1616.43
LDB: ============== END OF LOAD BALANCING =============== 1616.54

LDB: ============= START OF LOAD BALANCING ============== 1620.25
LDB: TIME 1620.25 LOAD: AVG 3.47633 MAX 3.59165  PROXIES: TOTAL 95 MAXPE 14 MAXPATCH 5 None 0.5752
LDB: TIME 1620.25 LOAD: AVG 3.47633 MAX 3.59165  PROXIES: TOTAL 95 MAXPE 14 MAXPATCH 5 RefineTorusLB 0.5752
LDB: ============== END OF LOAD BALANCING =============== 1620.25

LDB: ============= START OF LOAD BALANCING ============== 1761.34
LDB: ============== END OF LOAD BALANCING =============== 1761.34

LDB: ============= START OF LOAD BALANCING ============== 1764.97
LDB: TIME 1764.97 LOAD: AVG 3.47478 MAX 3.60959  PROXIES: TOTAL 95 MAXPE 14 MAXPATCH 5 None 0.572809
LDB: TIME 1764.97 LOAD: AVG 3.47478 MAX 3.60959  PROXIES: TOTAL 95 MAXPE 14 MAXPATCH 5 RefineTorusLB 0.572809
LDB: ============== END OF LOAD BALANCING =============== 1764.98

PRESSURE: 25000 67.6093 -52.6497 290.936 -50.4128 -22.7439 84.3285 290.397 82.3951 95.1043
GPRESSURE: 25000 125.489 61.6264 278.179 -118.528 -8.94123 -24.7821 254.577 204.736 75.5312
PRESSAVG: 25000 67.4847 9.97971 3.29572 11.941 23.2775 11.4589 3.9415 10.2029 75.101
GPRESSAVG: 25000 67.5515 9.91209 3.27745 11.7799 23.315 11.3412 3.9742 10.0313 75.0857
TIMING: 25000  CPU: 1820.97, 0.0723188/step  Wall: 1820.97, 0.0723188/step, 1.50664 hours remaining, 203.500000 MB of memory in use.
ENERGY:   25000       421.3425      1029.7031       619.0660        70.7071         -87476.4849      7211.7723         0.6638         0.0000     15107.5648         -63015.6654       308.5043    -78123.2301    -62967.4540       309.1414             46.6566        64.0263    238499.3195        55.2878        55.3174

WRITING EXTENDED SYSTEM TO RESTART FILE AT STEP 25000
WRITING COORDINATES TO DCD FILE AT STEP 25000
WRITING COORDINATES TO RESTART FILE AT STEP 25000
FINISHED WRITING RESTART COORDINATES
WRITING VELOCITIES TO RESTART FILE AT STEP 25000
FINISHED WRITING RESTART VELOCITIES
LDB: ============= START OF LOAD BALANCING ============== 1905.76
LDB: ============== END OF LOAD BALANCING =============== 1905.76

LDB: ============= START OF LOAD BALANCING ============== 1909.41
LDB: TIME 1909.41 LOAD: AVG 3.4754 MAX 3.63684  PROXIES: TOTAL 95 MAXPE 14 MAXPATCH 5 None 0.571868
LDB: TIME 1909.41 LOAD: AVG 3.4754 MAX 3.63684  PROXIES: TOTAL 95 MAXPE 14 MAXPATCH 5 RefineTorusLB 0.571868
LDB: ============== END OF LOAD BALANCING =============== 1909.41

LDB: ============= START OF LOAD BALANCING ============== 2050.84
LDB: ============== END OF LOAD BALANCING =============== 2050.84

LDB: ============= START OF LOAD BALANCING ============== 2054.48
LDB: TIME 2054.48 LOAD: AVG 3.47932 MAX 3.63526  PROXIES: TOTAL 95 MAXPE 14 MAXPATCH 5 None 0.573192
LDB: TIME 2054.48 LOAD: AVG 3.47932 MAX 3.63526  PROXIES: TOTAL 95 MAXPE 14 MAXPATCH 5 RefineTorusLB 0.573192
LDB: ============== END OF LOAD BALANCING =============== 2054.48

PRESSURE: 30000 -35.4565 -156.177 -110.416 -153.634 -116.896 24.7431 -111.371 23.5367 -369.499
GPRESSURE: 30000 -0.817164 -229.043 -140.892 -96.1576 -58.9378 42.4707 -76.5362 196.184 -381.295
PRESSAVG: 30000 39.7762 13.6718 12.4067 15.4958 41.5485 5.45996 11.4012 3.50812 15.4768
GPRESSAVG: 30000 39.7513 13.914 12.4889 15.5478 41.5221 5.8343 11.3461 3.51584 15.5752
TIMING: 30000  CPU: 2183.24, 0.0724532/step  Wall: 2183.24, 0.0724532/step, 1.40881 hours remaining, 203.625000 MB of memory in use.
ENERGY:   30000       439.7634      1018.2774       627.3475        63.5109         -87767.5440      7295.8800         0.7215         0.0000     14974.7058         -63347.3375       305.7913    -78322.0433    -63314.4886       309.5004           -173.9506      -147.0168    238499.3195        32.2672        32.2829

WRITING EXTENDED SYSTEM TO RESTART FILE AT STEP 30000
WRITING COORDINATES TO DCD FILE AT STEP 30000
WRITING COORDINATES TO RESTART FILE AT STEP 30000
FINISHED WRITING RESTART COORDINATES
WRITING VELOCITIES TO RESTART FILE AT STEP 30000
FINISHED WRITING RESTART VELOCITIES
LDB: ============= START OF LOAD BALANCING ============== 2195.94
LDB: ============== END OF LOAD BALANCING =============== 2195.94

LDB: ============= START OF LOAD BALANCING ============== 2199.58
LDB: TIME 2199.59 LOAD: AVG 3.47202 MAX 3.6381  PROXIES: TOTAL 95 MAXPE 14 MAXPATCH 5 None 0.574593
LDB: TIME 2199.59 LOAD: AVG 3.47202 MAX 3.6381  PROXIES: TOTAL 95 MAXPE 14 MAXPATCH 5 RefineTorusLB 0.574593
LDB: ============== END OF LOAD BALANCING =============== 2199.59

LDB: ============= START OF LOAD BALANCING ============== 2340.88
LDB: ============== END OF LOAD BALANCING =============== 2340.88

LDB: ============= START OF LOAD BALANCING ============== 2344.52
LDB: TIME 2344.52 LOAD: AVG 3.4724 MAX 3.63228  PROXIES: TOTAL 95 MAXPE 14 MAXPATCH 5 None 0.576047
LDB: TIME 2344.52 LOAD: AVG 3.4724 MAX 3.63228  PROXIES: TOTAL 95 MAXPE 14 MAXPATCH 5 RefineTorusLB 0.576047
LDB: ============== END OF LOAD BALANCING =============== 2344.52

LDB: ============= START OF LOAD BALANCING ============== 2486.05
LDB: ============== END OF LOAD BALANCING =============== 2486.05

LDB: ============= START OF LOAD BALANCING ============== 2489.66
LDB: TIME 2489.66 LOAD: AVG 3.47507 MAX 3.60793  PROXIES: TOTAL 95 MAXPE 14 MAXPATCH 5 None 0.576657
LDB: TIME 2489.66 LOAD: AVG 3.47507 MAX 3.60793  PROXIES: TOTAL 95 MAXPE 14 MAXPATCH 5 RefineTorusLB 0.576657
LDB: ============== END OF LOAD BALANCING =============== 2489.66

PRESSURE: 35000 337.604 64.9336 83.6061 66.7289 21.6685 111.706 82.667 111.513 562.115
GPRESSURE: 35000 393.335 -25.5533 62.2031 149.319 30.3742 63.1055 29.4419 116.042 550.942
PRESSAVG: 35000 9.00665 -3.29976 -13.6643 -0.925584 54.0868 -1.16305 -14.7263 -2.31236 29.9631
GPRESSAVG: 35000 9.15998 -3.19933 -13.6322 -0.971431 53.9869 -0.786059 -14.7596 -2.29281 29.9118
TIMING: 35000  CPU: 2545.84, 0.0725206/step  Wall: 2545.84, 0.0725206/step, 1.3094 hours remaining, 203.625000 MB of memory in use.
ENERGY:   35000       375.0743      1033.6100       640.9616        71.2616         -87633.6526      7313.4806         0.5801         0.0000     15101.3090         -63097.3753       308.3766    -78198.6843    -63046.7093       309.6469            307.1293       324.8840    238499.3195        31.0189        31.0196

WRITING EXTENDED SYSTEM TO RESTART FILE AT STEP 35000
WRITING COORDINATES TO DCD FILE AT STEP 35000
WRITING COORDINATES TO RESTART FILE AT STEP 35000
FINISHED WRITING RESTART COORDINATES
WRITING VELOCITIES TO RESTART FILE AT STEP 35000
FINISHED WRITING RESTART VELOCITIES
LDB: ============= START OF LOAD BALANCING ============== 2630.69
LDB: ============== END OF LOAD BALANCING =============== 2630.69

LDB: ============= START OF LOAD BALANCING ============== 2634.32
LDB: TIME 2634.32 LOAD: AVG 3.47398 MAX 3.61707  PROXIES: TOTAL 95 MAXPE 14 MAXPATCH 5 None 0.574381
LDB: TIME 2634.32 LOAD: AVG 3.47398 MAX 3.61707  PROXIES: TOTAL 95 MAXPE 14 MAXPATCH 5 RefineTorusLB 0.574381
LDB: ============== END OF LOAD BALANCING =============== 2634.32

LDB: ============= START OF LOAD BALANCING ============== 2775.67
LDB: ============== END OF LOAD BALANCING =============== 2775.77

LDB: ============= START OF LOAD BALANCING ============== 2779.54
LDB: TIME 2779.6 LOAD: AVG 3.49763 MAX 3.66275  PROXIES: TOTAL 95 MAXPE 14 MAXPATCH 5 None 0.582305
LDB: TIME 2779.6 LOAD: AVG 3.49763 MAX 3.66275  PROXIES: TOTAL 95 MAXPE 14 MAXPATCH 5 RefineTorusLB 0.582305
LDB: ============== END OF LOAD BALANCING =============== 2779.61

PRESSURE: 40000 -42.1183 -64.7474 -34.3536 -62.4399 70.5599 -465.667 -34.045 -464.502 66.0571
GPRESSURE: 40000 -87.0183 -30.4178 -44.2004 -20.8451 167.859 -428.531 20.5466 -545.424 110.285
PRESSAVG: 40000 7.40934 -10.6562 -0.821835 -8.84348 87.7281 -2.22989 -0.617284 -1.45252 78.2819
GPRESSAVG: 40000 7.56191 -10.7987 -1.08412 -8.9883 87.6404 -2.38885 -0.419533 -1.33722 78.4812
TIMING: 40000  CPU: 2911, 0.0730322/step  Wall: 2911, 0.0730322/step, 1.2172 hours remaining, 203.800781 MB of memory in use.
ENERGY:   40000       427.6884      1030.5170       633.9255        67.9676         -87658.6362      7239.7137         1.0950         0.0000     15050.6099         -63207.1191       307.3413    -78257.7290    -63155.9109       309.9638             31.4996        63.7086    238499.3195        57.8065        57.8945

WRITING EXTENDED SYSTEM TO RESTART FILE AT STEP 40000
WRITING COORDINATES TO DCD FILE AT STEP 40000
WRITING COORDINATES TO RESTART FILE AT STEP 40000
FINISHED WRITING RESTART COORDINATES
WRITING VELOCITIES TO RESTART FILE AT STEP 40000
FINISHED WRITING RESTART VELOCITIES
LDB: ============= START OF LOAD BALANCING ============== 2924.11
LDB: ============== END OF LOAD BALANCING =============== 2924.11

LDB: ============= START OF LOAD BALANCING ============== 2927.85
LDB: TIME 2927.85 LOAD: AVG 3.513 MAX 3.74356  PROXIES: TOTAL 95 MAXPE 14 MAXPATCH 5 None 0.587542
LDB: TIME 2927.86 LOAD: AVG 3.513 MAX 3.68227  PROXIES: TOTAL 95 MAXPE 14 MAXPATCH 5 RefineTorusLB 0.587542
LDB: ============== END OF LOAD BALANCING =============== 2927.86

LDB: ============= START OF LOAD BALANCING ============== 3071.37
LDB: ============== END OF LOAD BALANCING =============== 3071.48

LDB: ============= START OF LOAD BALANCING ============== 3075.33
LDB: TIME 3075.36 LOAD: AVG 3.51248 MAX 3.63744  PROXIES: TOTAL 95 MAXPE 14 MAXPATCH 5 None 0.589156
LDB: TIME 3075.36 LOAD: AVG 3.51248 MAX 3.63744  PROXIES: TOTAL 95 MAXPE 14 MAXPATCH 5 RefineTorusLB 0.589156
LDB: ============== END OF LOAD BALANCING =============== 3075.37

LDB: ============= START OF LOAD BALANCING ============== 3217.79
LDB: ============== END OF LOAD BALANCING =============== 3217.9

LDB: ============= START OF LOAD BALANCING ============== 3221.86
LDB: TIME 3221.93 LOAD: AVG 3.51647 MAX 3.68852  PROXIES: TOTAL 95 MAXPE 14 MAXPATCH 5 None 0.591283
LDB: TIME 3221.93 LOAD: AVG 3.51647 MAX 3.68852  PROXIES: TOTAL 95 MAXPE 14 MAXPATCH 5 RefineTorusLB 0.591283
LDB: ============== END OF LOAD BALANCING =============== 3221.93

PRESSURE: 45000 -89.424 23.4473 -47.5341 23.0005 -505.309 -168.092 -48.5892 -168.024 -87.8115
GPRESSURE: 45000 -97.5541 -1.71955 -111.308 33.1199 -423.076 -75.6398 -13.1856 -229.099 -37.7313
PRESSAVG: 45000 49.5231 -1.43104 -1.95071 -0.393608 47.2241 -14.5651 -2.02429 -14.036 54.4454
GPRESSAVG: 45000 49.3885 -1.4904 -1.72013 -0.508895 47.2155 -14.4519 -1.91714 -14.0457 54.3755
TIMING: 45000  CPU: 3279.28, 0.073656/step  Wall: 3279.28, 0.073656/step, 1.1253 hours remaining, 203.843750 MB of memory in use.
ENERGY:   45000       428.9479      1076.2848       620.3411        67.3078         -88034.8697      7264.3142         0.5802         0.0000     15112.0720         -63465.0216       308.5964    -78577.0936    -63419.4691       309.2887           -227.5148      -186.1203    238499.3195        50.3975        50.3265

WRITING EXTENDED SYSTEM TO RESTART FILE AT STEP 45000
WRITING COORDINATES TO DCD FILE AT STEP 45000
WRITING COORDINATES TO RESTART FILE AT STEP 45000
FINISHED WRITING RESTART COORDINATES
WRITING VELOCITIES TO RESTART FILE AT STEP 45000
FINISHED WRITING RESTART VELOCITIES
LDB: ============= START OF LOAD BALANCING ============== 3365.78
LDB: ============== END OF LOAD BALANCING =============== 3366.12

LDB: ============= START OF LOAD BALANCING ============== 3370.41
LDB: TIME 3370.41 LOAD: AVG 3.51947 MAX 3.65755  PROXIES: TOTAL 95 MAXPE 14 MAXPATCH 5 None 0.592301
LDB: TIME 3370.41 LOAD: AVG 3.51947 MAX 3.65755  PROXIES: TOTAL 95 MAXPE 14 MAXPATCH 5 RefineTorusLB 0.592301
LDB: ============== END OF LOAD BALANCING =============== 3370.41

LDB: ============= START OF LOAD BALANCING ============== 3514.22
LDB: ============== END OF LOAD BALANCING =============== 3514.37

LDB: ============= START OF LOAD BALANCING ============== 3518.37
LDB: TIME 3518.42 LOAD: AVG 3.52695 MAX 3.65632  PROXIES: TOTAL 95 MAXPE 14 MAXPATCH 5 None 0.593782
LDB: TIME 3518.42 LOAD: AVG 3.52695 MAX 3.65632  PROXIES: TOTAL 95 MAXPE 14 MAXPATCH 5 RefineTorusLB 0.593782
LDB: ============== END OF LOAD BALANCING =============== 3518.42

PRESSURE: 50000 140.609 214.256 376.334 214.423 -234.045 -6.76214 376.683 -5.03971 71.0634
GPRESSURE: 50000 202.608 276.493 378.505 133.244 -256.004 71.7592 358.336 -19.2566 121.893
PRESSAVG: 50000 100.205 -5.77836 -1.41496 -5.88646 29.3719 -4.35481 -2.20585 -3.89059 69.1872
GPRESSAVG: 50000 100.063 -5.80395 -1.58354 -5.78329 29.3824 -4.72204 -2.4678 -3.61072 69.0928
TIMING: 50000  CPU: 3648.38, 0.0738192/step  Wall: 3648.38, 0.0738192/step, 1.02527 hours remaining, 204.171875 MB of memory in use.
ETITLE:      TS           BOND          ANGLE          DIHED          IMPRP               ELECT            VDW       BOUNDARY           MISC        KINETIC               TOTAL           TEMP      POTENTIAL         TOTAL3        TEMPAVG            PRESSURE      GPRESSURE         VOLUME       PRESSAVG      GPRESSAVG

ENERGY:   50000       393.9240      1033.4856       635.6586        67.9919         -87790.8807      7173.8838         0.5129         0.0000     15221.4735         -63263.9505       310.8304    -78485.4240    -63227.4797       309.1658             -7.4573        22.8323    238499.3195        66.2548        66.1795

WRITING EXTENDED SYSTEM TO RESTART FILE AT STEP 50000
WRITING COORDINATES TO DCD FILE AT STEP 50000
WRITING COORDINATES TO RESTART FILE AT STEP 50000
FINISHED WRITING RESTART COORDINATES
WRITING VELOCITIES TO RESTART FILE AT STEP 50000
FINISHED WRITING RESTART VELOCITIES
LDB: ============= START OF LOAD BALANCING ============== 3661.14
LDB: ============== END OF LOAD BALANCING =============== 3661.28

LDB: ============= START OF LOAD BALANCING ============== 3665.41
LDB: TIME 3665.49 LOAD: AVG 3.52736 MAX 3.62942  PROXIES: TOTAL 95 MAXPE 14 MAXPATCH 5 None 0.601972
LDB: TIME 3665.49 LOAD: AVG 3.52736 MAX 3.62942  PROXIES: TOTAL 95 MAXPE 14 MAXPATCH 5 RefineTorusLB 0.601972
LDB: ============== END OF LOAD BALANCING =============== 3665.49

LDB: ============= START OF LOAD BALANCING ============== 3807.92
LDB: ============== END OF LOAD BALANCING =============== 3808.03

LDB: ============= START OF LOAD BALANCING ============== 3811.76
LDB: TIME 3811.79 LOAD: AVG 3.5023 MAX 3.62253  PROXIES: TOTAL 95 MAXPE 14 MAXPATCH 5 None 0.585558
LDB: TIME 3811.79 LOAD: AVG 3.5023 MAX 3.62253  PROXIES: TOTAL 95 MAXPE 14 MAXPATCH 5 RefineTorusLB 0.585558
LDB: ============== END OF LOAD BALANCING =============== 3811.79

LDB: ============= START OF LOAD BALANCING ============== 3954.03
LDB: ============== END OF LOAD BALANCING =============== 3954.16

LDB: ============= START OF LOAD BALANCING ============== 3958.1
LDB: TIME 3958.1 LOAD: AVG 3.51382 MAX 3.62305  PROXIES: TOTAL 95 MAXPE 14 MAXPATCH 5 None 0.587983
LDB: TIME 3958.11 LOAD: AVG 3.51382 MAX 3.62305  PROXIES: TOTAL 95 MAXPE 14 MAXPATCH 5 RefineTorusLB 0.587983
LDB: ============== END OF LOAD BALANCING =============== 3958.11

PRESSURE: 55000 96.4397 59.1396 -39.1362 60.2766 -79.4921 -217.336 -37.8386 -216.381 147.701
GPRESSURE: 55000 117.398 -73.0923 -30.4655 88.9894 -66.1029 -159.959 10.93 -148.991 196.171
PRESSAVG: 55000 39.8949 5.89843 -2.38086 6.37097 40.727 -1.58963 -1.73809 -0.0999292 68.2694
GPRESSAVG: 55000 39.93 5.97968 -2.38214 6.39006 40.634 -1.28805 -1.77826 -0.304243 68.199
TIMING: 55000  CPU: 4014.92, 0.0733077/step  Wall: 4014.92, 0.0733077/step, 0.916346 hours remaining, 205.042969 MB of memory in use.
ENERGY:   55000       391.7022      1054.5600       642.9608        56.8064         -87502.3816      7108.2126         0.5684         0.0000     15178.9390         -63068.6322       309.9618    -78247.5713    -63025.4111       308.9529             54.8829        82.4886    238499.3195        49.6304        49.5877

WRITING EXTENDED SYSTEM TO RESTART FILE AT STEP 55000
WRITING COORDINATES TO DCD FILE AT STEP 55000
WRITING COORDINATES TO RESTART FILE AT STEP 55000
FINISHED WRITING RESTART COORDINATES
WRITING VELOCITIES TO RESTART FILE AT STEP 55000
FINISHED WRITING RESTART VELOCITIES
LDB: ============= START OF LOAD BALANCING ============== 4101.23
LDB: ============== END OF LOAD BALANCING =============== 4101.34

LDB: ============= START OF LOAD BALANCING ============== 4105.1
LDB: TIME 4105.15 LOAD: AVG 3.52536 MAX 3.65382  PROXIES: TOTAL 95 MAXPE 14 MAXPATCH 5 None 0.5966
LDB: TIME 4105.15 LOAD: AVG 3.52536 MAX 3.65382  PROXIES: TOTAL 95 MAXPE 14 MAXPATCH 5 RefineTorusLB 0.5966
LDB: ============== END OF LOAD BALANCING =============== 4105.15

LDB: ============= START OF LOAD BALANCING ============== 4248.82
LDB: ============== END OF LOAD BALANCING =============== 4248.96

LDB: ============= START OF LOAD BALANCING ============== 4253.04
LDB: TIME 4253.08 LOAD: AVG 3.51787 MAX 3.68092  PROXIES: TOTAL 95 MAXPE 14 MAXPATCH 5 None 0.589317
LDB: TIME 4253.08 LOAD: AVG 3.51787 MAX 3.68092  PROXIES: TOTAL 95 MAXPE 14 MAXPATCH 5 RefineTorusLB 0.589317
LDB: ============== END OF LOAD BALANCING =============== 4253.09

PRESSURE: 60000 -8.61122 -42.9503 -7.44095 -41.3742 -160.052 209.819 -6.94758 210.867 122.413
GPRESSURE: 60000 60.464 -24.4653 24.0823 -44.6117 -135.602 109.359 47.7127 142.01 141.09
PRESSAVG: 60000 32.1268 -5.84665 12.0821 -4.92918 37.5746 -9.98376 12.4314 -9.415 34.5831
GPRESSAVG: 60000 32.1911 -5.87097 12.0791 -4.82481 37.3225 -10.0279 12.5686 -9.12219 34.5226
TIMING: 60000  CPU: 4384.61, 0.0739374/step  Wall: 4384.61, 0.0739374/step, 0.821527 hours remaining, 205.488281 MB of memory in use.
ENERGY:   60000       366.1811      1045.7818       632.7759        67.8289         -87692.8205      7126.5120         0.5929         0.0000     15163.1599         -63289.9878       309.6396    -78453.1478    -63249.0172       309.3155            -15.4167        21.9843    238499.3195        34.7615        34.6787

WRITING EXTENDED SYSTEM TO RESTART FILE AT STEP 60000
WRITING COORDINATES TO DCD FILE AT STEP 60000
WRITING COORDINATES TO RESTART FILE AT STEP 60000
FINISHED WRITING RESTART COORDINATES
WRITING VELOCITIES TO RESTART FILE AT STEP 60000
FINISHED WRITING RESTART VELOCITIES
LDB: ============= START OF LOAD BALANCING ============== 4397.37
LDB: ============== END OF LOAD BALANCING =============== 4397.48

LDB: ============= START OF LOAD BALANCING ============== 4401.34
LDB: TIME 4401.35 LOAD: AVG 3.51959 MAX 3.66756  PROXIES: TOTAL 95 MAXPE 14 MAXPATCH 5 None 0.593839
LDB: TIME 4401.35 LOAD: AVG 3.51959 MAX 3.66756  PROXIES: TOTAL 95 MAXPE 14 MAXPATCH 5 RefineTorusLB 0.593839
LDB: ============== END OF LOAD BALANCING =============== 4401.35

LDB: ============= START OF LOAD BALANCING ============== 4544.06
LDB: ============== END OF LOAD BALANCING =============== 4544.17

LDB: ============= START OF LOAD BALANCING ============== 4547.94
LDB: TIME 4547.97 LOAD: AVG 3.52668 MAX 3.63434  PROXIES: TOTAL 95 MAXPE 14 MAXPATCH 5 None 0.589438
LDB: TIME 4547.97 LOAD: AVG 3.52668 MAX 3.63434  PROXIES: TOTAL 95 MAXPE 14 MAXPATCH 5 RefineTorusLB 0.589438
LDB: ============== END OF LOAD BALANCING =============== 4547.97

LDB: ============= START OF LOAD BALANCING ============== 4690.51
LDB: ============== END OF LOAD BALANCING =============== 4690.64

LDB: ============= START OF LOAD BALANCING ============== 4694.6
LDB: TIME 4694.61 LOAD: AVG 3.51341 MAX 3.63973  PROXIES: TOTAL 95 MAXPE 14 MAXPATCH 5 None 0.588673
LDB: TIME 4694.61 LOAD: AVG 3.51341 MAX 3.63973  PROXIES: TOTAL 95 MAXPE 14 MAXPATCH 5 RefineTorusLB 0.588673
LDB: ============== END OF LOAD BALANCING =============== 4694.61

PRESSURE: 65000 -431.917 42.0323 209.923 43.1611 32.7314 -138.159 210.043 -138.77 15.94
GPRESSURE: 65000 -405.6 52.2552 188.828 9.7163 69.6771 -77.4336 225.839 -216.351 71.3035
PRESSAVG: 65000 19.0136 31.9566 -11.4428 33.6917 59.4252 -1.70849 -11.0632 -1.11474 70.4516
GPRESSAVG: 65000 19.2555 32.2244 -11.2575 33.733 59.3102 -1.20879 -11.0175 -1.28457 70.3642
TIMING: 65000  CPU: 4751.35, 0.0733493/step  Wall: 4751.35, 0.0733493/step, 0.713119 hours remaining, 205.851562 MB of memory in use.
ENERGY:   65000       405.3881      1037.5843       644.4561        68.1541         -87600.6863      7117.8214         0.3442         0.0000     15189.6525         -63137.2856       310.1806    -78326.9381    -63089.8740       309.2752           -127.7484       -88.2064    238499.3195        49.6301        49.6433

WRITING EXTENDED SYSTEM TO RESTART FILE AT STEP 65000
WRITING COORDINATES TO DCD FILE AT STEP 65000
WRITING COORDINATES TO RESTART FILE AT STEP 65000
FINISHED WRITING RESTART COORDINATES
WRITING VELOCITIES TO RESTART FILE AT STEP 65000
FINISHED WRITING RESTART VELOCITIES
LDB: ============= START OF LOAD BALANCING ============== 4836.49
LDB: ============== END OF LOAD BALANCING =============== 4836.59

LDB: ============= START OF LOAD BALANCING ============== 4840.35
LDB: TIME 4840.36 LOAD: AVG 3.48136 MAX 3.66031  PROXIES: TOTAL 95 MAXPE 14 MAXPATCH 5 None 0.578481
LDB: TIME 4840.36 LOAD: AVG 3.48136 MAX 3.64683  PROXIES: TOTAL 95 MAXPE 14 MAXPATCH 5 RefineTorusLB 0.578481
LDB: ============== END OF LOAD BALANCING =============== 4840.36

LDB: ============= START OF LOAD BALANCING ============== 4981.97
LDB: ============== END OF LOAD BALANCING =============== 4982.08

LDB: ============= START OF LOAD BALANCING ============== 4985.82
LDB: TIME 4985.85 LOAD: AVG 3.48845 MAX 3.64104  PROXIES: TOTAL 95 MAXPE 14 MAXPATCH 5 None 0.582689
LDB: TIME 4985.85 LOAD: AVG 3.48845 MAX 3.64104  PROXIES: TOTAL 95 MAXPE 14 MAXPATCH 5 RefineTorusLB 0.582689
LDB: ============== END OF LOAD BALANCING =============== 4985.85

PRESSURE: 70000 40.0836 -117.747 76.0112 -115.468 37.8843 -195.503 76.1232 -195.842 -27.5393
GPRESSURE: 70000 86.3731 -288.661 153.428 -2.33162 123.767 -202.265 49.7481 -45.7679 -62.3145
PRESSAVG: 70000 53.0778 30.3905 4.88303 32.0358 55.6493 -8.28269 5.00341 -8.39027 31.2522
GPRESSAVG: 70000 53.0618 30.3132 4.79683 32.0504 55.5198 -8.66953 5.00646 -8.46312 31.1545
TIMING: 70000  CPU: 5115.17, 0.0727637/step  Wall: 5115.17, 0.0727637/step, 0.606364 hours remaining, 206.238281 MB of memory in use.
ENERGY:   70000       414.0189      1062.8164       624.6508        64.5864         -87452.8304      7163.9278         0.6166         0.0000     15256.3030         -62865.9104       311.5417    -78122.2134    -62814.9698       309.7709             16.8095        49.2751    238499.3195        46.6598        46.5787

WRITING EXTENDED SYSTEM TO RESTART FILE AT STEP 70000
WRITING COORDINATES TO DCD FILE AT STEP 70000
WRITING COORDINATES TO RESTART FILE AT STEP 70000
FINISHED WRITING RESTART COORDINATES
WRITING VELOCITIES TO RESTART FILE AT STEP 70000
FINISHED WRITING RESTART VELOCITIES
LDB: ============= START OF LOAD BALANCING ============== 5127.97
LDB: ============== END OF LOAD BALANCING =============== 5128.08

LDB: ============= START OF LOAD BALANCING ============== 5131.81
LDB: TIME 5131.81 LOAD: AVG 3.48512 MAX 3.64305  PROXIES: TOTAL 95 MAXPE 14 MAXPATCH 5 None 0.575695
LDB: TIME 5131.81 LOAD: AVG 3.48512 MAX 3.64305  PROXIES: TOTAL 95 MAXPE 14 MAXPATCH 5 RefineTorusLB 0.575695
LDB: ============== END OF LOAD BALANCING =============== 5131.81

LDB: ============= START OF LOAD BALANCING ============== 5274.16
LDB: ============== END OF LOAD BALANCING =============== 5274.27

LDB: ============= START OF LOAD BALANCING ============== 5278.31
LDB: TIME 5278.31 LOAD: AVG 3.47817 MAX 3.62564  PROXIES: TOTAL 95 MAXPE 14 MAXPATCH 5 None 0.575517
LDB: TIME 5278.31 LOAD: AVG 3.47817 MAX 3.62564  PROXIES: TOTAL 95 MAXPE 14 MAXPATCH 5 RefineTorusLB 0.575517
LDB: ============== END OF LOAD BALANCING =============== 5278.31

LDB: ============= START OF LOAD BALANCING ============== 5420
LDB: ============== END OF LOAD BALANCING =============== 5420.15

LDB: ============= START OF LOAD BALANCING ============== 5424.44
LDB: TIME 5424.46 LOAD: AVG 3.51029 MAX 3.59824  PROXIES: TOTAL 95 MAXPE 14 MAXPATCH 5 None 0.600808
LDB: TIME 5424.46 LOAD: AVG 3.51029 MAX 3.59824  PROXIES: TOTAL 95 MAXPE 14 MAXPATCH 5 RefineTorusLB 0.600808
LDB: ============== END OF LOAD BALANCING =============== 5424.46

PRESSURE: 75000 296.089 200.745 -229.126 203.722 -136.099 -131.518 -228.198 -129.766 94.3141
GPRESSURE: 75000 319.275 31.6838 -208.747 211.308 -48.2296 -110.16 -270.179 -123.261 96.4523
PRESSAVG: 75000 50.7771 8.82016 -16.2896 11.5626 82.9931 4.24019 -15.9 4.88411 55.987
GPRESSAVG: 75000 51.0827 8.74498 -16.0816 11.3862 82.9614 4.37279 -15.9775 4.62465 55.9997
TIMING: 75000  CPU: 5481.07, 0.0731789/step  Wall: 5481.07, 0.0731789/step, 0.508187 hours remaining, 206.281250 MB of memory in use.
ENERGY:   75000       396.2036      1039.8670       608.4886        71.9764         -88104.4077      7375.4953         0.7995         0.0000     15200.9264         -63410.6510       310.4108    -78611.5774    -63355.4420       309.6373             84.7679       122.4993    238499.3195        63.2524        63.3479

WRITING EXTENDED SYSTEM TO RESTART FILE AT STEP 75000
WRITING COORDINATES TO DCD FILE AT STEP 75000
WRITING COORDINATES TO RESTART FILE AT STEP 75000
FINISHED WRITING RESTART COORDINATES
WRITING VELOCITIES TO RESTART FILE AT STEP 75000
FINISHED WRITING RESTART VELOCITIES
LDB: ============= START OF LOAD BALANCING ============== 5566.18
LDB: ============== END OF LOAD BALANCING =============== 5566.33

LDB: ============= START OF LOAD BALANCING ============== 5570.39
LDB: TIME 5570.43 LOAD: AVG 3.48098 MAX 3.62263  PROXIES: TOTAL 95 MAXPE 14 MAXPATCH 5 None 0.579123
LDB: TIME 5570.43 LOAD: AVG 3.48098 MAX 3.62263  PROXIES: TOTAL 95 MAXPE 14 MAXPATCH 5 RefineTorusLB 0.579123
LDB: ============== END OF LOAD BALANCING =============== 5570.43

LDB: ============= START OF LOAD BALANCING ============== 5713.13
LDB: ============== END OF LOAD BALANCING =============== 5713.92

LDB: ============= START OF LOAD BALANCING ============== 5718.15
LDB: TIME 5718.16 LOAD: AVG 3.47958 MAX 3.63386  PROXIES: TOTAL 95 MAXPE 14 MAXPATCH 5 None 0.58223
LDB: TIME 5718.16 LOAD: AVG 3.47958 MAX 3.63386  PROXIES: TOTAL 95 MAXPE 14 MAXPATCH 5 RefineTorusLB 0.58223
LDB: ============== END OF LOAD BALANCING =============== 5718.16

PRESSURE: 80000 198.498 -26.3782 -96.5199 -24.8759 103.154 199.607 -96.2326 201.705 358.056
GPRESSURE: 80000 251.412 48.1051 -184.405 -28.7497 158.596 60.1682 -143.504 212.139 350.708
PRESSAVG: 80000 42.9236 6.06408 -24.0742 8.21922 2.27843 -12.5825 -22.8529 -10.6799 -24.6253
GPRESSAVG: 80000 43.0505 6.35858 -24.2044 8.24689 2.42431 -12.5895 -22.8238 -10.14 -24.7441
TIMING: 80000  CPU: 5847.4, 0.0732678/step  Wall: 5847.4, 0.0732678/step, 0.407044 hours remaining, 206.281250 MB of memory in use.
ENERGY:   80000       416.2856      1016.2693       623.3419        68.5912         -87923.2322      7361.9257         0.6170         0.0000     15186.2102         -63249.9914       310.1103    -78436.2016    -63207.1577       308.7729            219.9025       253.5721    238499.3195         6.8589         6.9103

WRITING EXTENDED SYSTEM TO RESTART FILE AT STEP 80000
WRITING COORDINATES TO DCD FILE AT STEP 80000
WRITING COORDINATES TO RESTART FILE AT STEP 80000
FINISHED WRITING RESTART COORDINATES
WRITING VELOCITIES TO RESTART FILE AT STEP 80000
FINISHED WRITING RESTART VELOCITIES
LDB: ============= START OF LOAD BALANCING ============== 5860.34
LDB: ============== END OF LOAD BALANCING =============== 5860.51

LDB: ============= START OF LOAD BALANCING ============== 5864.61
LDB: TIME 5864.61 LOAD: AVG 3.4836 MAX 3.6576  PROXIES: TOTAL 95 MAXPE 14 MAXPATCH 5 None 0.575209
LDB: TIME 5864.61 LOAD: AVG 3.4836 MAX 3.6576  PROXIES: TOTAL 95 MAXPE 14 MAXPATCH 5 RefineTorusLB 0.575209
LDB: ============== END OF LOAD BALANCING =============== 5864.61

LDB: ============= START OF LOAD BALANCING ============== 6006.66
LDB: ============== END OF LOAD BALANCING =============== 6006.86

LDB: ============= START OF LOAD BALANCING ============== 6010.76
LDB: TIME 6010.79 LOAD: AVG 3.49861 MAX 3.6483  PROXIES: TOTAL 95 MAXPE 14 MAXPATCH 5 None 0.577052
LDB: TIME 6010.79 LOAD: AVG 3.49861 MAX 3.6483  PROXIES: TOTAL 95 MAXPE 14 MAXPATCH 5 RefineTorusLB 0.577052
LDB: ============== END OF LOAD BALANCING =============== 6010.79

LDB: ============= START OF LOAD BALANCING ============== 6152.11
LDB: ============== END OF LOAD BALANCING =============== 6152.22

LDB: ============= START OF LOAD BALANCING ============== 6156.19
LDB: TIME 6156.21 LOAD: AVG 3.48534 MAX 3.58782  PROXIES: TOTAL 95 MAXPE 14 MAXPATCH 5 None 0.576388
LDB: TIME 6156.21 LOAD: AVG 3.48534 MAX 3.58782  PROXIES: TOTAL 95 MAXPE 14 MAXPATCH 5 RefineTorusLB 0.576388
LDB: ============== END OF LOAD BALANCING =============== 6156.21

PRESSURE: 85000 -66.9771 -185.265 -180.984 -183.569 -169.564 -232.714 -180.617 -231.03 -53.5562
GPRESSURE: 85000 55.3218 -171.646 -216.212 -255.073 -265.517 -229.046 -269.417 -235.869 -33.8719
PRESSAVG: 85000 10.0526 12.88 20.4518 14.9324 25.052 -19.2715 20.9877 -17.291 13.9385
GPRESSAVG: 85000 10.2253 12.647 20.7842 14.898 24.8629 -19.0199 21.034 -17.3472 14.092
TIMING: 85000  CPU: 6212.26, 0.0729713/step  Wall: 6212.26, 0.0729713/step, 0.304047 hours remaining, 206.281250 MB of memory in use.
ENERGY:   85000       384.4474      1049.3494       631.8244        62.6028         -87664.8650      7142.4478         0.5037         0.0000     15323.1893         -63070.5003       312.9075    -78393.6896    -63022.7713       309.0651            -96.6991       -81.3556    238499.3195        16.3477        16.3934

WRITING EXTENDED SYSTEM TO RESTART FILE AT STEP 85000
WRITING COORDINATES TO DCD FILE AT STEP 85000
WRITING COORDINATES TO RESTART FILE AT STEP 85000
FINISHED WRITING RESTART COORDINATES
WRITING VELOCITIES TO RESTART FILE AT STEP 85000
FINISHED WRITING RESTART VELOCITIES
LDB: ============= START OF LOAD BALANCING ============== 6297.01
LDB: ============== END OF LOAD BALANCING =============== 6297.11

LDB: ============= START OF LOAD BALANCING ============== 6300.83
LDB: TIME 6300.83 LOAD: AVG 3.48458 MAX 3.6183  PROXIES: TOTAL 95 MAXPE 14 MAXPATCH 5 None 0.573569
LDB: TIME 6300.83 LOAD: AVG 3.48458 MAX 3.6183  PROXIES: TOTAL 95 MAXPE 14 MAXPATCH 5 RefineTorusLB 0.573569
LDB: ============== END OF LOAD BALANCING =============== 6300.83

LDB: ============= START OF LOAD BALANCING ============== 6442.45
LDB: ============== END OF LOAD BALANCING =============== 6442.56

LDB: ============= START OF LOAD BALANCING ============== 6446.38
LDB: TIME 6446.38 LOAD: AVG 3.52217 MAX 3.63768  PROXIES: TOTAL 95 MAXPE 14 MAXPATCH 5 None 0.585941
LDB: TIME 6446.38 LOAD: AVG 3.52217 MAX 3.63768  PROXIES: TOTAL 95 MAXPE 14 MAXPATCH 5 RefineTorusLB 0.585941
LDB: ============== END OF LOAD BALANCING =============== 6446.38

PRESSURE: 90000 -244.424 117.812 -21.0966 119.729 630.01 141.381 -21.2644 144.425 -156.236
GPRESSURE: 90000 -279.451 -77.1738 -76.9342 235.609 685.302 179.752 -55.5615 61.0467 -100.246
PRESSAVG: 90000 63.9499 6.07165 16.4042 7.58154 57.8759 18.6155 16.3031 20.2136 89.2813
GPRESSAVG: 90000 63.9481 5.94354 16.5395 7.63391 58.0812 18.3986 16.4408 20.1601 89.3923
TIMING: 90000  CPU: 6575.22, 0.0725921/step  Wall: 6575.22, 0.0725921/step, 0.201645 hours remaining, 206.457031 MB of memory in use.
ENERGY:   90000       427.3835      1017.7220       648.8256        66.8129         -87998.0665      7324.3608         0.8615         0.0000     15174.5608         -63337.5393       309.8724    -78512.1001    -63292.3122       309.5555             76.4500       101.8687    238499.3195        70.3690        70.4739

WRITING EXTENDED SYSTEM TO RESTART FILE AT STEP 90000
WRITING COORDINATES TO DCD FILE AT STEP 90000
WRITING COORDINATES TO RESTART FILE AT STEP 90000
FINISHED WRITING RESTART COORDINATES
WRITING VELOCITIES TO RESTART FILE AT STEP 90000
FINISHED WRITING RESTART VELOCITIES
LDB: ============= START OF LOAD BALANCING ============== 6588.07
LDB: ============== END OF LOAD BALANCING =============== 6588.07

LDB: ============= START OF LOAD BALANCING ============== 6591.73
LDB: TIME 6591.73 LOAD: AVG 3.50519 MAX 3.60311  PROXIES: TOTAL 95 MAXPE 14 MAXPATCH 5 None 0.584433
LDB: TIME 6591.73 LOAD: AVG 3.50519 MAX 3.60311  PROXIES: TOTAL 95 MAXPE 14 MAXPATCH 5 RefineTorusLB 0.584433
LDB: ============== END OF LOAD BALANCING =============== 6591.73

LDB: ============= START OF LOAD BALANCING ============== 6733.88
LDB: ============== END OF LOAD BALANCING =============== 6733.88

LDB: ============= START OF LOAD BALANCING ============== 6737.5
LDB: TIME 6737.5 LOAD: AVG 3.503 MAX 3.61171  PROXIES: TOTAL 95 MAXPE 14 MAXPATCH 5 None 0.584677
LDB: TIME 6737.51 LOAD: AVG 3.503 MAX 3.61171  PROXIES: TOTAL 95 MAXPE 14 MAXPATCH 5 RefineTorusLB 0.584677
LDB: ============== END OF LOAD BALANCING =============== 6737.51

LDB: ============= START OF LOAD BALANCING ============== 6879.13
LDB: ============== END OF LOAD BALANCING =============== 6879.13

LDB: ============= START OF LOAD BALANCING ============== 6882.72
LDB: TIME 6882.72 LOAD: AVG 3.49467 MAX 3.5812  PROXIES: TOTAL 95 MAXPE 14 MAXPATCH 5 None 0.585903
LDB: TIME 6882.72 LOAD: AVG 3.49467 MAX 3.5812  PROXIES: TOTAL 95 MAXPE 14 MAXPATCH 5 RefineTorusLB 0.585903
LDB: ============== END OF LOAD BALANCING =============== 6882.72

PRESSURE: 95000 -105.065 -102.929 95.1447 -100.861 -121.646 19.3758 96.3619 22.0047 299.69
GPRESSURE: 95000 -46.3094 -242.05 131.499 -50.7279 -128.726 47.9674 46.2649 2.90171 363.178
PRESSAVG: 95000 1.31255 14.6435 -2.41905 16.0823 -43.548 -7.15878 -1.85388 -4.58305 22.6938
GPRESSAVG: 95000 1.40368 14.6328 -2.25641 16.2101 -43.937 -7.0728 -1.7908 -4.62583 22.8396
TIMING: 95000  CPU: 6938.92, 0.0727394/step  Wall: 6938.92, 0.0727394/step, 0.101027 hours remaining, 206.457031 MB of memory in use.
ENERGY:   95000       413.8434      1080.8229       611.5543        64.8829         -87691.7524      7231.7342         0.6863         0.0000     15169.7810         -63118.4473       309.7748    -78288.2284    -63073.7786       309.1407             24.3262        62.7144    238499.3195        -6.5139        -6.5646

WRITING EXTENDED SYSTEM TO RESTART FILE AT STEP 95000
WRITING COORDINATES TO DCD FILE AT STEP 95000
WRITING COORDINATES TO RESTART FILE AT STEP 95000
FINISHED WRITING RESTART COORDINATES
WRITING VELOCITIES TO RESTART FILE AT STEP 95000
FINISHED WRITING RESTART VELOCITIES
LDB: ============= START OF LOAD BALANCING ============== 7024.49
LDB: ============== END OF LOAD BALANCING =============== 7024.49

LDB: ============= START OF LOAD BALANCING ============== 7028.14
LDB: TIME 7028.14 LOAD: AVG 3.50624 MAX 3.64345  PROXIES: TOTAL 95 MAXPE 14 MAXPATCH 5 None 0.587678
LDB: TIME 7028.14 LOAD: AVG 3.50624 MAX 3.64345  PROXIES: TOTAL 95 MAXPE 14 MAXPATCH 5 RefineTorusLB 0.587678
LDB: ============== END OF LOAD BALANCING =============== 7028.14

LDB: ============= START OF LOAD BALANCING ============== 7170.41
LDB: ============== END OF LOAD BALANCING =============== 7170.41

LDB: ============= START OF LOAD BALANCING ============== 7174.07
LDB: TIME 7174.07 LOAD: AVG 3.50367 MAX 3.6539  PROXIES: TOTAL 95 MAXPE 14 MAXPATCH 5 None 0.584661
LDB: TIME 7174.07 LOAD: AVG 3.50367 MAX 3.6539  PROXIES: TOTAL 95 MAXPE 14 MAXPATCH 5 RefineTorusLB 0.584661
LDB: ============== END OF LOAD BALANCING =============== 7174.07

PRESSURE: 100000 113.577 52.7887 -222.886 54.5107 192.874 -186.059 -221.665 -183.437 -103.615
GPRESSURE: 100000 143.655 -27.4344 -186.364 47.8596 249.567 -258.556 -247.97 -152.907 -71.9653
PRESSAVG: 100000 44.423 -10.0327 7.97634 -8.5018 62.6693 20.406 9.61667 24.0442 81.6518
GPRESSAVG: 100000 44.6814 -9.94109 7.75492 -8.55407 62.6225 20.6161 9.74615 23.9958 81.7126
TIMING: 100000  CPU: 7304.72, 0.0731594/step  Wall: 7304.72, 0.0731594/step, 0 hours remaining, 206.457031 MB of memory in use.
ETITLE:      TS           BOND          ANGLE          DIHED          IMPRP               ELECT            VDW       BOUNDARY           MISC        KINETIC               TOTAL           TEMP      POTENTIAL         TOTAL3        TEMPAVG            PRESSURE      GPRESSURE         VOLUME       PRESSAVG      GPRESSAVG

ENERGY:  100000       430.7077      1044.8773       610.5123        66.4997         -88005.7825      7351.4852         0.5945         0.0000     15412.0940         -63089.0118       314.7230    -78501.1058    -63053.1496       309.2366             67.6119       107.0855    238499.3195        62.9147        63.0055

WRITING EXTENDED SYSTEM TO RESTART FILE AT STEP 100000
WRITING COORDINATES TO DCD FILE AT STEP 100000
WRITING COORDINATES TO RESTART FILE AT STEP 100000
FINISHED WRITING RESTART COORDINATES
WRITING VELOCITIES TO RESTART FILE AT STEP 100000
FINISHED WRITING RESTART VELOCITIES
WRITING EXTENDED SYSTEM TO OUTPUT FILE AT STEP 100000
CLOSING EXTENDED SYSTEM TRAJECTORY FILE
WRITING COORDINATES TO OUTPUT FILE AT STEP 100000
CLOSING COORDINATE DCD FILE
WRITING VELOCITIES TO OUTPUT FILE AT STEP 100000
====================================================

WallClock: 7307.084473  CPUTime: 7307.084473  Memory: 206.457031 MB
End of program
