Charm++> Running on MPI version: 2.1 multi-thread support: 0 (max supported: -1)
Warning> Randomization of stack pointer is turned on in kernel, thread migration may not work! Run 'echo 0 > /proc/sys/kernel/randomize_va_space' as root to disable it, or try run with '+isomalloc_sync'.  
Charm++> Running on 5 unique compute nodes (8-way SMP).
Charm++> Cpu topology info:
PE to node map: 0 1 1 2 2 3 4 4 
Node to PE map:
Chip #0: 0 
Chip #1: 1 2 
Chip #2: 3 4 
Chip #3: 5 
Chip #4: 6 7 
Charm++> cpu topology info is gathered in 0.007 seconds.
Info: NAMD 2.7 for Linux-x86_64
Info: 
Info: Please visit http://www.ks.uiuc.edu/Research/namd/
Info: and send feedback or bug reports to namd@ks.uiuc.edu
Info: 
Info: Please cite Phillips et al., J. Comp. Chem. 26:1781-1802 (2005)
Info: in all publications reporting results obtained with NAMD.
Info: 
Info: Based on Charm++/Converse 60202 for mpi-linux-x86_64
Info: Built Wed Oct 20 15:01:48 EST 2010 by root on tango-m.vpac.org
Info: 1 NAMD  2.7  Linux-x86_64  8    tango091.vpac.org  mike
Info: Running on 8 processors.
Info: CPU topology information available.
Info: Charm++/Converse parallel runtime startup completed at 0.0109088 s
Info: 109.301 MB of memory in use based on /proc/self/stat
Info: Configuration file is aspirin_rs_short.conf
TCL: Suspending until startup complete.
Info: EXTENDED SYSTEM FILE   generic_restartfile.restart.xsc
Info: SIMULATION PARAMETERS:
Info: TIMESTEP               2
Info: NUMBER OF STEPS        100000
Info: STEPS PER CYCLE        10
Info: PERIODIC CELL BASIS 1  62.7573 0 0
Info: PERIODIC CELL BASIS 2  0 61.3495 0
Info: PERIODIC CELL BASIS 3  0 0 61.9458
Info: PERIODIC CELL CENTER   0 0 0
Info: WRAPPING WATERS AROUND PERIODIC BOUNDARIES ON OUTPUT.
Info: WRAPPING ALL CLUSTERS AROUND PERIODIC BOUNDARIES ON OUTPUT.
Info: LOAD BALANCER  Centralized
Info: LOAD BALANCING STRATEGY  New Load Balancers -- ASB
Info: LDB PERIOD             2000 steps
Info: FIRST LDB TIMESTEP     50
Info: LAST LDB TIMESTEP     -1
Info: LDB BACKGROUND SCALING 1
Info: HOM BACKGROUND SCALING 1
Info: PME BACKGROUND SCALING 1
Info: MAX SELF PARTITIONS    20
Info: MAX PAIR PARTITIONS    8
Info: SELF PARTITION ATOMS   154
Info: SELF2 PARTITION ATOMS   154
Info: PAIR PARTITION ATOMS   318
Info: PAIR2 PARTITION ATOMS  637
Info: MIN ATOMS PER PATCH    100
Info: VELOCITY FILE          generic_restartfile.restart.vel
Info: CENTER OF MASS MOVING INITIALLY? NO
Info: DIELECTRIC             1
Info: EXCLUDE                SCALED ONE-FOUR
Info: 1-4 ELECTROSTATICS SCALED BY 1
Info: MODIFIED 1-4 VDW PARAMETERS WILL BE USED
Info: DCD FILENAME           generic_restartfile.dcd
Info: DCD FREQUENCY          5000
Info: DCD FIRST STEP         5000
Info: DCD FILE WILL CONTAIN UNIT CELL DATA
Info: XST FILENAME           generic_restartfile.xst
Info: XST FREQUENCY          5000
Info: NO VELOCITY DCD OUTPUT
Info: OUTPUT FILENAME        generic_restartfile
Info: BINARY OUTPUT FILES WILL BE USED
Info: RESTART FILENAME       generic_restartfile.restart
Info: RESTART FREQUENCY      5000
Info: BINARY RESTART FILES WILL BE USED
Info: SWITCHING ACTIVE
Info: SWITCHING ON           10
Info: SWITCHING OFF          12
Info: PAIRLIST DISTANCE      14
Info: PAIRLIST SHRINK RATE   0.01
Info: PAIRLIST GROW RATE     0.01
Info: PAIRLIST TRIGGER       0.3
Info: PAIRLISTS PER CYCLE    2
Info: PAIRLISTS ENABLED
Info: MARGIN                 0
Info: HYDROGEN GROUP CUTOFF  2.5
Info: PATCH DIMENSION        16.5
Info: ENERGY OUTPUT STEPS    5000
Info: CROSSTERM ENERGY INCLUDED IN DIHEDRAL
Info: TIMING OUTPUT STEPS    5000
Info: PRESSURE OUTPUT STEPS  5000
Info: HARMONIC CONSTRAINTS ACTIVE
Info: HARMONIC CONS EXP      2
Info: HARMONIC CONS SCALING  0.2
Info: LANGEVIN DYNAMICS ACTIVE
Info: LANGEVIN TEMPERATURE   310
Info: LANGEVIN DAMPING COEFFICIENT IS 5 INVERSE PS
Info: LANGEVIN DYNAMICS NOT APPLIED TO HYDROGENS
Info: PARTICLE MESH EWALD (PME) ACTIVE
Info: PME TOLERANCE               1e-06
Info: PME EWALD COEFFICIENT       0.257952
Info: PME INTERPOLATION ORDER     4
Info: PME GRID DIMENSIONS         64 64 64
Info: PME MAXIMUM GRID SPACING    1.5
Info: Attempting to read FFTW data from FFTW_NAMD_2.7_Linux-x86_64.txt
Info: Optimizing 6 FFT steps.  1... 2... 3... 4... 5... 6...   Done.
Info: Writing FFTW data to FFTW_NAMD_2.7_Linux-x86_64.txt
Info: FULL ELECTROSTATIC EVALUATION FREQUENCY      2
Info: USING VERLET I (r-RESPA) MTS SCHEME.
Info: C1 SPLITTING OF LONG RANGE ELECTROSTATICS
Info: PLACING ATOMS IN PATCHES BY HYDROGEN GROUPS
Info: RIGID BONDS TO HYDROGEN : ALL
Info:         ERROR TOLERANCE : 1e-08
Info:          MAX ITERATIONS : 100
Info: RIGID WATER USING SETTLE ALGORITHM
Info: RANDOM NUMBER SEED     1291871071
Info: USE HYDROGEN BONDS?    NO
Info: COORDINATE PDB         InputFiles/A2_aspirin4_ion.pdb
Info: STRUCTURE FILE         InputFiles/A2_aspirin4_ion.psf
Info: PARAMETER file: CHARMM format! 
Info: PARAMETERS             InputFiles/par_all27_prot_na.inp
Info: PARAMETERS             InputFiles/aspirin_ion.par
Info: USING ARITHMETIC MEAN TO COMBINE L-J SIGMA PARAMETERS
Info: BINARY COORDINATES     generic_restartfile.restart.coor
Info: SUMMARY OF PARAMETERS:
Info: 259 BONDS
Info: 634 ANGLES
Info: 1070 DIHEDRAL
Info: 79 IMPROPER
Info: 0 CROSSTERM
Info: 138 VDW
Info: 0 VDW_PAIRS
Info: TIME FOR READING PSF FILE: 0.233091
Info: TIME FOR READING PDB FILE: 0.063288
Info: 
Info: Reading from binary file generic_restartfile.restart.coor
Info: ****************************
Info: STRUCTURE SUMMARY:
Info: 24149 ATOMS
Info: 16714 BONDS
Info: 10696 ANGLES
Info: 4762 DIHEDRALS
Info: 366 IMPROPERS
Info: 0 CROSSTERMS
Info: 0 EXCLUSIONS
Info: 4 CONSTRAINTS
Info: 23161 RIGID BONDS
Info: 49286 DEGREES OF FREEDOM
Info: 8427 HYDROGEN GROUPS
Info: 4 ATOMS IN LARGEST HYDROGEN GROUP
Info: 8427 MIGRATION GROUPS
Info: 4 ATOMS IN LARGEST MIGRATION GROUP
Info: TOTAL MASS = 148527 amu
Info: TOTAL CHARGE = 1.37277e-06 e
Info: MASS DENSITY = 1.03414 g/cm^3
Info: ATOM DENSITY = 0.101254 atoms/A^3
Info: *****************************
Info: 
Info: Entering startup at 0.413414 s, 170.18 MB of memory in use
Info: Startup phase 0 took 0.00031805 s, 170.18 MB of memory in use
Info: Startup phase 1 took 0.0572519 s, 177.371 MB of memory in use
Info: Startup phase 2 took 0.000484943 s, 177.559 MB of memory in use
Info: PATCH GRID IS 3 (PERIODIC) BY 3 (PERIODIC) BY 3 (PERIODIC)
Info: PATCH GRID IS 1-AWAY BY 1-AWAY BY 1-AWAY
Info: Reading from binary file generic_restartfile.restart.vel
Info: REMOVING COM VELOCITY -0.00109987 -0.00705747 0.0126364
Info: LARGEST PATCH (13) HAS 937 ATOMS
Info: Startup phase 3 took 0.025012 s, 181.574 MB of memory in use
Info: PME using 8 and 8 processors for FFT and reciprocal sum.
Info: PME GRID LOCATIONS: 0 1 2 3 4 5 6 7
Info: PME TRANS LOCATIONS: 0 1 2 3 4 5 6 7
Info: Optimizing 4 FFT steps.  1... 2... 3... 4...   Done.
Info: Startup phase 4 took 0.001333 s, 181.707 MB of memory in use
Info: Startup phase 5 took 0.00845599 s, 181.559 MB of memory in use
LDB: Central LB being created...
Info: Startup phase 6 took 1.20505 s, 181.559 MB of memory in use
Info: CREATING 1848 COMPUTE OBJECTS
Info: useSync: 1 useProxySync: 0
Info: NONBONDED TABLE R-SQUARED SPACING: 0.0625
Info: NONBONDED TABLE SIZE: 769 POINTS
Info: Startup phase 7 took 0.00407195 s, 182.434 MB of memory in use
Info: Startup phase 8 took 0.000117064 s, 182.434 MB of memory in use
Info: Finished startup at 1.71551 s, 182.434 MB of memory in use

PRESSURE: 0 121.58 60.0115 -232.757 60.0115 197.626 -189.261 -232.757 -189.261 -99.0064
GPRESSURE: 0 141.731 -26.6775 -189.325 46.8901 247.437 -256.088 -252.157 -153.057 -72.9306
ETITLE:      TS           BOND          ANGLE          DIHED          IMPRP               ELECT            VDW       BOUNDARY           MISC        KINETIC               TOTAL           TEMP      POTENTIAL         TOTAL3        TEMPAVG            PRESSURE      GPRESSURE         VOLUME       PRESSAVG      GPRESSAVG

ENERGY:       0       430.7077      1044.8773       610.5123        66.4997         -88005.7825      7351.4852         0.0000         0.0000     15409.8432         -63091.8572       314.6770    -78501.7004    -63046.4526       314.6770             73.3999       105.4128    238499.3195        73.3999       105.4128

OPENING EXTENDED SYSTEM TRAJECTORY FILE
LDB: ============= START OF LOAD BALANCING ============== 6.50756
LDB: ============== END OF LOAD BALANCING =============== 6.5077

Info: Initial time: 8 CPUs 0.0931701 s/step 0.539179 days/ns 193.219 MB memory
LDB: ============= START OF LOAD BALANCING ============== 11.1088
LDB: TIME 11.1103 LOAD: AVG 3.58806 MAX 4.57605  PROXIES: TOTAL 95 MAXPE 14 MAXPATCH 5 None 0.587296
LDB: TIME 11.1139 LOAD: AVG 3.58806 MAX 3.58846  PROXIES: TOTAL 95 MAXPE 14 MAXPATCH 5 TorusLB 0.587296
LDB: TIME 11.1139 LOAD: AVG 3.58806 MAX 3.58846  PROXIES: TOTAL 95 MAXPE 14 MAXPATCH 5 TorusLB 0.587296
LDB: ============== END OF LOAD BALANCING =============== 11.1307

Info: Initial time: 8 CPUs 0.0936647 s/step 0.542041 days/ns 193.27 MB memory
LDB: ============= START OF LOAD BALANCING ============== 15.0797
LDB: TIME 15.0811 LOAD: AVG 3.56344 MAX 3.69143  PROXIES: TOTAL 95 MAXPE 14 MAXPATCH 5 None 0.58549
LDB: TIME 15.082 LOAD: AVG 3.56344 MAX 3.69143  PROXIES: TOTAL 95 MAXPE 14 MAXPATCH 5 RefineTorusLB 0.58549
LDB: ============== END OF LOAD BALANCING =============== 15.0832

Info: Initial time: 8 CPUs 0.0730003 s/step 0.422455 days/ns 194.965 MB memory
LDB: ============= START OF LOAD BALANCING ============== 18.7225
LDB: TIME 18.7239 LOAD: AVG 3.51283 MAX 3.63749  PROXIES: TOTAL 95 MAXPE 14 MAXPATCH 5 None 0.570305
LDB: TIME 18.7248 LOAD: AVG 3.51283 MAX 3.63749  PROXIES: TOTAL 95 MAXPE 14 MAXPATCH 5 RefineTorusLB 0.570305
LDB: ============== END OF LOAD BALANCING =============== 18.726

Info: Benchmark time: 8 CPUs 0.0726873 s/step 0.420644 days/ns 195.309 MB memory
Info: Benchmark time: 8 CPUs 0.0725426 s/step 0.419807 days/ns 195.652 MB memory
Info: Benchmark time: 8 CPUs 0.0727098 s/step 0.420774 days/ns 195.895 MB memory
LDB: ============= START OF LOAD BALANCING ============== 162.295
LDB: ============== END OF LOAD BALANCING =============== 162.295

LDB: ============= START OF LOAD BALANCING ============== 165.928
LDB: TIME 165.929 LOAD: AVG 3.48508 MAX 3.63062  PROXIES: TOTAL 95 MAXPE 14 MAXPATCH 5 None 0.574516
LDB: TIME 165.93 LOAD: AVG 3.48508 MAX 3.63062  PROXIES: TOTAL 95 MAXPE 14 MAXPATCH 5 RefineTorusLB 0.574516
LDB: ============== END OF LOAD BALANCING =============== 165.931

LDB: ============= START OF LOAD BALANCING ============== 307.837
LDB: ============== END OF LOAD BALANCING =============== 307.837

LDB: ============= START OF LOAD BALANCING ============== 311.483
LDB: TIME 311.484 LOAD: AVG 3.49428 MAX 3.64348  PROXIES: TOTAL 95 MAXPE 14 MAXPATCH 5 None 0.578175
LDB: TIME 311.485 LOAD: AVG 3.49428 MAX 3.64348  PROXIES: TOTAL 95 MAXPE 14 MAXPATCH 5 RefineTorusLB 0.578175
LDB: ============== END OF LOAD BALANCING =============== 311.486

PRESSURE: 5000 -124.004 -141.908 20.8594 -142.803 535.524 -158.566 22.5849 -156.68 357.021
GPRESSURE: 5000 -69.857 -179.568 -25.0617 -112.604 505.92 -119.735 71.4007 -324.1 426.316
PRESSAVG: 5000 44.9026 8.22265 -9.27019 8.21311 30.7286 -9.46978 -8.50389 -8.50439 43.1898
GPRESSAVG: 5000 44.6269 8.25669 -9.07488 8.16953 30.7569 -9.50202 -8.69937 -8.66361 43.1595
TIMING: 5000  CPU: 368.7, 0.0736846/step  Wall: 368.7, 0.0736846/step, 1.94445 hours remaining, 201.328125 MB of memory in use.
ENERGY:    5000       409.9122      1035.1618       638.5443        65.8723         -87683.4071      7265.2192         0.4453         0.0000     15281.4305         -62986.8216       312.0548    -78268.2521    -62947.8468       309.0266            256.1804       287.4597    238499.3195        39.6070        39.5144

WRITING EXTENDED SYSTEM TO RESTART FILE AT STEP 5000
OPENING COORDINATE DCD FILE
WRITING COORDINATES TO DCD FILE AT STEP 5000
WRITING COORDINATES TO RESTART FILE AT STEP 5000
FINISHED WRITING RESTART COORDINATES
WRITING VELOCITIES TO RESTART FILE AT STEP 5000
FINISHED WRITING RESTART VELOCITIES
LDB: ============= START OF LOAD BALANCING ============== 455.475
LDB: ============== END OF LOAD BALANCING =============== 455.475

LDB: ============= START OF LOAD BALANCING ============== 459.434
LDB: TIME 459.435 LOAD: AVG 3.53144 MAX 3.95613  PROXIES: TOTAL 95 MAXPE 14 MAXPATCH 5 None 0.585309
LDB: TIME 459.44 LOAD: AVG 3.53144 MAX 3.69569  PROXIES: TOTAL 95 MAXPE 14 MAXPATCH 5 RefineTorusLB 0.585309
LDB: ============== END OF LOAD BALANCING =============== 459.442

LDB: ============= START OF LOAD BALANCING ============== 599.545
LDB: ============== END OF LOAD BALANCING =============== 599.545

LDB: ============= START OF LOAD BALANCING ============== 603.121
LDB: TIME 603.122 LOAD: AVG 3.50474 MAX 3.57396  PROXIES: TOTAL 95 MAXPE 14 MAXPATCH 5 None 0.578212
LDB: TIME 603.123 LOAD: AVG 3.50474 MAX 3.57396  PROXIES: TOTAL 95 MAXPE 14 MAXPATCH 5 RefineTorusLB 0.578212
LDB: ============== END OF LOAD BALANCING =============== 603.124

PRESSURE: 10000 -317.839 -102.647 -226.106 -102.42 -147.867 -185.927 -225.299 -184.656 -94.5854
GPRESSURE: 10000 -221.4 -132.702 -239.378 -40.5272 -235.185 -97.7436 -241.77 -211.075 13.7676
PRESSAVG: 10000 40.0922 -7.90221 12.1599 -7.41247 9.14313 3.19027 13.5966 4.98509 39.0212
GPRESSAVG: 10000 39.8599 -7.74278 11.8803 -7.19411 9.26923 3.23527 13.6921 4.85538 39.0722
TIMING: 10000  CPU: 730.814, 0.0724227/step  Wall: 730.814, 0.0724227/step, 1.81057 hours remaining, 203.023438 MB of memory in use.
ENERGY:   10000       405.8502      1018.3710       638.7478        68.1402         -87570.2209      7041.5723         0.1524         0.0000     15089.1223         -63308.2648       308.1277    -78397.3871    -63278.1753       309.2226           -186.7640      -147.6058    238499.3195        29.4188        29.4004

WRITING EXTENDED SYSTEM TO RESTART FILE AT STEP 10000
WRITING COORDINATES TO DCD FILE AT STEP 10000
WRITING COORDINATES TO RESTART FILE AT STEP 10000
FINISHED WRITING RESTART COORDINATES
WRITING VELOCITIES TO RESTART FILE AT STEP 10000
FINISHED WRITING RESTART VELOCITIES
LDB: ============= START OF LOAD BALANCING ============== 743.58
LDB: ============== END OF LOAD BALANCING =============== 743.58

LDB: ============= START OF LOAD BALANCING ============== 747.208
LDB: TIME 747.21 LOAD: AVG 3.49518 MAX 3.62653  PROXIES: TOTAL 95 MAXPE 14 MAXPATCH 5 None 0.576999
LDB: TIME 747.211 LOAD: AVG 3.49518 MAX 3.62653  PROXIES: TOTAL 95 MAXPE 14 MAXPATCH 5 RefineTorusLB 0.576999
LDB: ============== END OF LOAD BALANCING =============== 747.212

LDB: ============= START OF LOAD BALANCING ============== 887.178
LDB: ============== END OF LOAD BALANCING =============== 887.206

LDB: ============= START OF LOAD BALANCING ============== 890.781
LDB: TIME 890.782 LOAD: AVG 3.48718 MAX 3.57194  PROXIES: TOTAL 95 MAXPE 14 MAXPATCH 5 None 0.572485
LDB: TIME 890.783 LOAD: AVG 3.48718 MAX 3.57194  PROXIES: TOTAL 95 MAXPE 14 MAXPATCH 5 RefineTorusLB 0.572485
LDB: ============== END OF LOAD BALANCING =============== 890.784

LDB: ============= START OF LOAD BALANCING ============== 1030.64
LDB: ============== END OF LOAD BALANCING =============== 1030.64

LDB: ============= START OF LOAD BALANCING ============== 1034.21
LDB: TIME 1034.21 LOAD: AVG 3.50406 MAX 3.56059  PROXIES: TOTAL 95 MAXPE 14 MAXPATCH 5 None 0.580765
LDB: TIME 1034.21 LOAD: AVG 3.50406 MAX 3.56059  PROXIES: TOTAL 95 MAXPE 14 MAXPATCH 5 RefineTorusLB 0.580765
LDB: ============== END OF LOAD BALANCING =============== 1034.21

PRESSURE: 15000 -327.186 88.6963 -355.311 89.5206 249.509 178.43 -355.507 179.494 131.9
GPRESSURE: 15000 -230.939 -29.4116 -236.98 107.929 232.46 143.738 -338.405 157.622 178.478
PRESSAVG: 15000 66.4567 11.0088 9.54067 11.4308 67.8527 11.1692 9.55801 12.6367 93.4629
GPRESSAVG: 15000 66.3715 11.0346 9.72835 11.4264 67.8509 11.1302 9.40439 12.9391 93.2819
TIMING: 15000  CPU: 1089.85, 0.0718075/step  Wall: 1089.85, 0.0718075/step, 1.69546 hours remaining, 203.023438 MB of memory in use.
ENERGY:   15000       416.1452      1024.3000       621.6253        70.7295         -87774.7397      7186.3532         0.3034         0.0000     15130.6159         -63324.6671       308.9751    -78455.2830    -63287.4482       309.6267             18.0743        59.9995    238499.3195        75.9241        75.8348

WRITING EXTENDED SYSTEM TO RESTART FILE AT STEP 15000
WRITING COORDINATES TO DCD FILE AT STEP 15000
WRITING COORDINATES TO RESTART FILE AT STEP 15000
FINISHED WRITING RESTART COORDINATES
WRITING VELOCITIES TO RESTART FILE AT STEP 15000
FINISHED WRITING RESTART VELOCITIES
LDB: ============= START OF LOAD BALANCING ============== 1173.97
LDB: ============== END OF LOAD BALANCING =============== 1173.97

LDB: ============= START OF LOAD BALANCING ============== 1177.59
LDB: TIME 1177.59 LOAD: AVG 3.48801 MAX 3.61161  PROXIES: TOTAL 95 MAXPE 14 MAXPATCH 5 None 0.568787
LDB: TIME 1177.59 LOAD: AVG 3.48801 MAX 3.61161  PROXIES: TOTAL 95 MAXPE 14 MAXPATCH 5 RefineTorusLB 0.568787
LDB: ============== END OF LOAD BALANCING =============== 1177.59

LDB: ============= START OF LOAD BALANCING ============== 1317.39
LDB: ============== END OF LOAD BALANCING =============== 1317.39

LDB: ============= START OF LOAD BALANCING ============== 1320.96
LDB: TIME 1320.96 LOAD: AVG 3.48185 MAX 3.57379  PROXIES: TOTAL 95 MAXPE 14 MAXPATCH 5 None 0.573757
LDB: TIME 1320.96 LOAD: AVG 3.48185 MAX 3.57379  PROXIES: TOTAL 95 MAXPE 14 MAXPATCH 5 RefineTorusLB 0.573757
LDB: ============== END OF LOAD BALANCING =============== 1320.97

PRESSURE: 20000 -657.243 -225.446 -56.8225 -225.187 -97.048 128.582 -57.7434 129.206 256.795
GPRESSURE: 20000 -627.51 -355.134 -87.4557 -185.949 -99.5494 125.508 -122.527 -8.55297 320.214
PRESSAVG: 20000 9.03008 42.9201 22.3519 43.4462 -3.8125 6.71877 21.4189 7.64765 8.01102
GPRESSAVG: 20000 8.74955 42.726 22.1693 43.3301 -3.5066 6.73941 21.445 7.57249 8.14638
TIMING: 20000  CPU: 1448.88, 0.0718066/step  Wall: 1448.88, 0.0718066/step, 1.5957 hours remaining, 203.066406 MB of memory in use.
ENERGY:   20000       447.2019      1097.5930       645.7183        59.3647         -87505.2440      7052.8230         0.3245         0.0000     15109.4778         -63092.7407       308.5434    -78202.2185    -63051.9491       309.4568           -165.8319      -135.6150    238499.3195         4.4095         4.4631

WRITING EXTENDED SYSTEM TO RESTART FILE AT STEP 20000
WRITING COORDINATES TO DCD FILE AT STEP 20000
WRITING COORDINATES TO RESTART FILE AT STEP 20000
FINISHED WRITING RESTART COORDINATES
WRITING VELOCITIES TO RESTART FILE AT STEP 20000
FINISHED WRITING RESTART VELOCITIES
LDB: ============= START OF LOAD BALANCING ============== 1461.47
LDB: ============== END OF LOAD BALANCING =============== 1461.47

LDB: ============= START OF LOAD BALANCING ============== 1465.11
LDB: TIME 1465.11 LOAD: AVG 3.47129 MAX 3.63971  PROXIES: TOTAL 95 MAXPE 14 MAXPATCH 5 None 0.566837
LDB: TIME 1465.11 LOAD: AVG 3.47129 MAX 3.63971  PROXIES: TOTAL 95 MAXPE 14 MAXPATCH 5 RefineTorusLB 0.566837
LDB: ============== END OF LOAD BALANCING =============== 1465.11

LDB: ============= START OF LOAD BALANCING ============== 1605.37
LDB: ============== END OF LOAD BALANCING =============== 1605.37

LDB: ============= START OF LOAD BALANCING ============== 1608.99
LDB: TIME 1608.99 LOAD: AVG 3.47991 MAX 3.61156  PROXIES: TOTAL 95 MAXPE 14 MAXPATCH 5 None 0.565688
LDB: TIME 1608.99 LOAD: AVG 3.47991 MAX 3.61156  PROXIES: TOTAL 95 MAXPE 14 MAXPATCH 5 RefineTorusLB 0.565688
LDB: ============== END OF LOAD BALANCING =============== 1608.99

LDB: ============= START OF LOAD BALANCING ============== 1748.49
LDB: ============== END OF LOAD BALANCING =============== 1748.49

LDB: ============= START OF LOAD BALANCING ============== 1752.05
LDB: TIME 1752.05 LOAD: AVG 3.49376 MAX 3.54308  PROXIES: TOTAL 95 MAXPE 14 MAXPATCH 5 None 0.578976
LDB: TIME 1752.05 LOAD: AVG 3.49376 MAX 3.54308  PROXIES: TOTAL 95 MAXPE 14 MAXPATCH 5 RefineTorusLB 0.578976
LDB: ============== END OF LOAD BALANCING =============== 1752.05

PRESSURE: 25000 300.183 183.786 -124.427 184.794 -167.969 140.566 -124.765 140.779 -132.471
GPRESSURE: 25000 316.529 165.795 -4.46879 94.5601 -87.4051 92.4574 -217.649 82.1907 -155.02
PRESSAVG: 25000 44.7788 -8.72242 26.8352 -8.22554 21.1037 -21.1649 26.5082 -20.7999 52.7943
GPRESSAVG: 25000 44.9368 -9.02135 27.1146 -8.38283 20.9447 -21.325 26.4776 -21.0468 52.9695
TIMING: 25000  CPU: 1807.83, 0.0717898/step  Wall: 1807.83, 0.0717898/step, 1.49562 hours remaining, 203.363281 MB of memory in use.
ENERGY:   25000       400.2920      1033.3840       612.4199        77.5097         -87532.2312      7116.8236         0.3115         0.0000     15272.9400         -63018.5504       311.8814    -78291.4904    -62970.1992       308.8882             -0.0856        24.7013    238499.3195        39.5589        39.6170

WRITING EXTENDED SYSTEM TO RESTART FILE AT STEP 25000
WRITING COORDINATES TO DCD FILE AT STEP 25000
WRITING COORDINATES TO RESTART FILE AT STEP 25000
FINISHED WRITING RESTART COORDINATES
WRITING VELOCITIES TO RESTART FILE AT STEP 25000
FINISHED WRITING RESTART VELOCITIES
LDB: ============= START OF LOAD BALANCING ============== 1891.96
LDB: ============== END OF LOAD BALANCING =============== 1891.96

LDB: ============= START OF LOAD BALANCING ============== 1895.55
LDB: TIME 1895.55 LOAD: AVG 3.49458 MAX 3.58717  PROXIES: TOTAL 95 MAXPE 14 MAXPATCH 5 None 0.575727
LDB: TIME 1895.56 LOAD: AVG 3.49458 MAX 3.58717  PROXIES: TOTAL 95 MAXPE 14 MAXPATCH 5 RefineTorusLB 0.575727
LDB: ============== END OF LOAD BALANCING =============== 1895.56

LDB: ============= START OF LOAD BALANCING ============== 2034.51
LDB: ============== END OF LOAD BALANCING =============== 2034.51

LDB: ============= START OF LOAD BALANCING ============== 2038.07
LDB: TIME 2038.07 LOAD: AVG 3.50119 MAX 3.54834  PROXIES: TOTAL 95 MAXPE 14 MAXPATCH 5 None 0.579631
LDB: TIME 2038.07 LOAD: AVG 3.50119 MAX 3.54834  PROXIES: TOTAL 95 MAXPE 14 MAXPATCH 5 RefineTorusLB 0.579631
LDB: ============== END OF LOAD BALANCING =============== 2038.07

PRESSURE: 30000 -456.999 -20.1259 277.468 -19.2793 127.738 112.096 276.8 112.176 -35.862
GPRESSURE: 30000 -373.532 177.714 235.118 -18.1658 201.95 178.049 241.825 17.0429 -119.784
PRESSAVG: 30000 1.25721 6.61679 3.31319 7.48236 -54.2597 6.14913 3.08265 6.66848 -30.8489
GPRESSAVG: 30000 1.14504 6.77199 3.33578 7.46678 -54.264 6.16477 3.32237 6.7524 -30.721
TIMING: 30000  CPU: 2164.67, 0.0713673/step  Wall: 2164.67, 0.0713673/step, 1.3877 hours remaining, 204.152344 MB of memory in use.
ENERGY:   30000       422.4300      1017.4950       625.5402        64.1455         -87623.5131      7103.2802         0.1170         0.0000     15123.0796         -63267.4257       308.8212    -78390.5053    -63217.3792       308.5702           -121.7079       -97.1223    238499.3195       -27.9505       -27.9466

WRITING EXTENDED SYSTEM TO RESTART FILE AT STEP 30000
WRITING COORDINATES TO DCD FILE AT STEP 30000
WRITING COORDINATES TO RESTART FILE AT STEP 30000
FINISHED WRITING RESTART COORDINATES
WRITING VELOCITIES TO RESTART FILE AT STEP 30000
FINISHED WRITING RESTART VELOCITIES
LDB: ============= START OF LOAD BALANCING ============== 2177.13
LDB: ============== END OF LOAD BALANCING =============== 2177.13

LDB: ============= START OF LOAD BALANCING ============== 2180.71
LDB: TIME 2180.71 LOAD: AVG 3.48768 MAX 3.58176  PROXIES: TOTAL 95 MAXPE 14 MAXPATCH 5 None 0.57501
LDB: TIME 2180.71 LOAD: AVG 3.48768 MAX 3.58176  PROXIES: TOTAL 95 MAXPE 14 MAXPATCH 5 RefineTorusLB 0.57501
LDB: ============== END OF LOAD BALANCING =============== 2180.71

LDB: ============= START OF LOAD BALANCING ============== 2320.35
LDB: ============== END OF LOAD BALANCING =============== 2320.35

LDB: ============= START OF LOAD BALANCING ============== 2323.94
LDB: TIME 2323.94 LOAD: AVG 3.48732 MAX 3.57884  PROXIES: TOTAL 95 MAXPE 14 MAXPATCH 5 None 0.574658
LDB: TIME 2323.94 LOAD: AVG 3.48732 MAX 3.57884  PROXIES: TOTAL 95 MAXPE 14 MAXPATCH 5 RefineTorusLB 0.574658
LDB: ============== END OF LOAD BALANCING =============== 2323.94

LDB: ============= START OF LOAD BALANCING ============== 2464.15
LDB: ============== END OF LOAD BALANCING =============== 2464.15

LDB: ============= START OF LOAD BALANCING ============== 2467.75
LDB: TIME 2467.75 LOAD: AVG 3.49693 MAX 3.59184  PROXIES: TOTAL 95 MAXPE 14 MAXPATCH 5 None 0.576791
LDB: TIME 2467.75 LOAD: AVG 3.49693 MAX 3.59184  PROXIES: TOTAL 95 MAXPE 14 MAXPATCH 5 RefineTorusLB 0.576791
LDB: ============== END OF LOAD BALANCING =============== 2467.75

PRESSURE: 35000 -301.994 150.717 -232.218 151.367 70.2618 -109.787 -230.483 -107.204 -62.1705
GPRESSURE: 35000 -343.247 80.2355 -233.364 37.02 90.4691 -43.4367 -117.013 9.26215 20.1255
PRESSAVG: 35000 -0.873437 13.7876 4.66417 14.5851 65.188 8.86082 5.14958 10.3806 33.9952
GPRESSAVG: 35000 -0.908671 13.5371 4.53244 14.7653 65.2248 8.58447 4.94008 10.2961 34.12
TIMING: 35000  CPU: 2523.56, 0.0717774/step  Wall: 2523.56, 0.0717774/step, 1.29598 hours remaining, 204.152344 MB of memory in use.
ENERGY:   35000       400.1576      1038.2059       622.6662        71.6347         -87314.6132      7049.7722         0.4571         0.0000     15215.1269         -62916.5927       310.7008    -78131.7196    -62881.1327       309.2380            -97.9674       -77.5509    238499.3195        32.7699        32.8121

WRITING EXTENDED SYSTEM TO RESTART FILE AT STEP 35000
WRITING COORDINATES TO DCD FILE AT STEP 35000
WRITING COORDINATES TO RESTART FILE AT STEP 35000
FINISHED WRITING RESTART COORDINATES
WRITING VELOCITIES TO RESTART FILE AT STEP 35000
FINISHED WRITING RESTART VELOCITIES
LDB: ============= START OF LOAD BALANCING ============== 2608.43
LDB: ============== END OF LOAD BALANCING =============== 2608.43

LDB: ============= START OF LOAD BALANCING ============== 2612.03
LDB: TIME 2612.03 LOAD: AVG 3.49918 MAX 3.59746  PROXIES: TOTAL 95 MAXPE 14 MAXPATCH 5 None 0.576911
LDB: TIME 2612.04 LOAD: AVG 3.49918 MAX 3.59746  PROXIES: TOTAL 95 MAXPE 14 MAXPATCH 5 RefineTorusLB 0.576911
LDB: ============== END OF LOAD BALANCING =============== 2612.04

LDB: ============= START OF LOAD BALANCING ============== 2752.23
LDB: ============== END OF LOAD BALANCING =============== 2752.23

LDB: ============= START OF LOAD BALANCING ============== 2755.85
LDB: TIME 2755.85 LOAD: AVG 3.50431 MAX 3.6214  PROXIES: TOTAL 95 MAXPE 14 MAXPATCH 5 None 0.578162
LDB: TIME 2755.85 LOAD: AVG 3.50431 MAX 3.6214  PROXIES: TOTAL 95 MAXPE 14 MAXPATCH 5 RefineTorusLB 0.578162
LDB: ============== END OF LOAD BALANCING =============== 2755.85

PRESSURE: 40000 -528.423 -153.546 -118.254 -154.097 170.237 -135.189 -118.809 -133.793 220.837
GPRESSURE: 40000 -427.971 -86.322 -184.333 1.16066 170.412 -93.2097 -66.386 -136.146 205.543
PRESSAVG: 40000 52.0246 -2.69977 -5.66496 -2.2165 -14.7114 -2.50005 -5.40277 -0.52972 7.355
GPRESSAVG: 40000 51.7956 -2.53741 -5.60975 -2.4449 -14.7148 -2.3154 -5.55759 -0.279549 7.29123
TIMING: 40000  CPU: 2883.36, 0.0719606/step  Wall: 2883.36, 0.0719606/step, 1.19934 hours remaining, 204.195312 MB of memory in use.
ENERGY:   40000       397.4406      1034.3404       626.8576        73.2437         -87376.5895      7085.6331         0.2962         0.0000     15060.6307         -63098.1471       307.5459    -78158.7778    -63056.2708       309.1303            -45.7831       -17.3387    238499.3195        14.8894        14.7907

WRITING EXTENDED SYSTEM TO RESTART FILE AT STEP 40000
WRITING COORDINATES TO DCD FILE AT STEP 40000
WRITING COORDINATES TO RESTART FILE AT STEP 40000
FINISHED WRITING RESTART COORDINATES
WRITING VELOCITIES TO RESTART FILE AT STEP 40000
FINISHED WRITING RESTART VELOCITIES
LDB: ============= START OF LOAD BALANCING ============== 2895.95
LDB: ============== END OF LOAD BALANCING =============== 2895.95

LDB: ============= START OF LOAD BALANCING ============== 2899.55
LDB: TIME 2899.55 LOAD: AVG 3.47914 MAX 3.58706  PROXIES: TOTAL 95 MAXPE 14 MAXPATCH 5 None 0.564923
LDB: TIME 2899.55 LOAD: AVG 3.47914 MAX 3.58706  PROXIES: TOTAL 95 MAXPE 14 MAXPATCH 5 RefineTorusLB 0.564923
LDB: ============== END OF LOAD BALANCING =============== 2899.55

LDB: ============= START OF LOAD BALANCING ============== 3039.29
LDB: ============== END OF LOAD BALANCING =============== 3039.29

LDB: ============= START OF LOAD BALANCING ============== 3042.89
LDB: TIME 3042.89 LOAD: AVG 3.47969 MAX 3.59016  PROXIES: TOTAL 95 MAXPE 14 MAXPATCH 5 None 0.562637
LDB: TIME 3042.89 LOAD: AVG 3.47969 MAX 3.59016  PROXIES: TOTAL 95 MAXPE 14 MAXPATCH 5 RefineTorusLB 0.562637
LDB: ============== END OF LOAD BALANCING =============== 3042.89

LDB: ============= START OF LOAD BALANCING ============== 3182.46
LDB: ============== END OF LOAD BALANCING =============== 3182.46

LDB: ============= START OF LOAD BALANCING ============== 3186.05
LDB: TIME 3186.05 LOAD: AVG 3.47907 MAX 3.57726  PROXIES: TOTAL 95 MAXPE 14 MAXPATCH 5 None 0.565871
LDB: TIME 3186.05 LOAD: AVG 3.47907 MAX 3.57726  PROXIES: TOTAL 95 MAXPE 14 MAXPATCH 5 RefineTorusLB 0.565871
LDB: ============== END OF LOAD BALANCING =============== 3186.05

PRESSURE: 45000 368.346 93.0525 -40.7589 93.5202 -102.832 -21.0031 -39.5756 -18.1112 211.249
GPRESSURE: 45000 474.13 -44.2196 -53.0336 60.5203 -106.126 -75.5147 29.3949 7.65514 203.723
PRESSAVG: 45000 85.7129 24.0366 -24.9377 24.1251 79.953 -20.5112 -24.5798 -18.8761 34.5876
GPRESSAVG: 45000 85.8203 24.3335 -24.8414 23.806 79.8937 -20.7822 -24.4311 -18.6584 34.406
TIMING: 45000  CPU: 3241.56, 0.0716403/step  Wall: 3241.56, 0.0716403/step, 1.0945 hours remaining, 204.371094 MB of memory in use.
ENERGY:   45000       394.6915      1056.2096       640.8649        63.2192         -87509.9102      7199.8541         0.4478         0.0000     15220.7845         -62933.8386       310.8163    -78154.6231    -62881.3596       309.7754            158.9209       190.5756    238499.3195        66.7512        66.7066

WRITING EXTENDED SYSTEM TO RESTART FILE AT STEP 45000
WRITING COORDINATES TO DCD FILE AT STEP 45000
WRITING COORDINATES TO RESTART FILE AT STEP 45000
FINISHED WRITING RESTART COORDINATES
WRITING VELOCITIES TO RESTART FILE AT STEP 45000
FINISHED WRITING RESTART VELOCITIES
LDB: ============= START OF LOAD BALANCING ============== 3325.21
LDB: ============== END OF LOAD BALANCING =============== 3325.21

LDB: ============= START OF LOAD BALANCING ============== 3328.77
LDB: TIME 3328.78 LOAD: AVG 3.4703 MAX 3.54605  PROXIES: TOTAL 95 MAXPE 14 MAXPATCH 5 None 0.564786
LDB: TIME 3328.78 LOAD: AVG 3.4703 MAX 3.54605  PROXIES: TOTAL 95 MAXPE 14 MAXPATCH 5 RefineTorusLB 0.564786
LDB: ============== END OF LOAD BALANCING =============== 3328.78

LDB: ============= START OF LOAD BALANCING ============== 3467.43
LDB: ============== END OF LOAD BALANCING =============== 3467.43

LDB: ============= START OF LOAD BALANCING ============== 3471.01
LDB: TIME 3471.01 LOAD: AVG 3.48305 MAX 3.56964  PROXIES: TOTAL 95 MAXPE 14 MAXPATCH 5 None 0.566363
LDB: TIME 3471.01 LOAD: AVG 3.48305 MAX 3.56964  PROXIES: TOTAL 95 MAXPE 14 MAXPATCH 5 RefineTorusLB 0.566363
LDB: ============== END OF LOAD BALANCING =============== 3471.01

PRESSURE: 50000 -297.841 -223.12 26.292 -223.178 -197.38 226.131 27.606 229.683 -365.277
GPRESSURE: 50000 -318.962 -318.879 103.351 -145.284 -155.862 134.428 126.965 237.664 -313.806
PRESSAVG: 50000 13.254 4.28349 0.681017 3.91373 8.1856 -4.51143 1.65172 -1.84514 -9.09784
GPRESSAVG: 50000 13.214 4.02539 0.814211 3.99042 8.21599 -4.57196 1.926 -1.99508 -9.31776
TIMING: 50000  CPU: 3597.63, 0.0712134/step  Wall: 3597.63, 0.0712134/step, 0.989075 hours remaining, 204.371094 MB of memory in use.
ETITLE:      TS           BOND          ANGLE          DIHED          IMPRP               ELECT            VDW       BOUNDARY           MISC        KINETIC               TOTAL           TEMP      POTENTIAL         TOTAL3        TEMPAVG            PRESSURE      GPRESSURE         VOLUME       PRESSAVG      GPRESSAVG

ENERGY:   50000       431.1354      1041.1667       634.7424        68.8270         -87824.5266      7257.1471         0.6717         0.0000     15062.4884         -63328.3479       307.5839    -78390.8363    -63281.9853       309.5368           -286.8327      -262.8765    238499.3195         4.1139         4.0374

WRITING EXTENDED SYSTEM TO RESTART FILE AT STEP 50000
WRITING COORDINATES TO DCD FILE AT STEP 50000
WRITING COORDINATES TO RESTART FILE AT STEP 50000
FINISHED WRITING RESTART COORDINATES
WRITING VELOCITIES TO RESTART FILE AT STEP 50000
FINISHED WRITING RESTART VELOCITIES
LDB: ============= START OF LOAD BALANCING ============== 3610.11
LDB: ============== END OF LOAD BALANCING =============== 3610.12

LDB: ============= START OF LOAD BALANCING ============== 3613.7
LDB: TIME 3613.7 LOAD: AVG 3.47582 MAX 3.58559  PROXIES: TOTAL 95 MAXPE 14 MAXPATCH 5 None 0.565946
LDB: TIME 3613.71 LOAD: AVG 3.47582 MAX 3.58559  PROXIES: TOTAL 95 MAXPE 14 MAXPATCH 5 RefineTorusLB 0.565946
LDB: ============== END OF LOAD BALANCING =============== 3613.71

LDB: ============= START OF LOAD BALANCING ============== 3753.18
LDB: ============== END OF LOAD BALANCING =============== 3753.18

LDB: ============= START OF LOAD BALANCING ============== 3756.74
LDB: TIME 3756.74 LOAD: AVG 3.47088 MAX 3.55725  PROXIES: TOTAL 95 MAXPE 14 MAXPATCH 5 None 0.563457
LDB: TIME 3756.75 LOAD: AVG 3.47088 MAX 3.55725  PROXIES: TOTAL 95 MAXPE 14 MAXPATCH 5 RefineTorusLB 0.563457
LDB: ============== END OF LOAD BALANCING =============== 3756.75

LDB: ============= START OF LOAD BALANCING ============== 3896.07
LDB: ============== END OF LOAD BALANCING =============== 3896.07

LDB: ============= START OF LOAD BALANCING ============== 3899.63
LDB: TIME 3899.63 LOAD: AVG 3.48441 MAX 3.55  PROXIES: TOTAL 95 MAXPE 14 MAXPATCH 5 None 0.567604
LDB: TIME 3899.63 LOAD: AVG 3.48441 MAX 3.55  PROXIES: TOTAL 95 MAXPE 14 MAXPATCH 5 RefineTorusLB 0.567604
LDB: ============== END OF LOAD BALANCING =============== 3899.64

PRESSURE: 55000 -25.1433 360.018 194.036 361.645 -73.0736 282.2 194.996 285.603 153.662
GPRESSURE: 55000 -98.5613 318.5 150.984 331.096 42.8027 157.631 82.0815 306.234 184.628
PRESSAVG: 55000 51.9978 13.691 0.290928 13.463 50.9838 -15.7066 1.62466 -12.8163 44.8172
GPRESSAVG: 55000 52.1631 13.7646 0.189612 13.2384 51.0705 -15.592 1.47606 -12.8454 44.97
TIMING: 55000  CPU: 3955.15, 0.0715039/step  Wall: 3955.15, 0.0715039/step, 0.893799 hours remaining, 204.371094 MB of memory in use.
ENERGY:   55000       423.4131      1047.2182       626.7633        68.8077         -87542.2063      7159.6661         0.8220         0.0000     15038.4111         -63177.1047       307.0922    -78215.5158    -63126.0191       309.4802             18.4818        42.9566    238499.3195        49.2663        49.4012

WRITING EXTENDED SYSTEM TO RESTART FILE AT STEP 55000
WRITING COORDINATES TO DCD FILE AT STEP 55000
WRITING COORDINATES TO RESTART FILE AT STEP 55000
FINISHED WRITING RESTART COORDINATES
WRITING VELOCITIES TO RESTART FILE AT STEP 55000
FINISHED WRITING RESTART VELOCITIES
LDB: ============= START OF LOAD BALANCING ============== 4038.8
LDB: ============== END OF LOAD BALANCING =============== 4038.8

LDB: ============= START OF LOAD BALANCING ============== 4042.38
LDB: TIME 4042.39 LOAD: AVG 3.49011 MAX 3.56224  PROXIES: TOTAL 95 MAXPE 14 MAXPATCH 5 None 0.568583
LDB: TIME 4042.39 LOAD: AVG 3.49011 MAX 3.56224  PROXIES: TOTAL 95 MAXPE 14 MAXPATCH 5 RefineTorusLB 0.568583
LDB: ============== END OF LOAD BALANCING =============== 4042.39

LDB: ============= START OF LOAD BALANCING ============== 4181.44
LDB: ============== END OF LOAD BALANCING =============== 4181.44

LDB: ============= START OF LOAD BALANCING ============== 4185.03
LDB: TIME 4185.03 LOAD: AVG 3.47761 MAX 3.5835  PROXIES: TOTAL 95 MAXPE 14 MAXPATCH 5 None 0.564776
LDB: TIME 4185.03 LOAD: AVG 3.47761 MAX 3.5835  PROXIES: TOTAL 95 MAXPE 14 MAXPATCH 5 RefineTorusLB 0.564776
LDB: ============== END OF LOAD BALANCING =============== 4185.03

PRESSURE: 60000 28.5602 191.725 -104.911 193.595 -43.1591 -40.1164 -101.139 -35.926 189.694
GPRESSURE: 60000 24.352 224.334 -100.91 93.2217 -15.126 -51.3356 -261.597 29.9262 250.743
PRESSAVG: 60000 5.78131 2.18703 -0.346296 3.60384 70.931 15.6416 1.90047 19.2595 -4.96579
GPRESSAVG: 60000 6.11101 2.34135 -0.305693 3.60897 71.0224 15.3737 1.9965 19.2649 -4.93332
TIMING: 60000  CPU: 4311.66, 0.0713024/step  Wall: 4311.66, 0.0713024/step, 0.792249 hours remaining, 204.632812 MB of memory in use.
ENERGY:   60000       408.2882      1058.6536       629.3948        67.0523         -87723.4636      7194.0131         2.1145         0.0000     15277.6755         -63086.2714       311.9781    -78363.9469    -63034.4161       309.3359             58.3651        86.6565    238499.3195        23.9155        24.0667

WRITING EXTENDED SYSTEM TO RESTART FILE AT STEP 60000
WRITING COORDINATES TO DCD FILE AT STEP 60000
WRITING COORDINATES TO RESTART FILE AT STEP 60000
FINISHED WRITING RESTART COORDINATES
WRITING VELOCITIES TO RESTART FILE AT STEP 60000
FINISHED WRITING RESTART VELOCITIES
LDB: ============= START OF LOAD BALANCING ============== 4324.2
LDB: ============== END OF LOAD BALANCING =============== 4324.2

LDB: ============= START OF LOAD BALANCING ============== 4327.76
LDB: TIME 4327.76 LOAD: AVG 3.46545 MAX 3.55615  PROXIES: TOTAL 95 MAXPE 14 MAXPATCH 5 None 0.560704
LDB: TIME 4327.76 LOAD: AVG 3.46545 MAX 3.55615  PROXIES: TOTAL 95 MAXPE 14 MAXPATCH 5 RefineTorusLB 0.560704
LDB: ============== END OF LOAD BALANCING =============== 4327.76

LDB: ============= START OF LOAD BALANCING ============== 4467.15
LDB: ============== END OF LOAD BALANCING =============== 4467.15

LDB: ============= START OF LOAD BALANCING ============== 4470.73
LDB: TIME 4470.73 LOAD: AVG 3.45672 MAX 3.5769  PROXIES: TOTAL 95 MAXPE 14 MAXPATCH 5 None 0.557282
LDB: TIME 4470.73 LOAD: AVG 3.45672 MAX 3.5769  PROXIES: TOTAL 95 MAXPE 14 MAXPATCH 5 RefineTorusLB 0.557282
LDB: ============== END OF LOAD BALANCING =============== 4470.73

LDB: ============= START OF LOAD BALANCING ============== 4610.11
LDB: ============== END OF LOAD BALANCING =============== 4610.11

LDB: ============= START OF LOAD BALANCING ============== 4613.68
LDB: TIME 4613.68 LOAD: AVG 3.46533 MAX 3.56319  PROXIES: TOTAL 95 MAXPE 14 MAXPATCH 5 None 0.558413
LDB: TIME 4613.68 LOAD: AVG 3.46533 MAX 3.56319  PROXIES: TOTAL 95 MAXPE 14 MAXPATCH 5 RefineTorusLB 0.558413
LDB: ============== END OF LOAD BALANCING =============== 4613.68

PRESSURE: 65000 -154.978 -145.793 -88.6323 -143.647 233.684 290.054 -85.411 292.891 -103.461
GPRESSURE: 65000 -5.84611 -95.609 -25.7248 -181.586 143.913 350.157 -24.2009 101.263 -84.7005
PRESSAVG: 65000 -19.4897 7.60197 -21.7947 9.83505 45.4439 -0.188225 -18.6782 2.6146 32.8202
GPRESSAVG: 65000 -19.4208 7.58416 -21.8377 9.77607 45.476 -0.285312 -18.6729 2.7514 32.9235
TIMING: 65000  CPU: 4668.99, 0.0714668/step  Wall: 4668.99, 0.0714668/step, 0.694816 hours remaining, 204.632812 MB of memory in use.
ENERGY:   65000       436.4141      1040.8197       609.5290        68.5294         -87480.4344      7132.4221         1.4747         0.0000     15026.6716         -63164.5739       306.8525    -78191.2455    -63132.0120       309.2210             -8.2516        17.7887    238499.3195        19.5915        19.6595

WRITING EXTENDED SYSTEM TO RESTART FILE AT STEP 65000
WRITING COORDINATES TO DCD FILE AT STEP 65000
WRITING COORDINATES TO RESTART FILE AT STEP 65000
FINISHED WRITING RESTART COORDINATES
WRITING VELOCITIES TO RESTART FILE AT STEP 65000
FINISHED WRITING RESTART VELOCITIES
LDB: ============= START OF LOAD BALANCING ============== 4753.07
LDB: ============== END OF LOAD BALANCING =============== 4753.12

LDB: ============= START OF LOAD BALANCING ============== 4756.68
LDB: TIME 4756.68 LOAD: AVG 3.46345 MAX 3.56207  PROXIES: TOTAL 95 MAXPE 14 MAXPATCH 5 None 0.558584
LDB: TIME 4756.69 LOAD: AVG 3.46345 MAX 3.56207  PROXIES: TOTAL 95 MAXPE 14 MAXPATCH 5 RefineTorusLB 0.558584
LDB: ============== END OF LOAD BALANCING =============== 4756.69

LDB: ============= START OF LOAD BALANCING ============== 4896.23
LDB: ============== END OF LOAD BALANCING =============== 4896.23

LDB: ============= START OF LOAD BALANCING ============== 4899.8
LDB: TIME 4899.8 LOAD: AVG 3.46852 MAX 3.56956  PROXIES: TOTAL 95 MAXPE 14 MAXPATCH 5 None 0.561475
LDB: TIME 4899.81 LOAD: AVG 3.46852 MAX 3.56956  PROXIES: TOTAL 95 MAXPE 14 MAXPATCH 5 RefineTorusLB 0.561475
LDB: ============== END OF LOAD BALANCING =============== 4899.81

PRESSURE: 70000 27.7705 -154.232 -180.331 -151.715 -138.689 318.176 -178.306 321.447 -165.829
GPRESSURE: 70000 53.4558 -153.767 -183.239 -258.378 -118.759 385.444 -201.177 373.598 -153.614
PRESSAVG: 70000 19.0226 -5.67327 -2.53937 -3.15558 54.2881 11.0532 -0.506674 13.3414 43.9195
GPRESSAVG: 70000 19.0088 -5.79563 -2.37196 -3.17027 54.4998 10.9753 -0.446306 13.2908 43.7073
TIMING: 70000  CPU: 5026.54, 0.0715088/step  Wall: 5026.54, 0.0715088/step, 0.595907 hours remaining, 204.632812 MB of memory in use.
ENERGY:   70000       367.0347      1033.5792       614.7847        68.2370         -87410.9945      7023.7134         1.2338         0.0000     15223.1747         -63079.2369       310.8652    -78302.4116    -63026.0139       309.9130            -92.2493       -72.9725    238499.3195        39.0767        39.0720

WRITING EXTENDED SYSTEM TO RESTART FILE AT STEP 70000
WRITING COORDINATES TO DCD FILE AT STEP 70000
WRITING COORDINATES TO RESTART FILE AT STEP 70000
FINISHED WRITING RESTART COORDINATES
WRITING VELOCITIES TO RESTART FILE AT STEP 70000
FINISHED WRITING RESTART VELOCITIES
LDB: ============= START OF LOAD BALANCING ============== 5038.99
LDB: ============== END OF LOAD BALANCING =============== 5039.02

LDB: ============= START OF LOAD BALANCING ============== 5042.58
LDB: TIME 5042.58 LOAD: AVG 3.45859 MAX 3.55324  PROXIES: TOTAL 95 MAXPE 14 MAXPATCH 5 None 0.55954
LDB: TIME 5042.58 LOAD: AVG 3.45859 MAX 3.55324  PROXIES: TOTAL 95 MAXPE 14 MAXPATCH 5 RefineTorusLB 0.55954
LDB: ============== END OF LOAD BALANCING =============== 5042.58

LDB: ============= START OF LOAD BALANCING ============== 5181.73
LDB: ============== END OF LOAD BALANCING =============== 5181.73

LDB: ============= START OF LOAD BALANCING ============== 5185.32
LDB: TIME 5185.32 LOAD: AVG 3.47134 MAX 3.58176  PROXIES: TOTAL 95 MAXPE 14 MAXPATCH 5 None 0.56435
LDB: TIME 5185.32 LOAD: AVG 3.47134 MAX 3.58176  PROXIES: TOTAL 95 MAXPE 14 MAXPATCH 5 RefineTorusLB 0.56435
LDB: ============== END OF LOAD BALANCING =============== 5185.32

LDB: ============= START OF LOAD BALANCING ============== 5324.92
LDB: ============== END OF LOAD BALANCING =============== 5324.95

LDB: ============= START OF LOAD BALANCING ============== 5328.51
LDB: TIME 5328.51 LOAD: AVG 3.4644 MAX 3.55576  PROXIES: TOTAL 95 MAXPE 14 MAXPATCH 5 None 0.561639
LDB: TIME 5328.51 LOAD: AVG 3.4644 MAX 3.55576  PROXIES: TOTAL 95 MAXPE 14 MAXPATCH 5 RefineTorusLB 0.561639
LDB: ============== END OF LOAD BALANCING =============== 5328.52

PRESSURE: 75000 -137.471 -21.2691 -10.4253 -18.5433 -28.0869 219.749 -8.85543 221.549 192.628
GPRESSURE: 75000 -41.9805 -9.27973 -28.8408 -106.744 -84.2726 236.594 -33.2385 245.072 264.507
PRESSAVG: 75000 51.8653 1.49073 -0.0624316 4.63231 33.6752 -1.04511 1.43926 1.10592 22.4142
GPRESSAVG: 75000 51.872 1.57539 -0.187359 4.65677 33.6469 -1.02156 1.43949 1.02967 22.442
TIMING: 75000  CPU: 5384.18, 0.0715281/step  Wall: 5384.18, 0.0715281/step, 0.496723 hours remaining, 204.632812 MB of memory in use.
ENERGY:   75000       381.6663      1102.8836       612.1785        61.6995         -87457.2310      7087.9320         1.2614         0.0000     15065.0951         -63144.5147       307.6371    -78209.6098    -63098.0636       309.3222              9.0234        46.0847    238499.3195        35.9849        35.9870

WRITING EXTENDED SYSTEM TO RESTART FILE AT STEP 75000
WRITING COORDINATES TO DCD FILE AT STEP 75000
WRITING COORDINATES TO RESTART FILE AT STEP 75000
FINISHED WRITING RESTART COORDINATES
WRITING VELOCITIES TO RESTART FILE AT STEP 75000
FINISHED WRITING RESTART VELOCITIES
LDB: ============= START OF LOAD BALANCING ============== 5468.04
LDB: ============== END OF LOAD BALANCING =============== 5468.12

LDB: ============= START OF LOAD BALANCING ============== 5471.72
LDB: TIME 5471.73 LOAD: AVG 3.47604 MAX 3.59959  PROXIES: TOTAL 95 MAXPE 14 MAXPATCH 5 None 0.563805
LDB: TIME 5471.73 LOAD: AVG 3.47604 MAX 3.59959  PROXIES: TOTAL 95 MAXPE 14 MAXPATCH 5 RefineTorusLB 0.563805
LDB: ============== END OF LOAD BALANCING =============== 5471.73

LDB: ============= START OF LOAD BALANCING ============== 5611.13
LDB: ============== END OF LOAD BALANCING =============== 5611.13

LDB: ============= START OF LOAD BALANCING ============== 5614.72
LDB: TIME 5614.73 LOAD: AVG 3.47334 MAX 3.59683  PROXIES: TOTAL 95 MAXPE 14 MAXPATCH 5 None 0.562611
LDB: TIME 5614.73 LOAD: AVG 3.47334 MAX 3.59683  PROXIES: TOTAL 95 MAXPE 14 MAXPATCH 5 RefineTorusLB 0.562611
LDB: ============== END OF LOAD BALANCING =============== 5614.73

PRESSURE: 80000 -301.371 157.433 -398.847 159.388 -147.738 332.372 -398.312 333.197 -255.754
GPRESSURE: 80000 -274.207 30.1427 -267.861 180.649 -137.187 308.359 -500.902 204.369 -224.94
PRESSAVG: 80000 53.3791 8.90285 8.73584 10.6779 17.5226 -4.20403 9.73999 -2.87483 18.8379
GPRESSAVG: 80000 53.3985 8.65364 8.84757 10.9803 17.4655 -4.38745 9.48656 -2.72872 18.8753
TIMING: 80000  CPU: 5741.94, 0.0715529/step  Wall: 5741.94, 0.0715529/step, 0.397516 hours remaining, 204.632812 MB of memory in use.
ENERGY:   80000       432.2861      1028.2992       610.5205        80.1206         -87525.4534      7124.5515         0.7464         0.0000     15118.7262         -63130.2029       308.7323    -78248.9291    -63086.8044       309.5061           -234.9542      -212.1113    238499.3195        29.9132        29.9131

WRITING EXTENDED SYSTEM TO RESTART FILE AT STEP 80000
WRITING COORDINATES TO DCD FILE AT STEP 80000
WRITING COORDINATES TO RESTART FILE AT STEP 80000
FINISHED WRITING RESTART COORDINATES
WRITING VELOCITIES TO RESTART FILE AT STEP 80000
FINISHED WRITING RESTART VELOCITIES
LDB: ============= START OF LOAD BALANCING ============== 5754.47
LDB: ============== END OF LOAD BALANCING =============== 5754.5

LDB: ============= START OF LOAD BALANCING ============== 5758.13
LDB: TIME 5758.14 LOAD: AVG 3.47266 MAX 3.63331  PROXIES: TOTAL 95 MAXPE 14 MAXPATCH 5 None 0.56188
LDB: TIME 5758.14 LOAD: AVG 3.47266 MAX 3.63331  PROXIES: TOTAL 95 MAXPE 14 MAXPATCH 5 RefineTorusLB 0.56188
LDB: ============== END OF LOAD BALANCING =============== 5758.14

LDB: ============= START OF LOAD BALANCING ============== 5897.83
LDB: ============== END OF LOAD BALANCING =============== 5897.83

LDB: ============= START OF LOAD BALANCING ============== 5901.42
LDB: TIME 5901.42 LOAD: AVG 3.46821 MAX 3.58888  PROXIES: TOTAL 95 MAXPE 14 MAXPATCH 5 None 0.563484
LDB: TIME 5901.42 LOAD: AVG 3.46821 MAX 3.58888  PROXIES: TOTAL 95 MAXPE 14 MAXPATCH 5 RefineTorusLB 0.563484
LDB: ============== END OF LOAD BALANCING =============== 5901.43

LDB: ============= START OF LOAD BALANCING ============== 6040.24
LDB: ============== END OF LOAD BALANCING =============== 6040.35

LDB: ============= START OF LOAD BALANCING ============== 6044.01
LDB: TIME 6044.01 LOAD: AVG 3.46782 MAX 3.56235  PROXIES: TOTAL 95 MAXPE 14 MAXPATCH 5 None 0.5606
LDB: TIME 6044.01 LOAD: AVG 3.46782 MAX 3.56235  PROXIES: TOTAL 95 MAXPE 14 MAXPATCH 5 RefineTorusLB 0.5606
LDB: ============== END OF LOAD BALANCING =============== 6044.01

PRESSURE: 85000 -123.471 44.2485 254.541 45.6496 263.775 44.0813 253.655 45.4391 425.389
GPRESSURE: 85000 -143.174 22.8567 287.205 102.604 297.495 -41.6496 307.41 -50.1517 498.128
PRESSAVG: 85000 90.2299 3.26079 -21.4369 5.20798 47.731 15.4074 -20.9043 17.2202 38.2446
GPRESSAVG: 85000 90.1891 3.26407 -21.3222 5.18746 47.7763 15.4879 -20.8213 17.0607 38.2984
TIMING: 85000  CPU: 6099.64, 0.0715392/step  Wall: 6099.64, 0.0715392/step, 0.29808 hours remaining, 204.765625 MB of memory in use.
ENERGY:   85000       427.5483      1061.6011       629.2203        61.2065         -87853.1144      7438.6435         0.7787         0.0000     15308.3871         -62925.7290       312.6052    -78234.1161    -62893.2488       309.7777            188.5645       217.4829    238499.3195        58.7352        58.7546

WRITING EXTENDED SYSTEM TO RESTART FILE AT STEP 85000
WRITING COORDINATES TO DCD FILE AT STEP 85000
WRITING COORDINATES TO RESTART FILE AT STEP 85000
FINISHED WRITING RESTART COORDINATES
WRITING VELOCITIES TO RESTART FILE AT STEP 85000
FINISHED WRITING RESTART VELOCITIES
LDB: ============= START OF LOAD BALANCING ============== 6183.74
LDB: ============== END OF LOAD BALANCING =============== 6183.78

LDB: ============= START OF LOAD BALANCING ============== 6187.35
LDB: TIME 6187.35 LOAD: AVG 3.46982 MAX 3.57378  PROXIES: TOTAL 95 MAXPE 14 MAXPATCH 5 None 0.55977
LDB: TIME 6187.35 LOAD: AVG 3.46982 MAX 3.57378  PROXIES: TOTAL 95 MAXPE 14 MAXPATCH 5 RefineTorusLB 0.55977
LDB: ============== END OF LOAD BALANCING =============== 6187.35

LDB: ============= START OF LOAD BALANCING ============== 6327.02
LDB: ============== END OF LOAD BALANCING =============== 6327.02

LDB: ============= START OF LOAD BALANCING ============== 6330.61
LDB: TIME 6330.63 LOAD: AVG 3.47558 MAX 3.57804  PROXIES: TOTAL 95 MAXPE 14 MAXPATCH 5 None 0.564763
LDB: TIME 6330.63 LOAD: AVG 3.47558 MAX 3.57804  PROXIES: TOTAL 95 MAXPE 14 MAXPATCH 5 RefineTorusLB 0.564763
LDB: ============== END OF LOAD BALANCING =============== 6330.63

PRESSURE: 90000 105.238 1.9874 97.8166 3.08432 -323.45 -153.971 96.7512 -152.197 -225.628
GPRESSURE: 90000 133.529 -129.372 350.089 63.1343 -399.477 57.5274 4.11205 -165.142 -94.6762
PRESSAVG: 90000 46.1292 8.5532 -7.50573 9.77559 22.6284 -12.2484 -8.22556 -10.1444 49.4294
GPRESSAVG: 90000 46.3851 8.91333 -7.4177 9.66968 22.7856 -12.3611 -8.35877 -10.29 49.4113
TIMING: 90000  CPU: 6458.19, 0.0717097/step  Wall: 6458.19, 0.0717097/step, 0.199194 hours remaining, 204.808594 MB of memory in use.
ENERGY:   90000       428.9524      1043.1674       653.1360        58.4594         -87492.4616      7112.5693         0.6456         0.0000     15080.9736         -63114.5578       307.9613    -78195.5314    -63070.4466       309.7852           -147.9463      -120.2081    238499.3195        39.3957        39.5273

WRITING EXTENDED SYSTEM TO RESTART FILE AT STEP 90000
WRITING COORDINATES TO DCD FILE AT STEP 90000
WRITING COORDINATES TO RESTART FILE AT STEP 90000
FINISHED WRITING RESTART COORDINATES
WRITING VELOCITIES TO RESTART FILE AT STEP 90000
FINISHED WRITING RESTART VELOCITIES
LDB: ============= START OF LOAD BALANCING ============== 6470.62
LDB: ============== END OF LOAD BALANCING =============== 6470.62

LDB: ============= START OF LOAD BALANCING ============== 6474.2
LDB: TIME 6474.2 LOAD: AVG 3.46281 MAX 3.58228  PROXIES: TOTAL 95 MAXPE 14 MAXPATCH 5 None 0.559957
LDB: TIME 6474.2 LOAD: AVG 3.46281 MAX 3.58228  PROXIES: TOTAL 95 MAXPE 14 MAXPATCH 5 RefineTorusLB 0.559957
LDB: ============== END OF LOAD BALANCING =============== 6474.2

LDB: ============= START OF LOAD BALANCING ============== 6613.19
LDB: ============== END OF LOAD BALANCING =============== 6613.22

LDB: ============= START OF LOAD BALANCING ============== 6616.8
LDB: TIME 6616.8 LOAD: AVG 3.45285 MAX 3.57948  PROXIES: TOTAL 95 MAXPE 14 MAXPATCH 5 None 0.558741
LDB: TIME 6616.8 LOAD: AVG 3.45285 MAX 3.57948  PROXIES: TOTAL 95 MAXPE 14 MAXPATCH 5 RefineTorusLB 0.558741
LDB: ============== END OF LOAD BALANCING =============== 6616.8

LDB: ============= START OF LOAD BALANCING ============== 6757.1
LDB: ============== END OF LOAD BALANCING =============== 6757.25

LDB: ============= START OF LOAD BALANCING ============== 6761.1
LDB: TIME 6761.15 LOAD: AVG 3.45973 MAX 3.58855  PROXIES: TOTAL 95 MAXPE 14 MAXPATCH 5 None 0.56087
LDB: TIME 6761.15 LOAD: AVG 3.45973 MAX 3.58855  PROXIES: TOTAL 95 MAXPE 14 MAXPATCH 5 RefineTorusLB 0.56087
LDB: ============== END OF LOAD BALANCING =============== 6761.15

PRESSURE: 95000 -1.8565 240.291 211.985 242.426 -53.8793 296.722 211.166 299.127 388.621
GPRESSURE: 95000 64.9728 150.517 108.904 223.668 -3.07161 272.465 260.557 536.245 361.717
PRESSAVG: 95000 53.4924 -5.95384 12.1498 -4.43664 47.0889 -27.7407 11.9504 -25.3373 45.9621
GPRESSAVG: 95000 53.3789 -6.3435 12.0751 -4.38761 47.2052 -27.455 11.9322 -25.3964 46.0269
TIMING: 95000  CPU: 6816.91, 0.0717453/step  Wall: 6816.91, 0.0717453/step, 0.0996463 hours remaining, 204.894531 MB of memory in use.
ENERGY:   95000       407.9675      1088.0546       604.6539        71.9735         -88120.3294      7376.4475         0.7768         0.0000     15019.4586         -63550.9971       306.7052    -78570.4557    -63509.3857       309.3395            110.9618       141.2062    238499.3195        48.8478        48.8703

WRITING EXTENDED SYSTEM TO RESTART FILE AT STEP 95000
WRITING COORDINATES TO DCD FILE AT STEP 95000
WRITING COORDINATES TO RESTART FILE AT STEP 95000
FINISHED WRITING RESTART COORDINATES
WRITING VELOCITIES TO RESTART FILE AT STEP 95000
FINISHED WRITING RESTART VELOCITIES
LDB: ============= START OF LOAD BALANCING ============== 6901.06
LDB: ============== END OF LOAD BALANCING =============== 6901.06

LDB: ============= START OF LOAD BALANCING ============== 6904.63
LDB: TIME 6904.63 LOAD: AVG 3.4604 MAX 3.56624  PROXIES: TOTAL 95 MAXPE 14 MAXPATCH 5 None 0.561113
LDB: TIME 6904.63 LOAD: AVG 3.4604 MAX 3.56624  PROXIES: TOTAL 95 MAXPE 14 MAXPATCH 5 RefineTorusLB 0.561113
LDB: ============== END OF LOAD BALANCING =============== 6904.63

LDB: ============= START OF LOAD BALANCING ============== 7044.07
LDB: ============== END OF LOAD BALANCING =============== 7044.07

LDB: ============= START OF LOAD BALANCING ============== 7047.66
LDB: TIME 7047.66 LOAD: AVG 3.46817 MAX 3.58687  PROXIES: TOTAL 95 MAXPE 14 MAXPATCH 5 None 0.562273
LDB: TIME 7047.66 LOAD: AVG 3.46817 MAX 3.58687  PROXIES: TOTAL 95 MAXPE 14 MAXPATCH 5 RefineTorusLB 0.562273
LDB: ============== END OF LOAD BALANCING =============== 7047.66

PRESSURE: 100000 -66.1113 -170.868 -354.764 -169.79 -652.238 -202.256 -355.855 -200.989 -104.301
GPRESSURE: 100000 -15.9273 -47.4339 -352.487 -279.779 -524.008 -139.283 -230.02 -196.401 -190.282
PRESSAVG: 100000 -5.21244 -16.8463 19.2942 -14.6353 35.0348 -22.5929 18.7056 -20.4052 -51.0733
GPRESSAVG: 100000 -5.34079 -16.8169 19.3399 -14.4808 35.1141 -22.4763 18.456 -20.1452 -51.1003
TIMING: 100000  CPU: 7174.63, 0.0715439/step  Wall: 7174.63, 0.0715439/step, 0 hours remaining, 204.894531 MB of memory in use.
ETITLE:      TS           BOND          ANGLE          DIHED          IMPRP               ELECT            VDW       BOUNDARY           MISC        KINETIC               TOTAL           TEMP      POTENTIAL         TOTAL3        TEMPAVG            PRESSURE      GPRESSURE         VOLUME       PRESSAVG      GPRESSAVG

ENERGY:  100000       387.9962      1020.7493       641.5685        74.7691         -87376.1447      6991.6491         0.5906         0.0000     15144.8919         -63113.9301       309.2666    -78258.8220    -63065.6841       309.1956           -274.2165      -243.4058    238499.3195        -7.0837        -7.1090

WRITING EXTENDED SYSTEM TO RESTART FILE AT STEP 100000
WRITING COORDINATES TO DCD FILE AT STEP 100000
WRITING COORDINATES TO RESTART FILE AT STEP 100000
FINISHED WRITING RESTART COORDINATES
WRITING VELOCITIES TO RESTART FILE AT STEP 100000
FINISHED WRITING RESTART VELOCITIES
WRITING EXTENDED SYSTEM TO OUTPUT FILE AT STEP 100000
CLOSING EXTENDED SYSTEM TRAJECTORY FILE
WRITING COORDINATES TO OUTPUT FILE AT STEP 100000
CLOSING COORDINATE DCD FILE
WRITING VELOCITIES TO OUTPUT FILE AT STEP 100000
====================================================

WallClock: 7177.250000  CPUTime: 7177.250000  Memory: 204.894531 MB
End of program
