Charm++> Running on MPI version: 2.1 multi-thread support: 0 (max supported: -1)
Warning> Randomization of stack pointer is turned on in kernel, thread migration may not work! Run 'echo 0 > /proc/sys/kernel/randomize_va_space' as root to disable it, or try run with '+isomalloc_sync'.  
Charm++> Running on 5 unique compute nodes (8-way SMP).
Charm++> Cpu topology info:
PE to node map: 0 1 1 2 2 3 4 4 
Node to PE map:
Chip #0: 0 
Chip #1: 1 2 
Chip #2: 3 4 
Chip #3: 5 
Chip #4: 6 7 
Charm++> cpu topology info is gathered in 0.007 seconds.
Info: NAMD 2.7 for Linux-x86_64
Info: 
Info: Please visit http://www.ks.uiuc.edu/Research/namd/
Info: and send feedback or bug reports to namd@ks.uiuc.edu
Info: 
Info: Please cite Phillips et al., J. Comp. Chem. 26:1781-1802 (2005)
Info: in all publications reporting results obtained with NAMD.
Info: 
Info: Based on Charm++/Converse 60202 for mpi-linux-x86_64
Info: Built Wed Oct 20 15:01:48 EST 2010 by root on tango-m.vpac.org
Info: 1 NAMD  2.7  Linux-x86_64  8    tango091.vpac.org  mike
Info: Running on 8 processors.
Info: CPU topology information available.
Info: Charm++/Converse parallel runtime startup completed at 0.011708 s
Info: 109.301 MB of memory in use based on /proc/self/stat
Info: Configuration file is aspirin_rs_short.conf
TCL: Suspending until startup complete.
Info: EXTENDED SYSTEM FILE   generic_restartfile.restart.xsc
Info: SIMULATION PARAMETERS:
Info: TIMESTEP               2
Info: NUMBER OF STEPS        100000
Info: STEPS PER CYCLE        10
Info: PERIODIC CELL BASIS 1  62.7573 0 0
Info: PERIODIC CELL BASIS 2  0 61.3495 0
Info: PERIODIC CELL BASIS 3  0 0 61.9458
Info: PERIODIC CELL CENTER   0 0 0
Info: WRAPPING WATERS AROUND PERIODIC BOUNDARIES ON OUTPUT.
Info: WRAPPING ALL CLUSTERS AROUND PERIODIC BOUNDARIES ON OUTPUT.
Info: LOAD BALANCER  Centralized
Info: LOAD BALANCING STRATEGY  New Load Balancers -- ASB
Info: LDB PERIOD             2000 steps
Info: FIRST LDB TIMESTEP     50
Info: LAST LDB TIMESTEP     -1
Info: LDB BACKGROUND SCALING 1
Info: HOM BACKGROUND SCALING 1
Info: PME BACKGROUND SCALING 1
Info: MAX SELF PARTITIONS    20
Info: MAX PAIR PARTITIONS    8
Info: SELF PARTITION ATOMS   154
Info: SELF2 PARTITION ATOMS   154
Info: PAIR PARTITION ATOMS   318
Info: PAIR2 PARTITION ATOMS  637
Info: MIN ATOMS PER PATCH    100
Info: VELOCITY FILE          generic_restartfile.restart.vel
Info: CENTER OF MASS MOVING INITIALLY? NO
Info: DIELECTRIC             1
Info: EXCLUDE                SCALED ONE-FOUR
Info: 1-4 ELECTROSTATICS SCALED BY 1
Info: MODIFIED 1-4 VDW PARAMETERS WILL BE USED
Info: DCD FILENAME           generic_restartfile.dcd
Info: DCD FREQUENCY          5000
Info: DCD FIRST STEP         5000
Info: DCD FILE WILL CONTAIN UNIT CELL DATA
Info: XST FILENAME           generic_restartfile.xst
Info: XST FREQUENCY          5000
Info: NO VELOCITY DCD OUTPUT
Info: OUTPUT FILENAME        generic_restartfile
Info: BINARY OUTPUT FILES WILL BE USED
Info: RESTART FILENAME       generic_restartfile.restart
Info: RESTART FREQUENCY      5000
Info: BINARY RESTART FILES WILL BE USED
Info: SWITCHING ACTIVE
Info: SWITCHING ON           10
Info: SWITCHING OFF          12
Info: PAIRLIST DISTANCE      14
Info: PAIRLIST SHRINK RATE   0.01
Info: PAIRLIST GROW RATE     0.01
Info: PAIRLIST TRIGGER       0.3
Info: PAIRLISTS PER CYCLE    2
Info: PAIRLISTS ENABLED
Info: MARGIN                 0
Info: HYDROGEN GROUP CUTOFF  2.5
Info: PATCH DIMENSION        16.5
Info: ENERGY OUTPUT STEPS    5000
Info: CROSSTERM ENERGY INCLUDED IN DIHEDRAL
Info: TIMING OUTPUT STEPS    5000
Info: PRESSURE OUTPUT STEPS  5000
Info: HARMONIC CONSTRAINTS ACTIVE
Info: HARMONIC CONS EXP      2
Info: HARMONIC CONS SCALING  0.2
Info: LANGEVIN DYNAMICS ACTIVE
Info: LANGEVIN TEMPERATURE   310
Info: LANGEVIN DAMPING COEFFICIENT IS 5 INVERSE PS
Info: LANGEVIN DYNAMICS NOT APPLIED TO HYDROGENS
Info: PARTICLE MESH EWALD (PME) ACTIVE
Info: PME TOLERANCE               1e-06
Info: PME EWALD COEFFICIENT       0.257952
Info: PME INTERPOLATION ORDER     4
Info: PME GRID DIMENSIONS         64 64 64
Info: PME MAXIMUM GRID SPACING    1.5
Info: Attempting to read FFTW data from FFTW_NAMD_2.7_Linux-x86_64.txt
Info: Optimizing 6 FFT steps.  1... 2... 3... 4... 5... 6...   Done.
Info: Writing FFTW data to FFTW_NAMD_2.7_Linux-x86_64.txt
Info: FULL ELECTROSTATIC EVALUATION FREQUENCY      2
Info: USING VERLET I (r-RESPA) MTS SCHEME.
Info: C1 SPLITTING OF LONG RANGE ELECTROSTATICS
Info: PLACING ATOMS IN PATCHES BY HYDROGEN GROUPS
Info: RIGID BONDS TO HYDROGEN : ALL
Info:         ERROR TOLERANCE : 1e-08
Info:          MAX ITERATIONS : 100
Info: RIGID WATER USING SETTLE ALGORITHM
Info: RANDOM NUMBER SEED     1291892682
Info: USE HYDROGEN BONDS?    NO
Info: COORDINATE PDB         InputFiles/A2_aspirin4_ion.pdb
Info: STRUCTURE FILE         InputFiles/A2_aspirin4_ion.psf
Info: PARAMETER file: CHARMM format! 
Info: PARAMETERS             InputFiles/par_all27_prot_na.inp
Info: PARAMETERS             InputFiles/aspirin_ion.par
Info: USING ARITHMETIC MEAN TO COMBINE L-J SIGMA PARAMETERS
Info: BINARY COORDINATES     generic_restartfile.restart.coor
Info: SUMMARY OF PARAMETERS:
Info: 259 BONDS
Info: 634 ANGLES
Info: 1070 DIHEDRAL
Info: 79 IMPROPER
Info: 0 CROSSTERM
Info: 138 VDW
Info: 0 VDW_PAIRS
Info: TIME FOR READING PSF FILE: 0.240683
Info: TIME FOR READING PDB FILE: 0.0636759
Info: 
Info: Reading from binary file generic_restartfile.restart.coor
Info: ****************************
Info: STRUCTURE SUMMARY:
Info: 24149 ATOMS
Info: 16714 BONDS
Info: 10696 ANGLES
Info: 4762 DIHEDRALS
Info: 366 IMPROPERS
Info: 0 CROSSTERMS
Info: 0 EXCLUSIONS
Info: 4 CONSTRAINTS
Info: 23161 RIGID BONDS
Info: 49286 DEGREES OF FREEDOM
Info: 8427 HYDROGEN GROUPS
Info: 4 ATOMS IN LARGEST HYDROGEN GROUP
Info: 8427 MIGRATION GROUPS
Info: 4 ATOMS IN LARGEST MIGRATION GROUP
Info: TOTAL MASS = 148527 amu
Info: TOTAL CHARGE = 1.37277e-06 e
Info: MASS DENSITY = 1.03414 g/cm^3
Info: ATOM DENSITY = 0.101254 atoms/A^3
Info: *****************************
Info: 
Info: Entering startup at 0.383262 s, 170.18 MB of memory in use
Info: Startup phase 0 took 0.000379086 s, 170.18 MB of memory in use
Info: Startup phase 1 took 0.0619159 s, 177.508 MB of memory in use
Info: Startup phase 2 took 0.000584126 s, 177.695 MB of memory in use
Info: PATCH GRID IS 3 (PERIODIC) BY 3 (PERIODIC) BY 3 (PERIODIC)
Info: PATCH GRID IS 1-AWAY BY 1-AWAY BY 1-AWAY
Info: Reading from binary file generic_restartfile.restart.vel
Info: REMOVING COM VELOCITY -0.0268758 0.0229689 -0.0223021
Info: LARGEST PATCH (13) HAS 941 ATOMS
Info: Startup phase 3 took 0.0635889 s, 181.648 MB of memory in use
Info: PME using 8 and 8 processors for FFT and reciprocal sum.
Info: PME GRID LOCATIONS: 0 1 2 3 4 5 6 7
Info: PME TRANS LOCATIONS: 0 1 2 3 4 5 6 7
Info: Optimizing 4 FFT steps.  1... 2... 3... 4...   Done.
Info: Startup phase 4 took 0.001405 s, 181.914 MB of memory in use
Info: Startup phase 5 took 0.0156701 s, 181.914 MB of memory in use
LDB: Central LB being created...
Info: Startup phase 6 took 1.20487 s, 181.914 MB of memory in use
Info: CREATING 1849 COMPUTE OBJECTS
Info: useSync: 1 useProxySync: 0
Info: NONBONDED TABLE R-SQUARED SPACING: 0.0625
Info: NONBONDED TABLE SIZE: 769 POINTS
Info: Startup phase 7 took 0.00359201 s, 182.789 MB of memory in use
Info: Startup phase 8 took 0.000118971 s, 182.789 MB of memory in use
Info: Finished startup at 1.73538 s, 182.789 MB of memory in use

PRESSURE: 0 -193.779 -206.056 93.2822 -206.056 -300.162 246.282 93.2822 246.282 -180.835
GPRESSURE: 0 -58.451 -271.304 153.659 -213.275 -296.54 228.527 99.9796 247.693 -220.588
ETITLE:      TS           BOND          ANGLE          DIHED          IMPRP               ELECT            VDW       BOUNDARY           MISC        KINETIC               TOTAL           TEMP      POTENTIAL         TOTAL3        TEMPAVG            PRESSURE      GPRESSURE         VOLUME       PRESSAVG      GPRESSAVG

ENERGY:       0       400.9730      1043.3295       634.4849        61.5918         -87520.5989      7040.4423         0.0000         0.0000     15202.4056         -63137.3718       310.4410    -78339.7774    -63093.4576       310.4410           -224.9255      -191.8597    238499.3195      -224.9255      -191.8597

OPENING EXTENDED SYSTEM TRAJECTORY FILE
LDB: ============= START OF LOAD BALANCING ============== 6.47561
LDB: ============== END OF LOAD BALANCING =============== 6.47576

Info: Initial time: 8 CPUs 0.0892342 s/step 0.516402 days/ns 193.664 MB memory
LDB: ============= START OF LOAD BALANCING ============== 10.7812
LDB: TIME 10.7993 LOAD: AVG 3.54572 MAX 4.25816  PROXIES: TOTAL 95 MAXPE 14 MAXPATCH 5 None 0.563692
LDB: TIME 10.8029 LOAD: AVG 3.54572 MAX 3.54594  PROXIES: TOTAL 95 MAXPE 14 MAXPATCH 5 TorusLB 0.563692
LDB: TIME 10.8029 LOAD: AVG 3.54572 MAX 3.54594  PROXIES: TOTAL 95 MAXPE 14 MAXPATCH 5 TorusLB 0.563692
LDB: ============== END OF LOAD BALANCING =============== 10.8134

Info: Initial time: 8 CPUs 0.0864301 s/step 0.500174 days/ns 193.73 MB memory
LDB: ============= START OF LOAD BALANCING ============== 14.564
LDB: TIME 14.5656 LOAD: AVG 3.56929 MAX 3.68441  PROXIES: TOTAL 95 MAXPE 14 MAXPATCH 5 None 0.594643
LDB: TIME 14.5666 LOAD: AVG 3.56929 MAX 3.68441  PROXIES: TOTAL 95 MAXPE 14 MAXPATCH 5 RefineTorusLB 0.594643
LDB: ============== END OF LOAD BALANCING =============== 14.5678

Info: Initial time: 8 CPUs 0.0742221 s/step 0.429526 days/ns 194.734 MB memory
LDB: ============= START OF LOAD BALANCING ============== 18.1562
LDB: TIME 18.1576 LOAD: AVG 3.50233 MAX 3.57929  PROXIES: TOTAL 95 MAXPE 14 MAXPATCH 5 None 0.562281
LDB: TIME 18.1585 LOAD: AVG 3.50233 MAX 3.57929  PROXIES: TOTAL 95 MAXPE 14 MAXPATCH 5 RefineTorusLB 0.562281
LDB: ============== END OF LOAD BALANCING =============== 18.1595

Info: Benchmark time: 8 CPUs 0.0717163 s/step 0.415025 days/ns 195.031 MB memory
Info: Benchmark time: 8 CPUs 0.0781891 s/step 0.452483 days/ns 195.031 MB memory
Info: Benchmark time: 8 CPUs 0.0717377 s/step 0.415149 days/ns 195.156 MB memory
LDB: ============= START OF LOAD BALANCING ============== 158.763
LDB: ============== END OF LOAD BALANCING =============== 158.874

LDB: ============= START OF LOAD BALANCING ============== 162.656
LDB: TIME 162.658 LOAD: AVG 3.49851 MAX 3.63283  PROXIES: TOTAL 95 MAXPE 14 MAXPATCH 5 None 0.568246
LDB: TIME 162.659 LOAD: AVG 3.49851 MAX 3.63283  PROXIES: TOTAL 95 MAXPE 14 MAXPATCH 5 RefineTorusLB 0.568246
LDB: ============== END OF LOAD BALANCING =============== 162.66

LDB: ============= START OF LOAD BALANCING ============== 303.895
LDB: ============== END OF LOAD BALANCING =============== 304.006

LDB: ============= START OF LOAD BALANCING ============== 307.712
LDB: TIME 307.722 LOAD: AVG 3.46658 MAX 3.57721  PROXIES: TOTAL 95 MAXPE 14 MAXPATCH 5 None 0.562845
LDB: TIME 307.723 LOAD: AVG 3.46658 MAX 3.57721  PROXIES: TOTAL 95 MAXPE 14 MAXPATCH 5 RefineTorusLB 0.562845
LDB: ============== END OF LOAD BALANCING =============== 307.724

PRESSURE: 5000 -212.71 -17.2669 44.2835 -17.5661 -12.4925 268.755 43.3392 268.539 -182.7
GPRESSURE: 5000 -102.334 -85.9335 88.2514 8.2048 -34.2128 244.894 33.5727 186.738 -120.583
PRESSAVG: 5000 86.7371 -30.2391 -3.31952 -30.1815 58.4486 25.5072 -3.28867 25.473 27.85
GPRESSAVG: 5000 86.5432 -30.1754 -3.28668 -30.3081 58.2822 25.4191 -3.28515 25.4907 27.9356
TIMING: 5000  CPU: 364.262, 0.0727681/step  Wall: 364.262, 0.0727681/step, 1.92027 hours remaining, 201.171875 MB of memory in use.
ENERGY:    5000       400.7489      1074.6526       643.7601        63.5697         -87659.0636      7081.4979         0.1712         0.0000     15063.5241         -63331.1390       307.6050    -78394.6631    -63290.4666       309.5677           -135.9674       -85.7099    238499.3195        57.6786        57.5870

WRITING EXTENDED SYSTEM TO RESTART FILE AT STEP 5000
OPENING COORDINATE DCD FILE
WRITING COORDINATES TO DCD FILE AT STEP 5000
WRITING COORDINATES TO RESTART FILE AT STEP 5000
FINISHED WRITING RESTART COORDINATES
WRITING VELOCITIES TO RESTART FILE AT STEP 5000
FINISHED WRITING RESTART VELOCITIES
LDB: ============= START OF LOAD BALANCING ============== 448.494
LDB: ============== END OF LOAD BALANCING =============== 448.619

LDB: ============= START OF LOAD BALANCING ============== 452.552
LDB: TIME 452.606 LOAD: AVG 3.48424 MAX 3.66425  PROXIES: TOTAL 95 MAXPE 14 MAXPATCH 5 None 0.562938
LDB: TIME 452.608 LOAD: AVG 3.48424 MAX 3.65792  PROXIES: TOTAL 95 MAXPE 14 MAXPATCH 5 RefineTorusLB 0.562938
LDB: ============== END OF LOAD BALANCING =============== 452.609

LDB: ============= START OF LOAD BALANCING ============== 592.619
LDB: ============== END OF LOAD BALANCING =============== 592.73

LDB: ============= START OF LOAD BALANCING ============== 596.77
LDB: TIME 596.772 LOAD: AVG 3.49534 MAX 3.64692  PROXIES: TOTAL 95 MAXPE 14 MAXPATCH 5 None 0.567399
LDB: TIME 596.773 LOAD: AVG 3.49534 MAX 3.64692  PROXIES: TOTAL 95 MAXPE 14 MAXPATCH 5 RefineTorusLB 0.567399
LDB: ============== END OF LOAD BALANCING =============== 596.834

PRESSURE: 10000 309.705 -130.884 -41.2252 -130.577 -223.202 191.575 -42.5661 190.825 347.1
GPRESSURE: 10000 432.162 -221.226 -43.9485 -95.8738 -183.163 141.593 -1.69884 229.182 314.522
PRESSAVG: 10000 41.2465 16.9628 -3.09359 17.0492 84.7022 5.46794 -4.59704 4.71015 54.6485
GPRESSAVG: 10000 41.3239 16.9887 -3.41731 17.245 84.9894 5.62143 -4.571 4.78664 54.5804
TIMING: 10000  CPU: 723.963, 0.0719403/step  Wall: 723.963, 0.0719403/step, 1.79851 hours remaining, 202.847656 MB of memory in use.
ENERGY:   10000       417.7012      1029.7044       627.5781        74.6693         -87924.1118      7352.6339         0.2472         0.0000     15005.3540         -63416.2237       306.4171    -78421.5777    -63366.2624       309.7094            144.5343       187.8401    238499.3195        60.1991        60.2979

WRITING EXTENDED SYSTEM TO RESTART FILE AT STEP 10000
WRITING COORDINATES TO DCD FILE AT STEP 10000
WRITING COORDINATES TO RESTART FILE AT STEP 10000
FINISHED WRITING RESTART COORDINATES
WRITING VELOCITIES TO RESTART FILE AT STEP 10000
FINISHED WRITING RESTART VELOCITIES
LDB: ============= START OF LOAD BALANCING ============== 736.416
LDB: ============== END OF LOAD BALANCING =============== 736.526

LDB: ============= START OF LOAD BALANCING ============== 740.146
LDB: TIME 740.148 LOAD: AVG 3.46959 MAX 3.54567  PROXIES: TOTAL 95 MAXPE 14 MAXPATCH 5 None 0.567545
LDB: TIME 740.149 LOAD: AVG 3.46959 MAX 3.54567  PROXIES: TOTAL 95 MAXPE 14 MAXPATCH 5 RefineTorusLB 0.567545
LDB: ============== END OF LOAD BALANCING =============== 740.15

LDB: ============= START OF LOAD BALANCING ============== 878.674
LDB: ============== END OF LOAD BALANCING =============== 878.784

LDB: ============= START OF LOAD BALANCING ============== 882.547
LDB: TIME 882.592 LOAD: AVG 3.47761 MAX 3.53941  PROXIES: TOTAL 95 MAXPE 14 MAXPATCH 5 None 0.570557
LDB: TIME 882.593 LOAD: AVG 3.47761 MAX 3.53941  PROXIES: TOTAL 95 MAXPE 14 MAXPATCH 5 RefineTorusLB 0.570557
LDB: ============== END OF LOAD BALANCING =============== 882.594

LDB: ============= START OF LOAD BALANCING ============== 1022.01
LDB: ============== END OF LOAD BALANCING =============== 1022.12

LDB: ============= START OF LOAD BALANCING ============== 1025.78
LDB: TIME 1025.82 LOAD: AVG 3.48744 MAX 3.59009  PROXIES: TOTAL 95 MAXPE 14 MAXPATCH 5 None 0.573215
LDB: TIME 1025.82 LOAD: AVG 3.48744 MAX 3.59009  PROXIES: TOTAL 95 MAXPE 14 MAXPATCH 5 RefineTorusLB 0.573215
LDB: ============== END OF LOAD BALANCING =============== 1025.82

PRESSURE: 15000 -111.012 -113.822 168.419 -112.012 -234.053 -60.812 167.218 -61.2361 370.549
GPRESSURE: 15000 -4.39421 -32.3984 225.66 -327.223 -224.128 -154.347 198.411 41.6659 355.485
PRESSAVG: 15000 -9.46071 6.12261 5.70368 7.10851 -7.28396 7.84203 4.25437 7.16079 22.1383
GPRESSAVG: 15000 -9.22202 6.14486 5.78028 6.96761 -7.24803 7.80358 4.12609 7.07628 22.2589
TIMING: 15000  CPU: 1080.62, 0.0713319/step  Wall: 1080.62, 0.0713319/step, 1.68423 hours remaining, 203.933594 MB of memory in use.
ENERGY:   15000       384.0995       989.7309       617.3859        78.0411         -87686.9343      7137.5040         0.3941         0.0000     15177.2053         -63302.5734       309.9264    -78479.7787    -63261.7015       309.5398              8.4945        42.3210    238499.3195         1.7979         1.9296

WRITING EXTENDED SYSTEM TO RESTART FILE AT STEP 15000
WRITING COORDINATES TO DCD FILE AT STEP 15000
WRITING COORDINATES TO RESTART FILE AT STEP 15000
FINISHED WRITING RESTART COORDINATES
WRITING VELOCITIES TO RESTART FILE AT STEP 15000
FINISHED WRITING RESTART VELOCITIES
LDB: ============= START OF LOAD BALANCING ============== 1164.78
LDB: ============== END OF LOAD BALANCING =============== 1164.86

LDB: ============= START OF LOAD BALANCING ============== 1168.48
LDB: TIME 1168.49 LOAD: AVG 3.48439 MAX 3.5707  PROXIES: TOTAL 95 MAXPE 14 MAXPATCH 5 None 0.572352
LDB: TIME 1168.49 LOAD: AVG 3.48439 MAX 3.5707  PROXIES: TOTAL 95 MAXPE 14 MAXPATCH 5 RefineTorusLB 0.572352
LDB: ============== END OF LOAD BALANCING =============== 1168.49

LDB: ============= START OF LOAD BALANCING ============== 1308.35
LDB: ============== END OF LOAD BALANCING =============== 1308.46

LDB: ============= START OF LOAD BALANCING ============== 1312.11
LDB: TIME 1312.12 LOAD: AVG 3.45727 MAX 3.55411  PROXIES: TOTAL 95 MAXPE 14 MAXPATCH 5 None 0.562773
LDB: TIME 1312.12 LOAD: AVG 3.45727 MAX 3.55411  PROXIES: TOTAL 95 MAXPE 14 MAXPATCH 5 RefineTorusLB 0.562773
LDB: ============== END OF LOAD BALANCING =============== 1312.12

PRESSURE: 20000 -232.14 -260.784 -257.067 -257.279 -431.74 -71.6808 -258.637 -73.1844 -504.497
GPRESSURE: 20000 -224.894 -411.843 -95.4093 -252.49 -362.903 -168.692 -351.969 -123.023 -480.145
PRESSAVG: 20000 25.6857 15.1032 15.9994 17.8351 1.44142 -29.9182 15.4446 -30.4789 11.7212
GPRESSAVG: 20000 25.8586 15.2011 16.0473 17.7486 1.36601 -29.8036 15.1289 -30.3779 11.7839
TIMING: 20000  CPU: 1438.94, 0.071664/step  Wall: 1438.94, 0.071664/step, 1.59253 hours remaining, 204.152344 MB of memory in use.
ENERGY:   20000       405.6141      1057.6065       650.7613        69.8778         -87443.8486      6887.7027         0.7675         0.0000     14984.1842         -63387.3345       305.9848    -78371.5186    -63355.0701       309.2639           -389.4592      -355.9809    238499.3195        12.9495        13.0029

WRITING EXTENDED SYSTEM TO RESTART FILE AT STEP 20000
WRITING COORDINATES TO DCD FILE AT STEP 20000
WRITING COORDINATES TO RESTART FILE AT STEP 20000
FINISHED WRITING RESTART COORDINATES
WRITING VELOCITIES TO RESTART FILE AT STEP 20000
FINISHED WRITING RESTART VELOCITIES
LDB: ============= START OF LOAD BALANCING ============== 1451.23
LDB: ============== END OF LOAD BALANCING =============== 1451.28

LDB: ============= START OF LOAD BALANCING ============== 1455
LDB: TIME 1455.03 LOAD: AVG 3.47736 MAX 3.6165  PROXIES: TOTAL 95 MAXPE 14 MAXPATCH 5 None 0.57553
LDB: TIME 1455.03 LOAD: AVG 3.47736 MAX 3.6165  PROXIES: TOTAL 95 MAXPE 14 MAXPATCH 5 RefineTorusLB 0.57553
LDB: ============== END OF LOAD BALANCING =============== 1455.03

LDB: ============= START OF LOAD BALANCING ============== 1593.79
LDB: ============== END OF LOAD BALANCING =============== 1593.79

LDB: ============= START OF LOAD BALANCING ============== 1597.35
LDB: TIME 1597.35 LOAD: AVG 3.45304 MAX 3.56074  PROXIES: TOTAL 95 MAXPE 14 MAXPATCH 5 None 0.560879
LDB: TIME 1597.35 LOAD: AVG 3.45304 MAX 3.56074  PROXIES: TOTAL 95 MAXPE 14 MAXPATCH 5 RefineTorusLB 0.560879
LDB: ============== END OF LOAD BALANCING =============== 1597.36

LDB: ============= START OF LOAD BALANCING ============== 1734.9
LDB: ============== END OF LOAD BALANCING =============== 1734.9

LDB: ============= START OF LOAD BALANCING ============== 1738.46
LDB: TIME 1738.46 LOAD: AVG 3.46112 MAX 3.55  PROXIES: TOTAL 95 MAXPE 14 MAXPATCH 5 None 0.56284
LDB: TIME 1738.46 LOAD: AVG 3.46112 MAX 3.55  PROXIES: TOTAL 95 MAXPE 14 MAXPATCH 5 RefineTorusLB 0.56284
LDB: ============== END OF LOAD BALANCING =============== 1738.47

PRESSURE: 25000 98.4737 -157.812 202.46 -154.402 189.606 293.415 201.968 292.096 463.882
GPRESSURE: 25000 185.534 -160.981 217.43 -64.1483 230.161 335.017 165.009 270.43 431.425
PRESSAVG: 25000 16.093 1.19396 -7.34279 4.49625 -6.5787 -13.1561 -7.98968 -13.8819 8.50493
GPRESSAVG: 25000 15.8015 1.16696 -7.52262 4.68737 -6.5457 -12.904 -7.96203 -14.0642 8.69088
TIMING: 25000  CPU: 1793.71, 0.0709536/step  Wall: 1793.71, 0.0709536/step, 1.4782 hours remaining, 204.281250 MB of memory in use.
ENERGY:   25000       401.9781      1033.3901       647.8539        66.9392         -87860.8602      7291.0410         0.7981         0.0000     15216.8701         -63201.9898       310.7364    -78418.8599    -63152.2873       309.0291            250.6539       282.3733    238499.3195         6.0064         5.9822

WRITING EXTENDED SYSTEM TO RESTART FILE AT STEP 25000
WRITING COORDINATES TO DCD FILE AT STEP 25000
WRITING COORDINATES TO RESTART FILE AT STEP 25000
FINISHED WRITING RESTART COORDINATES
WRITING VELOCITIES TO RESTART FILE AT STEP 25000
FINISHED WRITING RESTART VELOCITIES
LDB: ============= START OF LOAD BALANCING ============== 1876.28
LDB: ============== END OF LOAD BALANCING =============== 1876.28

LDB: ============= START OF LOAD BALANCING ============== 1879.8
LDB: TIME 1879.8 LOAD: AVG 3.45645 MAX 3.51095  PROXIES: TOTAL 95 MAXPE 14 MAXPATCH 5 None 0.566712
LDB: TIME 1879.8 LOAD: AVG 3.45645 MAX 3.51095  PROXIES: TOTAL 95 MAXPE 14 MAXPATCH 5 RefineTorusLB 0.566712
LDB: ============== END OF LOAD BALANCING =============== 1879.8

LDB: ============= START OF LOAD BALANCING ============== 2017.78
LDB: ============== END OF LOAD BALANCING =============== 2017.78

LDB: ============= START OF LOAD BALANCING ============== 2021.3
LDB: TIME 2021.3 LOAD: AVG 3.46547 MAX 3.50868  PROXIES: TOTAL 95 MAXPE 14 MAXPATCH 5 None 0.572326
LDB: TIME 2021.3 LOAD: AVG 3.46547 MAX 3.50868  PROXIES: TOTAL 95 MAXPE 14 MAXPATCH 5 RefineTorusLB 0.572326
LDB: ============== END OF LOAD BALANCING =============== 2021.3

PRESSURE: 30000 240.117 -105.755 -17.1126 -103.591 -426.824 187.436 -18.5683 187.185 443.256
GPRESSURE: 30000 290.565 -77.2362 -73.1946 -145.182 -364.528 110.394 -30.7164 133.324 467.866
PRESSAVG: 30000 58.4949 -16.8819 -5.02428 -13.3692 23.418 19.9009 -5.72789 19.1733 47.06
GPRESSAVG: 30000 58.6402 -16.974 -5.00727 -13.4512 23.2655 19.8842 -6.13292 19.2071 47.2106
TIMING: 30000  CPU: 2146.72, 0.0706014/step  Wall: 2146.72, 0.0706014/step, 1.37281 hours remaining, 204.546875 MB of memory in use.
ENERGY:   30000       406.1832      1004.1862       637.1740        68.8657         -87889.4877      7243.5163         0.4787         0.0000     15203.5891         -63325.4945       310.4652    -78529.0836    -63270.4030       309.2127             85.5166       131.3008    238499.3195        42.9910        43.0388

WRITING EXTENDED SYSTEM TO RESTART FILE AT STEP 30000
WRITING COORDINATES TO DCD FILE AT STEP 30000
WRITING COORDINATES TO RESTART FILE AT STEP 30000
FINISHED WRITING RESTART COORDINATES
WRITING VELOCITIES TO RESTART FILE AT STEP 30000
FINISHED WRITING RESTART VELOCITIES
LDB: ============= START OF LOAD BALANCING ============== 2159.05
LDB: ============== END OF LOAD BALANCING =============== 2159.05

LDB: ============= START OF LOAD BALANCING ============== 2162.58
LDB: TIME 2162.58 LOAD: AVG 3.46916 MAX 3.51981  PROXIES: TOTAL 95 MAXPE 14 MAXPATCH 5 None 0.568607
LDB: TIME 2162.58 LOAD: AVG 3.46916 MAX 3.51981  PROXIES: TOTAL 95 MAXPE 14 MAXPATCH 5 RefineTorusLB 0.568607
LDB: ============== END OF LOAD BALANCING =============== 2162.58

LDB: ============= START OF LOAD BALANCING ============== 2300.68
LDB: ============== END OF LOAD BALANCING =============== 2300.68

LDB: ============= START OF LOAD BALANCING ============== 2304.22
LDB: TIME 2304.22 LOAD: AVG 3.46932 MAX 3.53101  PROXIES: TOTAL 95 MAXPE 14 MAXPATCH 5 None 0.568747
LDB: TIME 2304.22 LOAD: AVG 3.46932 MAX 3.53101  PROXIES: TOTAL 95 MAXPE 14 MAXPATCH 5 RefineTorusLB 0.568747
LDB: ============== END OF LOAD BALANCING =============== 2304.22

LDB: ============= START OF LOAD BALANCING ============== 2441.75
LDB: ============== END OF LOAD BALANCING =============== 2441.75

LDB: ============= START OF LOAD BALANCING ============== 2445.28
LDB: TIME 2445.28 LOAD: AVG 3.46311 MAX 3.51815  PROXIES: TOTAL 95 MAXPE 14 MAXPATCH 5 None 0.56879
LDB: TIME 2445.28 LOAD: AVG 3.46311 MAX 3.51815  PROXIES: TOTAL 95 MAXPE 14 MAXPATCH 5 RefineTorusLB 0.56879
LDB: ============== END OF LOAD BALANCING =============== 2445.28

WRITING COORDINATES TO DCD FILE AT STEP 35000
WRITING COORDINATES TO RESTART FILE AT STEP 35000
FINISHED WRITING RESTART COORDINATES
PRESSURE: 35000 116.853 70.4561 -252.629 71.4397 -38.3521 59.6142 -253.775 60.5044 19.8845
GPRESSURE: 35000 249.398 -31.7857 -265.596 120.934 -0.275951 7.35088 -333.769 51.8988 -56.9037
PRESSAVG: 35000 -42.105 13.7364 5.00489 15.6195 18.0654 17.1701 3.82835 17.7443 24.9576
GPRESSAVG: 35000 -42.1889 13.4434 5.163 15.5052 18.2059 17.0242 3.96667 17.551 24.8821
TIMING: 35000  CPU: 2500.11, 0.0706782/step  Wall: 2500.11, 0.0706782/step, 1.27613 hours remaining, 204.812500 MB of memory in use.
ENERGY:   35000       392.7781      1063.4967       623.5412        71.9427         -87876.4764      7269.4998         0.4132         0.0000     14983.0732         -63471.7315       305.9622    -78454.8047    -63435.7495       309.0930             32.7950        64.0726    238499.3195         0.3060         0.2997

WRITING EXTENDED SYSTEM TO RESTART FILE AT STEP 35000
WRITING VELOCITIES TO RESTART FILE AT STEP 35000
FINISHED WRITING RESTART VELOCITIES
LDB: ============= START OF LOAD BALANCING ============== 2582.96
LDB: ============== END OF LOAD BALANCING =============== 2582.98

LDB: ============= START OF LOAD BALANCING ============== 2586.56
LDB: TIME 2586.56 LOAD: AVG 3.46139 MAX 3.53069  PROXIES: TOTAL 95 MAXPE 14 MAXPATCH 5 None 0.566842
LDB: TIME 2586.57 LOAD: AVG 3.46139 MAX 3.53069  PROXIES: TOTAL 95 MAXPE 14 MAXPATCH 5 RefineTorusLB 0.566842
LDB: ============== END OF LOAD BALANCING =============== 2586.57

LDB: ============= START OF LOAD BALANCING ============== 2723.98
LDB: ============== END OF LOAD BALANCING =============== 2724.01

LDB: ============= START OF LOAD BALANCING ============== 2727.72
LDB: TIME 2727.72 LOAD: AVG 3.49228 MAX 3.67073  PROXIES: TOTAL 95 MAXPE 14 MAXPATCH 5 None 0.566763
LDB: TIME 2727.72 LOAD: AVG 3.49228 MAX 3.66082  PROXIES: TOTAL 95 MAXPE 14 MAXPATCH 5 RefineTorusLB 0.566763
LDB: ============== END OF LOAD BALANCING =============== 2727.73

PRESSURE: 40000 181.48 95.602 54.8274 97.0405 640.101 -71.444 53.1719 -70.609 77.623
GPRESSURE: 40000 159.833 55.8643 -113.183 122.603 650.427 93.6842 181.65 -222.374 161.925
PRESSAVG: 40000 10.5468 -36.3095 2.34948 -34.5495 38.4614 -12.8608 1.29106 -11.8961 7.70441
GPRESSAVG: 40000 10.6542 -36.3584 2.47444 -34.5613 38.1643 -13.0484 1.58867 -11.7882 7.66232
TIMING: 40000  CPU: 2853.81, 0.0707396/step  Wall: 2853.81, 0.0707396/step, 1.17899 hours remaining, 204.902344 MB of memory in use.
ENERGY:   40000       409.6074      1061.7742       619.5272        60.9475         -87706.3691      7357.5180         0.6134         0.0000     15003.3757         -63193.0058       306.3767    -78196.3815    -63140.8341       309.2183            299.7348       324.0617    238499.3195        18.9042        18.8270

WRITING EXTENDED SYSTEM TO RESTART FILE AT STEP 40000
WRITING COORDINATES TO DCD FILE AT STEP 40000
WRITING COORDINATES TO RESTART FILE AT STEP 40000
FINISHED WRITING RESTART COORDINATES
WRITING VELOCITIES TO RESTART FILE AT STEP 40000
FINISHED WRITING RESTART VELOCITIES
LDB: ============= START OF LOAD BALANCING ============== 2866.14
LDB: ============== END OF LOAD BALANCING =============== 2866.21

LDB: ============= START OF LOAD BALANCING ============== 2869.81
LDB: TIME 2869.86 LOAD: AVG 3.45995 MAX 3.56011  PROXIES: TOTAL 95 MAXPE 14 MAXPATCH 5 None 0.566071
LDB: TIME 2869.87 LOAD: AVG 3.45995 MAX 3.56011  PROXIES: TOTAL 95 MAXPE 14 MAXPATCH 5 RefineTorusLB 0.566071
LDB: ============== END OF LOAD BALANCING =============== 2869.87

LDB: ============= START OF LOAD BALANCING ============== 3008.73
LDB: ============== END OF LOAD BALANCING =============== 3008.84

LDB: ============= START OF LOAD BALANCING ============== 3012.46
LDB: TIME 3012.5 LOAD: AVG 3.45783 MAX 3.53193  PROXIES: TOTAL 95 MAXPE 14 MAXPATCH 5 None 0.563783
LDB: TIME 3012.5 LOAD: AVG 3.45783 MAX 3.53193  PROXIES: TOTAL 95 MAXPE 14 MAXPATCH 5 RefineTorusLB 0.563783
LDB: ============== END OF LOAD BALANCING =============== 3012.5

LDB: ============= START OF LOAD BALANCING ============== 3151.64
LDB: ============== END OF LOAD BALANCING =============== 3151.75

LDB: ============= START OF LOAD BALANCING ============== 3155.71
LDB: TIME 3155.74 LOAD: AVG 3.50482 MAX 3.8352  PROXIES: TOTAL 95 MAXPE 14 MAXPATCH 5 None 0.603076
LDB: TIME 3155.75 LOAD: AVG 3.50482 MAX 3.66535  PROXIES: TOTAL 95 MAXPE 14 MAXPATCH 5 RefineTorusLB 0.603076
LDB: ============== END OF LOAD BALANCING =============== 3155.75

PRESSURE: 45000 115.536 -205.34 187.725 -204.043 228.34 -97.3359 185.768 -97.958 -95.0698
GPRESSURE: 45000 157.906 -267.679 330.932 -118.65 214.765 -21.4563 107.019 -173.118 -5.52351
PRESSAVG: 45000 5.49864 -5.2297 -3.41257 -3.47585 39.6401 1.58986 -5.00377 1.45658 41.5522
GPRESSAVG: 45000 5.41704 -5.3444 -3.12097 -3.61374 39.7427 1.91671 -4.86685 1.29803 41.6495
TIMING: 45000  CPU: 3211.26, 0.0714908/step  Wall: 3211.26, 0.0714908/step, 1.09222 hours remaining, 205.039062 MB of memory in use.
ENERGY:   45000       375.5080      1079.9022       612.1579        70.9484         -87355.8794      7020.3794         0.5064         0.0000     15305.4795         -62890.9976       312.5459    -78196.4770    -62843.6731       309.6407             82.9355       122.3827    238499.3195        28.8970        28.9364

WRITING EXTENDED SYSTEM TO RESTART FILE AT STEP 45000
WRITING COORDINATES TO DCD FILE AT STEP 45000
WRITING COORDINATES TO RESTART FILE AT STEP 45000
FINISHED WRITING RESTART COORDINATES
WRITING VELOCITIES TO RESTART FILE AT STEP 45000
FINISHED WRITING RESTART VELOCITIES
LDB: ============= START OF LOAD BALANCING ============== 3294.93
LDB: ============== END OF LOAD BALANCING =============== 3295.04

LDB: ============= START OF LOAD BALANCING ============== 3299.14
LDB: TIME 3299.19 LOAD: AVG 3.46278 MAX 3.54241  PROXIES: TOTAL 95 MAXPE 14 MAXPATCH 5 None 0.564576
LDB: TIME 3299.19 LOAD: AVG 3.46278 MAX 3.54241  PROXIES: TOTAL 95 MAXPE 14 MAXPATCH 5 RefineTorusLB 0.564576
LDB: ============== END OF LOAD BALANCING =============== 3299.19

LDB: ============= START OF LOAD BALANCING ============== 3438.76
LDB: ============== END OF LOAD BALANCING =============== 3438.87

LDB: ============= START OF LOAD BALANCING ============== 3442.53
LDB: TIME 3442.53 LOAD: AVG 3.4611 MAX 3.56053  PROXIES: TOTAL 95 MAXPE 14 MAXPATCH 5 None 0.564302
LDB: TIME 3442.53 LOAD: AVG 3.4611 MAX 3.56053  PROXIES: TOTAL 95 MAXPE 14 MAXPATCH 5 RefineTorusLB 0.564302
LDB: ============== END OF LOAD BALANCING =============== 3442.53

PRESSURE: 50000 -63.6323 -32.3064 59.3432 -30.8855 -117.934 -17.2955 57.7746 -17.2875 42.2556
GPRESSURE: 50000 1.45786 -118.85 -48.8231 -28.3707 -121.153 74.1822 2.44154 -154.418 72.6185
PRESSAVG: 50000 24.8334 -10.4832 -0.34034 -9.39409 23.9014 -6.41902 -1.9563 -6.59772 57.3529
GPRESSAVG: 50000 24.9042 -10.6144 -0.582509 -9.25198 23.9345 -6.43095 -1.84941 -6.6401 57.0525
TIMING: 50000  CPU: 3570.02, 0.0717518/step  Wall: 3570.02, 0.0717518/step, 0.996553 hours remaining, 205.082031 MB of memory in use.
ETITLE:      TS           BOND          ANGLE          DIHED          IMPRP               ELECT            VDW       BOUNDARY           MISC        KINETIC               TOTAL           TEMP      POTENTIAL         TOTAL3        TEMPAVG            PRESSURE      GPRESSURE         VOLUME       PRESSAVG      GPRESSAVG

ENERGY:   50000       420.8604      1083.0153       633.4707        73.3206         -87387.7267      7126.9139         0.3814         0.0000     15162.8294         -62886.9349       309.6329    -78049.7643    -62845.2758       309.9163            -46.4370       -15.6922    238499.3195        35.3626        35.2971

WRITING EXTENDED SYSTEM TO RESTART FILE AT STEP 50000
WRITING COORDINATES TO DCD FILE AT STEP 50000
WRITING COORDINATES TO RESTART FILE AT STEP 50000
FINISHED WRITING RESTART COORDINATES
WRITING VELOCITIES TO RESTART FILE AT STEP 50000
FINISHED WRITING RESTART VELOCITIES
LDB: ============= START OF LOAD BALANCING ============== 3582.4
LDB: ============== END OF LOAD BALANCING =============== 3582.51

LDB: ============= START OF LOAD BALANCING ============== 3586.38
LDB: TIME 3586.64 LOAD: AVG 3.47651 MAX 3.55411  PROXIES: TOTAL 95 MAXPE 14 MAXPATCH 5 None 0.564579
LDB: TIME 3586.65 LOAD: AVG 3.47651 MAX 3.55411  PROXIES: TOTAL 95 MAXPE 14 MAXPATCH 5 RefineTorusLB 0.564579
LDB: ============== END OF LOAD BALANCING =============== 3586.65

LDB: ============= START OF LOAD BALANCING ============== 3726.5
LDB: ============== END OF LOAD BALANCING =============== 3727.04

LDB: ============= START OF LOAD BALANCING ============== 3731.09
LDB: TIME 3731.1 LOAD: AVG 3.47383 MAX 3.58032  PROXIES: TOTAL 95 MAXPE 14 MAXPATCH 5 None 0.565623
LDB: TIME 3731.1 LOAD: AVG 3.47383 MAX 3.58032  PROXIES: TOTAL 95 MAXPE 14 MAXPATCH 5 RefineTorusLB 0.565623
LDB: ============== END OF LOAD BALANCING =============== 3731.1

LDB: ============= START OF LOAD BALANCING ============== 3870.66
LDB: ============== END OF LOAD BALANCING =============== 3870.87

LDB: ============= START OF LOAD BALANCING ============== 3874.58
LDB: TIME 3874.58 LOAD: AVG 3.46271 MAX 3.52281  PROXIES: TOTAL 95 MAXPE 14 MAXPATCH 5 None 0.566249
LDB: TIME 3874.59 LOAD: AVG 3.46271 MAX 3.52281  PROXIES: TOTAL 95 MAXPE 14 MAXPATCH 5 RefineTorusLB 0.566249
LDB: ============== END OF LOAD BALANCING =============== 3874.59

PRESSURE: 55000 183.927 88.3192 -18.7301 89.0546 -193.087 -201.983 -20.129 -202.088 61.8804
GPRESSURE: 55000 226.874 171.313 -14.297 41.5371 -174.047 -152.149 -180.866 -382.048 68.859
PRESSAVG: 55000 32.6943 11.4303 8.31378 13.0673 55.7528 20.3397 7.03467 20.2988 39.3699
GPRESSAVG: 55000 32.498 11.3003 8.50146 13.0023 55.8477 20.2451 6.93124 20.3443 39.3743
TIMING: 55000  CPU: 3929.84, 0.0719634/step  Wall: 3929.84, 0.0719634/step, 0.899542 hours remaining, 205.171875 MB of memory in use.
ENERGY:   55000       422.9193      1021.9644       626.0538        63.1428         -88000.2238      7308.9798         0.3387         0.0000     15215.9473         -63340.8778       310.7176    -78556.8251    -63302.8482       309.6680             17.5733        40.5619    238499.3195        42.6057        42.5733

WRITING EXTENDED SYSTEM TO RESTART FILE AT STEP 55000
WRITING COORDINATES TO DCD FILE AT STEP 55000
WRITING COORDINATES TO RESTART FILE AT STEP 55000
FINISHED WRITING RESTART COORDINATES
WRITING VELOCITIES TO RESTART FILE AT STEP 55000
FINISHED WRITING RESTART VELOCITIES
LDB: ============= START OF LOAD BALANCING ============== 4013.26
LDB: ============== END OF LOAD BALANCING =============== 4013.37

LDB: ============= START OF LOAD BALANCING ============== 4017.13
LDB: TIME 4017.26 LOAD: AVG 3.45806 MAX 3.5243  PROXIES: TOTAL 95 MAXPE 14 MAXPATCH 5 None 0.567243
LDB: TIME 4017.26 LOAD: AVG 3.45806 MAX 3.5243  PROXIES: TOTAL 95 MAXPE 14 MAXPATCH 5 RefineTorusLB 0.567243
LDB: ============== END OF LOAD BALANCING =============== 4017.32

LDB: ============= START OF LOAD BALANCING ============== 4156.8
LDB: ============== END OF LOAD BALANCING =============== 4156.95

LDB: ============= START OF LOAD BALANCING ============== 4160.62
LDB: TIME 4160.63 LOAD: AVG 3.46167 MAX 3.53952  PROXIES: TOTAL 95 MAXPE 14 MAXPATCH 5 None 0.568596
LDB: TIME 4160.63 LOAD: AVG 3.46167 MAX 3.53952  PROXIES: TOTAL 95 MAXPE 14 MAXPATCH 5 RefineTorusLB 0.568596
LDB: ============== END OF LOAD BALANCING =============== 4160.63

PRESSURE: 60000 -69.8778 103.097 180.441 103.572 -158.114 -169.935 178.376 -170.334 266.121
GPRESSURE: 60000 -74.3571 165.786 152.798 4.14087 -66.5031 -102.778 61.1636 -252.266 269.749
PRESSAVG: 60000 7.10732 -9.53878 -11.5503 -8.56389 12.376 -25.4416 -13.4035 -25.7066 44.6591
GPRESSAVG: 60000 7.10397 -9.59819 -11.5211 -8.38211 12.4613 -25.6438 -13.5306 -25.7999 44.8237
TIMING: 60000  CPU: 4287.14, 0.0714615/step  Wall: 4287.14, 0.0714615/step, 0.794017 hours remaining, 205.171875 MB of memory in use.
ENERGY:   60000       421.9877      1051.9056       628.7269        65.1161         -87568.8733      7198.6754         0.3926         0.0000     14979.6333         -63222.4356       305.8919    -78202.0690    -63183.4217       308.5990             12.7097        42.9628    238499.3195        21.3808        21.4630

WRITING EXTENDED SYSTEM TO RESTART FILE AT STEP 60000
WRITING COORDINATES TO DCD FILE AT STEP 60000
WRITING COORDINATES TO RESTART FILE AT STEP 60000
FINISHED WRITING RESTART COORDINATES
WRITING VELOCITIES TO RESTART FILE AT STEP 60000
FINISHED WRITING RESTART VELOCITIES
LDB: ============= START OF LOAD BALANCING ============== 4299.52
LDB: ============== END OF LOAD BALANCING =============== 4299.63

LDB: ============= START OF LOAD BALANCING ============== 4303.41
LDB: TIME 4303.46 LOAD: AVG 3.48562 MAX 3.56162  PROXIES: TOTAL 95 MAXPE 14 MAXPATCH 5 None 0.572445
LDB: TIME 4303.46 LOAD: AVG 3.48562 MAX 3.56162  PROXIES: TOTAL 95 MAXPE 14 MAXPATCH 5 RefineTorusLB 0.572445
LDB: ============== END OF LOAD BALANCING =============== 4303.46

LDB: ============= START OF LOAD BALANCING ============== 4441.9
LDB: ============== END OF LOAD BALANCING =============== 4442.08

LDB: ============= START OF LOAD BALANCING ============== 4446.19
LDB: TIME 4446.24 LOAD: AVG 3.49758 MAX 3.53036  PROXIES: TOTAL 95 MAXPE 14 MAXPATCH 5 None 0.595041
LDB: TIME 4446.24 LOAD: AVG 3.49758 MAX 3.53036  PROXIES: TOTAL 95 MAXPE 14 MAXPATCH 5 RefineTorusLB 0.595041
LDB: ============== END OF LOAD BALANCING =============== 4446.24

LDB: ============= START OF LOAD BALANCING ============== 4585.73
LDB: ============== END OF LOAD BALANCING =============== 4585.85

LDB: ============= START OF LOAD BALANCING ============== 4589.54
LDB: TIME 4589.59 LOAD: AVG 3.47475 MAX 3.5442  PROXIES: TOTAL 95 MAXPE 14 MAXPATCH 5 None 0.574912
LDB: TIME 4589.6 LOAD: AVG 3.47475 MAX 3.5442  PROXIES: TOTAL 95 MAXPE 14 MAXPATCH 5 RefineTorusLB 0.574912
LDB: ============== END OF LOAD BALANCING =============== 4589.6

PRESSURE: 65000 134.626 -188.917 -47.6471 -186.501 87.8021 -60.6393 -48.7934 -60.8181 238.974
GPRESSURE: 65000 130.224 -177.524 -131.23 -273.352 176.023 7.77198 59.3116 8.29352 225.138
PRESSAVG: 65000 41.1301 -2.58581 6.36918 -0.820235 23.6877 -8.62014 5.26515 -8.80996 31.2728
GPRESSAVG: 65000 40.9639 -2.47038 6.49216 -0.863653 23.7646 -8.61387 5.44456 -8.74113 31.2948
TIMING: 65000  CPU: 4645.23, 0.0716173/step  Wall: 4645.23, 0.0716173/step, 0.696279 hours remaining, 205.171875 MB of memory in use.
ENERGY:   65000       405.0741      1046.6090       633.1922        68.6224         -87572.8573      7108.8107         0.6253         0.0000     15077.6226         -63232.3010       307.8929    -78309.9236    -63186.2544       308.7392            153.8007       177.1284    238499.3195        32.0302        32.0078

WRITING EXTENDED SYSTEM TO RESTART FILE AT STEP 65000
WRITING COORDINATES TO DCD FILE AT STEP 65000
WRITING COORDINATES TO RESTART FILE AT STEP 65000
FINISHED WRITING RESTART COORDINATES
WRITING VELOCITIES TO RESTART FILE AT STEP 65000
FINISHED WRITING RESTART VELOCITIES
LDB: ============= START OF LOAD BALANCING ============== 4728.88
LDB: ============== END OF LOAD BALANCING =============== 4729.01

LDB: ============= START OF LOAD BALANCING ============== 4732.6
LDB: TIME 4732.63 LOAD: AVG 3.46654 MAX 3.52879  PROXIES: TOTAL 95 MAXPE 14 MAXPATCH 5 None 0.56893
LDB: TIME 4732.63 LOAD: AVG 3.46654 MAX 3.52879  PROXIES: TOTAL 95 MAXPE 14 MAXPATCH 5 RefineTorusLB 0.56893
LDB: ============== END OF LOAD BALANCING =============== 4732.63

LDB: ============= START OF LOAD BALANCING ============== 4871.48
LDB: ============== END OF LOAD BALANCING =============== 4871.59

LDB: ============= START OF LOAD BALANCING ============== 4875.24
LDB: TIME 4875.24 LOAD: AVG 3.476 MAX 3.54477  PROXIES: TOTAL 95 MAXPE 14 MAXPATCH 5 None 0.569771
LDB: TIME 4875.24 LOAD: AVG 3.476 MAX 3.54477  PROXIES: TOTAL 95 MAXPE 14 MAXPATCH 5 RefineTorusLB 0.569771
LDB: ============== END OF LOAD BALANCING =============== 4875.24

PRESSURE: 70000 -99.8789 5.76512 -228.617 6.73477 -8.89629 -217.541 -231.204 -217.927 -466.749
GPRESSURE: 70000 -130.384 38.4718 -174.652 116.292 -48.6246 -199.078 -274.212 -248.816 -316.793
PRESSAVG: 70000 -6.52665 -23.4799 -6.23083 -21.3584 -14.7552 -35.4316 -8.01652 -35.6704 9.95213
GPRESSAVG: 70000 -6.52991 -23.5264 -6.51163 -21.1532 -14.5012 -35.5511 -7.81131 -35.8205 9.97192
TIMING: 70000  CPU: 5001.62, 0.0712787/step  Wall: 5001.62, 0.0712787/step, 0.593989 hours remaining, 205.171875 MB of memory in use.
ENERGY:   70000       395.1579      1027.7113       640.2803        65.0013         -87503.1468      6919.4622         0.7193         0.0000     15160.7499         -63294.0645       309.5904    -78454.8144    -63235.2901       308.9744           -191.8414      -165.2672    238499.3195        -3.7766        -3.6864

WRITING EXTENDED SYSTEM TO RESTART FILE AT STEP 70000
WRITING COORDINATES TO DCD FILE AT STEP 70000
WRITING COORDINATES TO RESTART FILE AT STEP 70000
FINISHED WRITING RESTART COORDINATES
WRITING VELOCITIES TO RESTART FILE AT STEP 70000
FINISHED WRITING RESTART VELOCITIES
LDB: ============= START OF LOAD BALANCING ============== 5013.97
LDB: ============== END OF LOAD BALANCING =============== 5014.08

LDB: ============= START OF LOAD BALANCING ============== 5017.7
LDB: TIME 5017.7 LOAD: AVG 3.46888 MAX 3.55588  PROXIES: TOTAL 95 MAXPE 14 MAXPATCH 5 None 0.568791
LDB: TIME 5017.7 LOAD: AVG 3.46888 MAX 3.55588  PROXIES: TOTAL 95 MAXPE 14 MAXPATCH 5 RefineTorusLB 0.568791
LDB: ============== END OF LOAD BALANCING =============== 5017.7

LDB: ============= START OF LOAD BALANCING ============== 5156
LDB: ============== END OF LOAD BALANCING =============== 5156.11

LDB: ============= START OF LOAD BALANCING ============== 5159.76
LDB: TIME 5159.77 LOAD: AVG 3.46787 MAX 3.55303  PROXIES: TOTAL 95 MAXPE 14 MAXPATCH 5 None 0.569157
LDB: TIME 5159.77 LOAD: AVG 3.46787 MAX 3.55303  PROXIES: TOTAL 95 MAXPE 14 MAXPATCH 5 RefineTorusLB 0.569157
LDB: ============== END OF LOAD BALANCING =============== 5159.77

LDB: ============= START OF LOAD BALANCING ============== 5298.81
LDB: ============== END OF LOAD BALANCING =============== 5298.92

LDB: ============= START OF LOAD BALANCING ============== 5302.6
LDB: TIME 5302.6 LOAD: AVG 3.46321 MAX 3.57913  PROXIES: TOTAL 95 MAXPE 14 MAXPATCH 5 None 0.56796
LDB: TIME 5302.6 LOAD: AVG 3.46321 MAX 3.57913  PROXIES: TOTAL 95 MAXPE 14 MAXPATCH 5 RefineTorusLB 0.56796
LDB: ============== END OF LOAD BALANCING =============== 5302.61

PRESSURE: 75000 158.941 48.4546 -207.146 48.6844 299.078 -3.75809 -210.388 -3.18466 -232.253
GPRESSURE: 75000 169.161 80.6723 -69.952 -19.4767 320.139 -129.457 -336.133 -3.77123 -164.47
PRESSAVG: 75000 -5.37486 -55.4602 -7.19407 -54.6161 6.61644 -7.90868 -9.8338 -7.91392 1.00143
GPRESSAVG: 75000 -5.17616 -55.7039 -7.2821 -54.5148 6.19792 -7.8035 -9.84824 -7.90911 1.09505
TIMING: 75000  CPU: 5357.94, 0.0712625/step  Wall: 5357.94, 0.0712625/step, 0.494879 hours remaining, 205.171875 MB of memory in use.
ENERGY:   75000       391.8920      1042.0981       630.1713        64.5873         -87943.2431      7234.7581         1.4399         0.0000     15092.7735         -63485.5228       308.2023    -78578.2963    -63448.8485       308.5067             75.2555       108.2764    238499.3195         0.7477         0.7056

WRITING EXTENDED SYSTEM TO RESTART FILE AT STEP 75000
WRITING COORDINATES TO DCD FILE AT STEP 75000
WRITING COORDINATES TO RESTART FILE AT STEP 75000
FINISHED WRITING RESTART COORDINATES
WRITING VELOCITIES TO RESTART FILE AT STEP 75000
FINISHED WRITING RESTART VELOCITIES
LDB: ============= START OF LOAD BALANCING ============== 5441.74
LDB: ============== END OF LOAD BALANCING =============== 5442.06

LDB: ============= START OF LOAD BALANCING ============== 5445.7
LDB: TIME 5445.78 LOAD: AVG 3.46847 MAX 3.52385  PROXIES: TOTAL 95 MAXPE 14 MAXPATCH 5 None 0.571905
LDB: TIME 5445.78 LOAD: AVG 3.46847 MAX 3.52385  PROXIES: TOTAL 95 MAXPE 14 MAXPATCH 5 RefineTorusLB 0.571905
LDB: ============== END OF LOAD BALANCING =============== 5445.78

LDB: ============= START OF LOAD BALANCING ============== 5584.49
LDB: ============== END OF LOAD BALANCING =============== 5584.66

LDB: ============= START OF LOAD BALANCING ============== 5588.41
LDB: TIME 5588.53 LOAD: AVG 3.4627 MAX 3.53863  PROXIES: TOTAL 95 MAXPE 14 MAXPATCH 5 None 0.567375
LDB: TIME 5588.53 LOAD: AVG 3.4627 MAX 3.53863  PROXIES: TOTAL 95 MAXPE 14 MAXPATCH 5 RefineTorusLB 0.567375
LDB: ============== END OF LOAD BALANCING =============== 5588.53

PRESSURE: 80000 11.1712 -97.9301 54.2045 -99.19 -183.317 316.309 51.2992 315.824 79.7516
GPRESSURE: 80000 30.1764 -23.3856 30.6695 44.5816 -140.711 272.355 16.5791 409.206 92.3316
PRESSAVG: 80000 10.5756 -20.4236 5.58396 -21.0206 85.9225 5.96423 2.45955 6.05757 51.91
GPRESSAVG: 80000 10.6489 -20.3256 5.42918 -21.0804 85.8728 6.01172 2.31388 6.16628 51.9139
TIMING: 80000  CPU: 5715.44, 0.0714997/step  Wall: 5715.44, 0.0714997/step, 0.397221 hours remaining, 205.214844 MB of memory in use.
ENERGY:   80000       423.4453      1084.5031       633.7771        67.7335         -88043.6809      7339.4047         1.1350         0.0000     15277.4518         -63216.2304       311.9735    -78493.6822    -63172.0515       309.8929            -30.7979        -6.0678    238499.3195        49.4694        49.4786

WRITING EXTENDED SYSTEM TO RESTART FILE AT STEP 80000
WRITING COORDINATES TO DCD FILE AT STEP 80000
WRITING COORDINATES TO RESTART FILE AT STEP 80000
FINISHED WRITING RESTART COORDINATES
WRITING VELOCITIES TO RESTART FILE AT STEP 80000
FINISHED WRITING RESTART VELOCITIES
LDB: ============= START OF LOAD BALANCING ============== 5727.85
LDB: ============== END OF LOAD BALANCING =============== 5727.96

LDB: ============= START OF LOAD BALANCING ============== 5731.81
LDB: TIME 5731.82 LOAD: AVG 3.46645 MAX 3.52031  PROXIES: TOTAL 95 MAXPE 14 MAXPATCH 5 None 0.566825
LDB: TIME 5731.82 LOAD: AVG 3.46645 MAX 3.52031  PROXIES: TOTAL 95 MAXPE 14 MAXPATCH 5 RefineTorusLB 0.566825
LDB: ============== END OF LOAD BALANCING =============== 5731.82

LDB: ============= START OF LOAD BALANCING ============== 5870.68
LDB: ============== END OF LOAD BALANCING =============== 5870.9

LDB: ============= START OF LOAD BALANCING ============== 5874.69
LDB: TIME 5874.81 LOAD: AVG 3.47255 MAX 3.52289  PROXIES: TOTAL 95 MAXPE 14 MAXPATCH 5 None 0.570182
LDB: TIME 5874.82 LOAD: AVG 3.47255 MAX 3.52289  PROXIES: TOTAL 95 MAXPE 14 MAXPATCH 5 RefineTorusLB 0.570182
LDB: ============== END OF LOAD BALANCING =============== 5874.82

LDB: ============= START OF LOAD BALANCING ============== 6016.04
LDB: ============== END OF LOAD BALANCING =============== 6016.17

LDB: ============= START OF LOAD BALANCING ============== 6020
LDB: TIME 6020 LOAD: AVG 3.51649 MAX 3.65241  PROXIES: TOTAL 95 MAXPE 14 MAXPATCH 5 None 0.575808
LDB: TIME 6020 LOAD: AVG 3.51649 MAX 3.65241  PROXIES: TOTAL 95 MAXPE 14 MAXPATCH 5 RefineTorusLB 0.575808
LDB: ============== END OF LOAD BALANCING =============== 6020

PRESSURE: 85000 -132.769 -103.199 -18.7886 -103.111 -10.5826 -214.012 -21.0163 -213.939 -249.919
GPRESSURE: 85000 -56.9699 -162.257 -127.437 54.0047 30.6523 -157.713 59.8853 -162.703 -237.938
PRESSAVG: 85000 -7.52092 -1.2723 -13.3253 -1.34543 -4.86722 -5.09736 -15.8378 -4.89846 25.6447
GPRESSAVG: 85000 -7.77146 -1.27073 -13.1742 -1.42832 -4.9677 -5.40122 -15.8456 -4.76687 25.2891
TIMING: 85000  CPU: 6077.04, 0.0723199/step  Wall: 6077.04, 0.0723199/step, 0.301333 hours remaining, 205.214844 MB of memory in use.
ENERGY:   85000       424.2419      1080.1567       629.8384        67.7383         -87567.5554      7141.8703         0.9144         0.0000     15109.5530         -63113.2423       308.5449    -78222.7953    -63078.5940       308.7829           -131.0902       -88.0851    238499.3195         4.4189         4.1833

WRITING EXTENDED SYSTEM TO RESTART FILE AT STEP 85000
WRITING COORDINATES TO DCD FILE AT STEP 85000
WRITING COORDINATES TO RESTART FILE AT STEP 85000
FINISHED WRITING RESTART COORDINATES
WRITING VELOCITIES TO RESTART FILE AT STEP 85000
FINISHED WRITING RESTART VELOCITIES
LDB: ============= START OF LOAD BALANCING ============== 6163.64
LDB: ============== END OF LOAD BALANCING =============== 6163.86

LDB: ============= START OF LOAD BALANCING ============== 6167.65
LDB: TIME 6167.69 LOAD: AVG 3.49357 MAX 3.67535  PROXIES: TOTAL 95 MAXPE 14 MAXPATCH 5 None 0.573686
LDB: TIME 6167.7 LOAD: AVG 3.49357 MAX 3.66635  PROXIES: TOTAL 95 MAXPE 14 MAXPATCH 5 RefineTorusLB 0.573686
LDB: ============== END OF LOAD BALANCING =============== 6167.7

LDB: ============= START OF LOAD BALANCING ============== 6310.77
LDB: ============== END OF LOAD BALANCING =============== 6310.92

LDB: ============= START OF LOAD BALANCING ============== 6314.8
LDB: TIME 6314.8 LOAD: AVG 3.49477 MAX 3.67164  PROXIES: TOTAL 95 MAXPE 14 MAXPATCH 5 None 0.572447
LDB: TIME 6314.8 LOAD: AVG 3.49477 MAX 3.66389  PROXIES: TOTAL 95 MAXPE 14 MAXPATCH 5 RefineTorusLB 0.572447
LDB: ============== END OF LOAD BALANCING =============== 6314.81

PRESSURE: 90000 281.165 -60.9849 14.0079 -60.4877 239.638 -263.225 11.3419 -262.796 72.5701
GPRESSURE: 90000 311.858 -94.3185 57.8161 -167.914 301.668 -356.925 55.889 -188.096 102.533
PRESSAVG: 90000 -9.93655 26.2876 3.54742 26.8321 0.625441 -27.4263 0.908654 -27.3713 20.1658
GPRESSAVG: 90000 -9.80239 26.2997 3.49942 26.8009 0.673316 -27.4467 0.825435 -27.3417 20.2461
TIMING: 90000  CPU: 6446.49, 0.0738908/step  Wall: 6446.49, 0.0738908/step, 0.205252 hours remaining, 205.214844 MB of memory in use.
ENERGY:   90000       398.9051      1047.5227       631.7390        70.3465         -87911.3612      7250.7647         1.0040         0.0000     15089.2542         -63421.8252       308.1304    -78511.0793    -63367.7382       308.9490            197.7909       238.6862    238499.3195         3.6182         3.7057

WRITING EXTENDED SYSTEM TO RESTART FILE AT STEP 90000
WRITING COORDINATES TO DCD FILE AT STEP 90000
WRITING COORDINATES TO RESTART FILE AT STEP 90000
FINISHED WRITING RESTART COORDINATES
WRITING VELOCITIES TO RESTART FILE AT STEP 90000
FINISHED WRITING RESTART VELOCITIES
LDB: ============= START OF LOAD BALANCING ============== 6459.52
LDB: ============== END OF LOAD BALANCING =============== 6459.63

LDB: ============= START OF LOAD BALANCING ============== 6463.55
LDB: TIME 6463.61 LOAD: AVG 3.49436 MAX 3.63998  PROXIES: TOTAL 95 MAXPE 14 MAXPATCH 5 None 0.575724
LDB: TIME 6463.61 LOAD: AVG 3.49436 MAX 3.63998  PROXIES: TOTAL 95 MAXPE 14 MAXPATCH 5 RefineTorusLB 0.575724
LDB: ============== END OF LOAD BALANCING =============== 6463.61

LDB: ============= START OF LOAD BALANCING ============== 6606.63
LDB: ============== END OF LOAD BALANCING =============== 6606.82

LDB: ============= START OF LOAD BALANCING ============== 6610.55
LDB: TIME 6610.55 LOAD: AVG 3.49928 MAX 3.62372  PROXIES: TOTAL 95 MAXPE 14 MAXPATCH 5 None 0.574592
LDB: TIME 6610.55 LOAD: AVG 3.49928 MAX 3.62372  PROXIES: TOTAL 95 MAXPE 14 MAXPATCH 5 RefineTorusLB 0.574592
LDB: ============== END OF LOAD BALANCING =============== 6610.55

LDB: ============= START OF LOAD BALANCING ============== 6753.01
LDB: ============== END OF LOAD BALANCING =============== 6753.12

LDB: ============= START OF LOAD BALANCING ============== 6756.81
LDB: TIME 6756.81 LOAD: AVG 3.52812 MAX 3.6467  PROXIES: TOTAL 95 MAXPE 14 MAXPATCH 5 None 0.58348
LDB: TIME 6756.82 LOAD: AVG 3.52812 MAX 3.6467  PROXIES: TOTAL 95 MAXPE 14 MAXPATCH 5 RefineTorusLB 0.58348
LDB: ============== END OF LOAD BALANCING =============== 6756.82

PRESSURE: 95000 185.437 -517.503 2.06185 -517.643 110.062 53.4985 -1.50897 53.0229 -109.33
GPRESSURE: 95000 238.917 -417.885 69.8616 -443.876 47.8268 67.4845 99.3977 157.339 -38.0584
PRESSAVG: 95000 10.9112 11.8122 25.2441 12.0145 -4.77009 -14.0557 22.0212 -14.137 31.0602
GPRESSAVG: 95000 10.7421 11.8456 25.1727 12.1044 -4.66938 -14.1942 21.9946 -14.0675 30.9137
TIMING: 95000  CPU: 6814.18, 0.0735378/step  Wall: 6814.18, 0.0735378/step, 0.102136 hours remaining, 205.214844 MB of memory in use.
ENERGY:   95000       417.2167      1055.3630       661.8527        77.7877         -87460.3852      7211.4328         1.3355         0.0000     15196.5116         -62838.8853       310.3207    -78035.3969    -62797.9356       309.9555             62.0562        82.8951    238499.3195        12.4004        12.3288

WRITING EXTENDED SYSTEM TO RESTART FILE AT STEP 95000
WRITING COORDINATES TO DCD FILE AT STEP 95000
WRITING COORDINATES TO RESTART FILE AT STEP 95000
FINISHED WRITING RESTART COORDINATES
WRITING VELOCITIES TO RESTART FILE AT STEP 95000
FINISHED WRITING RESTART VELOCITIES
LDB: ============= START OF LOAD BALANCING ============== 6899.68
LDB: ============== END OF LOAD BALANCING =============== 6899.68

LDB: ============= START OF LOAD BALANCING ============== 6903.37
LDB: TIME 6903.37 LOAD: AVG 3.5282 MAX 3.62639  PROXIES: TOTAL 95 MAXPE 14 MAXPATCH 5 None 0.58599
LDB: TIME 6903.37 LOAD: AVG 3.5282 MAX 3.62639  PROXIES: TOTAL 95 MAXPE 14 MAXPATCH 5 RefineTorusLB 0.58599
LDB: ============== END OF LOAD BALANCING =============== 6903.37

LDB: ============= START OF LOAD BALANCING ============== 7045.26
LDB: ============== END OF LOAD BALANCING =============== 7045.26

LDB: ============= START OF LOAD BALANCING ============== 7048.84
LDB: TIME 7048.84 LOAD: AVG 3.51397 MAX 3.57003  PROXIES: TOTAL 95 MAXPE 14 MAXPATCH 5 None 0.583844
LDB: TIME 7048.85 LOAD: AVG 3.51397 MAX 3.57003  PROXIES: TOTAL 95 MAXPE 14 MAXPATCH 5 RefineTorusLB 0.583844
LDB: ============== END OF LOAD BALANCING =============== 7048.85

PRESSURE: 100000 -340.431 24.1283 189.752 24.2825 -137.518 7.47384 185.409 6.41215 -558.489
GPRESSURE: 100000 -320.266 52.5483 249.966 69.3062 -49.3312 41.5553 176.794 -16.4609 -540.61
PRESSAVG: 100000 47.4028 -7.84629 -10.501 -7.68894 35.7319 12.0015 -14.6315 10.7135 46.1197
GPRESSAVG: 100000 47.3017 -8.04274 -10.5104 -7.60259 35.9234 11.9941 -14.5462 10.8584 46.0537
TIMING: 100000  CPU: 7177.98, 0.0727613/step  Wall: 7177.98, 0.0727613/step, 0 hours remaining, 205.214844 MB of memory in use.
ETITLE:      TS           BOND          ANGLE          DIHED          IMPRP               ELECT            VDW       BOUNDARY           MISC        KINETIC               TOTAL           TEMP      POTENTIAL         TOTAL3        TEMPAVG            PRESSURE      GPRESSURE         VOLUME       PRESSAVG      GPRESSAVG

ENERGY:  100000       430.3326      1088.4013       632.3852        61.0309         -87830.0378      7133.1469         1.6947         0.0000     15033.6351         -63449.4111       306.9947    -78483.0462    -63411.6828       308.3861           -345.4791      -303.4025    238499.3195        43.0848        43.0929

WRITING EXTENDED SYSTEM TO RESTART FILE AT STEP 100000
WRITING COORDINATES TO DCD FILE AT STEP 100000
WRITING COORDINATES TO RESTART FILE AT STEP 100000
FINISHED WRITING RESTART COORDINATES
WRITING VELOCITIES TO RESTART FILE AT STEP 100000
FINISHED WRITING RESTART VELOCITIES
WRITING EXTENDED SYSTEM TO OUTPUT FILE AT STEP 100000
CLOSING EXTENDED SYSTEM TRAJECTORY FILE
WRITING COORDINATES TO OUTPUT FILE AT STEP 100000
CLOSING COORDINATE DCD FILE
WRITING VELOCITIES TO OUTPUT FILE AT STEP 100000
====================================================

WallClock: 7180.397949  CPUTime: 7180.397949  Memory: 205.214844 MB
End of program
