Charm++> Running on MPI version: 2.1 multi-thread support: 0 (max supported: -1)
Warning> Randomization of stack pointer is turned on in kernel, thread migration may not work! Run 'echo 0 > /proc/sys/kernel/randomize_va_space' as root to disable it, or try run with '+isomalloc_sync'.  
Charm++> Running on 5 unique compute nodes (8-way SMP).
Charm++> Cpu topology info:
PE to node map: 0 1 1 2 2 3 4 4 
Node to PE map:
Chip #0: 0 
Chip #1: 1 2 
Chip #2: 3 4 
Chip #3: 5 
Chip #4: 6 7 
Charm++> cpu topology info is gathered in 0.007 seconds.
Info: NAMD 2.7 for Linux-x86_64
Info: 
Info: Please visit http://www.ks.uiuc.edu/Research/namd/
Info: and send feedback or bug reports to namd@ks.uiuc.edu
Info: 
Info: Please cite Phillips et al., J. Comp. Chem. 26:1781-1802 (2005)
Info: in all publications reporting results obtained with NAMD.
Info: 
Info: Based on Charm++/Converse 60202 for mpi-linux-x86_64
Info: Built Wed Oct 20 15:01:48 EST 2010 by root on tango-m.vpac.org
Info: 1 NAMD  2.7  Linux-x86_64  8    tango091.vpac.org  mike
Info: Running on 8 processors.
Info: CPU topology information available.
Info: Charm++/Converse parallel runtime startup completed at 0.010886 s
Info: 109.301 MB of memory in use based on /proc/self/stat
Info: Configuration file is aspirin_rs_short.conf
TCL: Suspending until startup complete.
Info: EXTENDED SYSTEM FILE   generic_restartfile.restart.xsc
Info: SIMULATION PARAMETERS:
Info: TIMESTEP               2
Info: NUMBER OF STEPS        100000
Info: STEPS PER CYCLE        10
Info: PERIODIC CELL BASIS 1  62.7573 0 0
Info: PERIODIC CELL BASIS 2  0 61.3495 0
Info: PERIODIC CELL BASIS 3  0 0 61.9458
Info: PERIODIC CELL CENTER   0 0 0
Info: WRAPPING WATERS AROUND PERIODIC BOUNDARIES ON OUTPUT.
Info: WRAPPING ALL CLUSTERS AROUND PERIODIC BOUNDARIES ON OUTPUT.
Info: LOAD BALANCER  Centralized
Info: LOAD BALANCING STRATEGY  New Load Balancers -- ASB
Info: LDB PERIOD             2000 steps
Info: FIRST LDB TIMESTEP     50
Info: LAST LDB TIMESTEP     -1
Info: LDB BACKGROUND SCALING 1
Info: HOM BACKGROUND SCALING 1
Info: PME BACKGROUND SCALING 1
Info: MAX SELF PARTITIONS    20
Info: MAX PAIR PARTITIONS    8
Info: SELF PARTITION ATOMS   154
Info: SELF2 PARTITION ATOMS   154
Info: PAIR PARTITION ATOMS   318
Info: PAIR2 PARTITION ATOMS  637
Info: MIN ATOMS PER PATCH    100
Info: VELOCITY FILE          generic_restartfile.restart.vel
Info: CENTER OF MASS MOVING INITIALLY? NO
Info: DIELECTRIC             1
Info: EXCLUDE                SCALED ONE-FOUR
Info: 1-4 ELECTROSTATICS SCALED BY 1
Info: MODIFIED 1-4 VDW PARAMETERS WILL BE USED
Info: DCD FILENAME           generic_restartfile.dcd
Info: DCD FREQUENCY          5000
Info: DCD FIRST STEP         5000
Info: DCD FILE WILL CONTAIN UNIT CELL DATA
Info: XST FILENAME           generic_restartfile.xst
Info: XST FREQUENCY          5000
Info: NO VELOCITY DCD OUTPUT
Info: OUTPUT FILENAME        generic_restartfile
Info: BINARY OUTPUT FILES WILL BE USED
Info: RESTART FILENAME       generic_restartfile.restart
Info: RESTART FREQUENCY      5000
Info: BINARY RESTART FILES WILL BE USED
Info: SWITCHING ACTIVE
Info: SWITCHING ON           10
Info: SWITCHING OFF          12
Info: PAIRLIST DISTANCE      14
Info: PAIRLIST SHRINK RATE   0.01
Info: PAIRLIST GROW RATE     0.01
Info: PAIRLIST TRIGGER       0.3
Info: PAIRLISTS PER CYCLE    2
Info: PAIRLISTS ENABLED
Info: MARGIN                 0
Info: HYDROGEN GROUP CUTOFF  2.5
Info: PATCH DIMENSION        16.5
Info: ENERGY OUTPUT STEPS    5000
Info: CROSSTERM ENERGY INCLUDED IN DIHEDRAL
Info: TIMING OUTPUT STEPS    5000
Info: PRESSURE OUTPUT STEPS  5000
Info: HARMONIC CONSTRAINTS ACTIVE
Info: HARMONIC CONS EXP      2
Info: HARMONIC CONS SCALING  0.2
Info: LANGEVIN DYNAMICS ACTIVE
Info: LANGEVIN TEMPERATURE   310
Info: LANGEVIN DAMPING COEFFICIENT IS 5 INVERSE PS
Info: LANGEVIN DYNAMICS NOT APPLIED TO HYDROGENS
Info: PARTICLE MESH EWALD (PME) ACTIVE
Info: PME TOLERANCE               1e-06
Info: PME EWALD COEFFICIENT       0.257952
Info: PME INTERPOLATION ORDER     4
Info: PME GRID DIMENSIONS         64 64 64
Info: PME MAXIMUM GRID SPACING    1.5
Info: Attempting to read FFTW data from FFTW_NAMD_2.7_Linux-x86_64.txt
Info: Optimizing 6 FFT steps.  1... 2... 3... 4... 5... 6...   Done.
Info: Writing FFTW data to FFTW_NAMD_2.7_Linux-x86_64.txt
Info: FULL ELECTROSTATIC EVALUATION FREQUENCY      2
Info: USING VERLET I (r-RESPA) MTS SCHEME.
Info: C1 SPLITTING OF LONG RANGE ELECTROSTATICS
Info: PLACING ATOMS IN PATCHES BY HYDROGEN GROUPS
Info: RIGID BONDS TO HYDROGEN : ALL
Info:         ERROR TOLERANCE : 1e-08
Info:          MAX ITERATIONS : 100
Info: RIGID WATER USING SETTLE ALGORITHM
Info: RANDOM NUMBER SEED     1291885462
Info: USE HYDROGEN BONDS?    NO
Info: COORDINATE PDB         InputFiles/A2_aspirin4_ion.pdb
Info: STRUCTURE FILE         InputFiles/A2_aspirin4_ion.psf
Info: PARAMETER file: CHARMM format! 
Info: PARAMETERS             InputFiles/par_all27_prot_na.inp
Info: PARAMETERS             InputFiles/aspirin_ion.par
Info: USING ARITHMETIC MEAN TO COMBINE L-J SIGMA PARAMETERS
Info: BINARY COORDINATES     generic_restartfile.restart.coor
Info: SUMMARY OF PARAMETERS:
Info: 259 BONDS
Info: 634 ANGLES
Info: 1070 DIHEDRAL
Info: 79 IMPROPER
Info: 0 CROSSTERM
Info: 138 VDW
Info: 0 VDW_PAIRS
Info: TIME FOR READING PSF FILE: 0.236692
Info: TIME FOR READING PDB FILE: 0.0634
Info: 
Info: Reading from binary file generic_restartfile.restart.coor
Info: ****************************
Info: STRUCTURE SUMMARY:
Info: 24149 ATOMS
Info: 16714 BONDS
Info: 10696 ANGLES
Info: 4762 DIHEDRALS
Info: 366 IMPROPERS
Info: 0 CROSSTERMS
Info: 0 EXCLUSIONS
Info: 4 CONSTRAINTS
Info: 23161 RIGID BONDS
Info: 49286 DEGREES OF FREEDOM
Info: 8427 HYDROGEN GROUPS
Info: 4 ATOMS IN LARGEST HYDROGEN GROUP
Info: 8427 MIGRATION GROUPS
Info: 4 ATOMS IN LARGEST MIGRATION GROUP
Info: TOTAL MASS = 148527 amu
Info: TOTAL CHARGE = 1.37277e-06 e
Info: MASS DENSITY = 1.03414 g/cm^3
Info: ATOM DENSITY = 0.101254 atoms/A^3
Info: *****************************
Info: 
Info: Entering startup at 0.392316 s, 170.18 MB of memory in use
Info: Startup phase 0 took 0.000354052 s, 170.18 MB of memory in use
Info: Startup phase 1 took 0.0625551 s, 177.355 MB of memory in use
Info: Startup phase 2 took 0.000509977 s, 177.543 MB of memory in use
Info: PATCH GRID IS 3 (PERIODIC) BY 3 (PERIODIC) BY 3 (PERIODIC)
Info: PATCH GRID IS 1-AWAY BY 1-AWAY BY 1-AWAY
Info: Reading from binary file generic_restartfile.restart.vel
Info: REMOVING COM VELOCITY -0.015139 0.041237 0.0279656
Info: LARGEST PATCH (16) HAS 930 ATOMS
Info: Startup phase 3 took 0.0218921 s, 181.742 MB of memory in use
Info: PME using 8 and 8 processors for FFT and reciprocal sum.
Info: PME GRID LOCATIONS: 0 1 2 3 4 5 6 7
Info: PME TRANS LOCATIONS: 0 1 2 3 4 5 6 7
Info: Optimizing 4 FFT steps.  1... 2... 3... 4...   Done.
Info: Startup phase 4 took 0.00163198 s, 182.211 MB of memory in use
Info: Startup phase 5 took 0.00870991 s, 181.684 MB of memory in use
LDB: Central LB being created...
Info: Startup phase 6 took 1.205 s, 181.684 MB of memory in use
Info: CREATING 1847 COMPUTE OBJECTS
Info: useSync: 1 useProxySync: 0
Info: NONBONDED TABLE R-SQUARED SPACING: 0.0625
Info: NONBONDED TABLE SIZE: 769 POINTS
Info: Startup phase 7 took 0.00428796 s, 182.559 MB of memory in use
Info: Startup phase 8 took 0.000207186 s, 182.559 MB of memory in use
Info: Finished startup at 1.69746 s, 182.559 MB of memory in use

PRESSURE: 0 63.731 -76.0258 -203.249 -76.0258 87.4741 164.971 -203.249 164.971 180.563
GPRESSURE: 0 160.841 -231.942 -231.464 -104.64 133.614 6.30544 -53.6189 296.065 150.249
ETITLE:      TS           BOND          ANGLE          DIHED          IMPRP               ELECT            VDW       BOUNDARY           MISC        KINETIC               TOTAL           TEMP      POTENTIAL         TOTAL3        TEMPAVG            PRESSURE      GPRESSURE         VOLUME       PRESSAVG      GPRESSAVG

ENERGY:       0       388.5716      1023.9121       625.4585        73.3041         -87778.0970      7188.7345         0.0000         0.0000     15108.8763         -63369.2400       308.5311    -78478.1163    -63325.5901       308.5311            110.5893       148.2346    238499.3195       110.5893       148.2346

OPENING EXTENDED SYSTEM TRAJECTORY FILE
LDB: ============= START OF LOAD BALANCING ============== 6.9205
LDB: ============== END OF LOAD BALANCING =============== 6.92065

Info: Initial time: 8 CPUs 0.101138 s/step 0.585287 days/ns 193.191 MB memory
LDB: ============= START OF LOAD BALANCING ============== 11.5063
LDB: TIME 11.5079 LOAD: AVG 3.59459 MAX 4.58371  PROXIES: TOTAL 95 MAXPE 14 MAXPATCH 5 None 0.583535
LDB: TIME 11.5116 LOAD: AVG 3.59459 MAX 3.59477  PROXIES: TOTAL 95 MAXPE 14 MAXPATCH 5 TorusLB 0.583535
LDB: TIME 11.5116 LOAD: AVG 3.59459 MAX 3.59477  PROXIES: TOTAL 95 MAXPE 14 MAXPATCH 5 TorusLB 0.583535
LDB: ============== END OF LOAD BALANCING =============== 11.5568

Info: Initial time: 8 CPUs 0.0934962 s/step 0.541066 days/ns 193.277 MB memory
LDB: ============= START OF LOAD BALANCING ============== 15.6922
LDB: TIME 15.6936 LOAD: AVG 3.60522 MAX 3.7596  PROXIES: TOTAL 95 MAXPE 14 MAXPATCH 5 None 0.599528
LDB: TIME 15.6946 LOAD: AVG 3.60522 MAX 3.7596  PROXIES: TOTAL 95 MAXPE 14 MAXPATCH 5 RefineTorusLB 0.599528
LDB: ============== END OF LOAD BALANCING =============== 15.6959

Info: Initial time: 8 CPUs 0.0764819 s/step 0.442604 days/ns 194.234 MB memory
LDB: ============= START OF LOAD BALANCING ============== 19.722
LDB: TIME 19.7234 LOAD: AVG 3.56863 MAX 4.02387  PROXIES: TOTAL 95 MAXPE 14 MAXPATCH 5 None 0.582642
LDB: TIME 19.729 LOAD: AVG 3.56863 MAX 3.74704  PROXIES: TOTAL 95 MAXPE 14 MAXPATCH 5 RefineTorusLB 0.582642
LDB: ============== END OF LOAD BALANCING =============== 19.7315

Info: Benchmark time: 8 CPUs 0.0802931 s/step 0.464659 days/ns 194.535 MB memory
Info: Benchmark time: 8 CPUs 0.0719323 s/step 0.416275 days/ns 195.457 MB memory
Info: Benchmark time: 8 CPUs 0.0713027 s/step 0.412631 days/ns 195.734 MB memory
LDB: ============= START OF LOAD BALANCING ============== 159.877
LDB: ============== END OF LOAD BALANCING =============== 159.877

LDB: ============= START OF LOAD BALANCING ============== 163.499
LDB: TIME 163.501 LOAD: AVG 3.52976 MAX 3.6158  PROXIES: TOTAL 95 MAXPE 14 MAXPATCH 5 None 0.586722
LDB: TIME 163.502 LOAD: AVG 3.52976 MAX 3.6158  PROXIES: TOTAL 95 MAXPE 14 MAXPATCH 5 RefineTorusLB 0.586722
LDB: ============== END OF LOAD BALANCING =============== 163.503

LDB: ============= START OF LOAD BALANCING ============== 304.78
LDB: ============== END OF LOAD BALANCING =============== 304.78

LDB: ============= START OF LOAD BALANCING ============== 308.448
LDB: TIME 308.449 LOAD: AVG 3.55127 MAX 3.61759  PROXIES: TOTAL 95 MAXPE 14 MAXPATCH 5 None 0.5974
LDB: TIME 308.45 LOAD: AVG 3.55127 MAX 3.61759  PROXIES: TOTAL 95 MAXPE 14 MAXPATCH 5 RefineTorusLB 0.5974
LDB: ============== END OF LOAD BALANCING =============== 308.451

PRESSURE: 5000 -408.988 -57.402 -76.7645 -58.0547 -422.863 -129.485 -76.5159 -130.152 -341.703
GPRESSURE: 5000 -383.068 -12.1074 -208.886 -3.39031 -394.451 -260.476 74.2738 61.1922 -310.248
PRESSAVG: 5000 18.418 1.46435 9.94385 1.45542 47.1326 10.4018 9.57263 9.93443 43.6129
GPRESSAVG: 5000 18.4152 1.51596 9.64935 1.5674 46.8971 10.5503 9.53665 9.71431 43.5953
TIMING: 5000  CPU: 365.159, 0.0729692/step  Wall: 365.159, 0.0729692/step, 1.92558 hours remaining, 200.765625 MB of memory in use.
ENERGY:    5000       422.4543      1039.0764       634.6209        70.7795         -87408.3892      6935.3329         0.2454         0.0000     15062.9585         -63242.9212       307.5935    -78305.8797    -63193.6473       309.3539           -391.1845      -362.5892    238499.3195        36.3878        36.3025

WRITING EXTENDED SYSTEM TO RESTART FILE AT STEP 5000
OPENING COORDINATE DCD FILE
WRITING COORDINATES TO DCD FILE AT STEP 5000
WRITING COORDINATES TO RESTART FILE AT STEP 5000
FINISHED WRITING RESTART COORDINATES
WRITING VELOCITIES TO RESTART FILE AT STEP 5000
FINISHED WRITING RESTART VELOCITIES
LDB: ============= START OF LOAD BALANCING ============== 449.896
LDB: ============== END OF LOAD BALANCING =============== 449.896

LDB: ============= START OF LOAD BALANCING ============== 453.503
LDB: TIME 453.505 LOAD: AVG 3.50632 MAX 3.60413  PROXIES: TOTAL 95 MAXPE 14 MAXPATCH 5 None 0.582449
LDB: TIME 453.505 LOAD: AVG 3.50632 MAX 3.60413  PROXIES: TOTAL 95 MAXPE 14 MAXPATCH 5 RefineTorusLB 0.582449
LDB: ============== END OF LOAD BALANCING =============== 453.507

LDB: ============= START OF LOAD BALANCING ============== 595.683
LDB: ============== END OF LOAD BALANCING =============== 595.683

LDB: ============= START OF LOAD BALANCING ============== 599.313
LDB: TIME 599.315 LOAD: AVG 3.52517 MAX 3.61434  PROXIES: TOTAL 95 MAXPE 14 MAXPATCH 5 None 0.585504
LDB: TIME 599.315 LOAD: AVG 3.52517 MAX 3.61434  PROXIES: TOTAL 95 MAXPE 14 MAXPATCH 5 RefineTorusLB 0.585504
LDB: ============== END OF LOAD BALANCING =============== 599.317

PRESSURE: 10000 -28.2343 -31.378 -14.6227 -31.0078 354.947 47.0991 -13.5768 46.1006 323.536
GPRESSURE: 10000 59.7018 -1.1027 18.9687 -64.9465 377.193 149.163 -75.3225 12.1518 304.108
PRESSAVG: 10000 8.6091 -7.28521 7.05406 -7.78146 66.3688 -3.39424 7.47618 -3.98144 42.0177
GPRESSAVG: 10000 8.465 -7.24659 7.06541 -7.66095 66.5234 -2.91095 7.5609 -3.88039 41.8926
TIMING: 10000  CPU: 729.167, 0.0728016/step  Wall: 729.167, 0.0728016/step, 1.82004 hours remaining, 202.445312 MB of memory in use.
ENERGY:   10000       384.8216      1011.0267       633.2610        76.0801         -87401.8744      7185.5037         0.5659         0.0000     15102.4241         -63008.1911       308.3994    -78110.6152    -62961.9587       309.1341            216.7496       247.0010    238499.3195        38.9985        38.9603

WRITING EXTENDED SYSTEM TO RESTART FILE AT STEP 10000
WRITING COORDINATES TO DCD FILE AT STEP 10000
WRITING COORDINATES TO RESTART FILE AT STEP 10000
FINISHED WRITING RESTART COORDINATES
WRITING VELOCITIES TO RESTART FILE AT STEP 10000
FINISHED WRITING RESTART VELOCITIES
LDB: ============= START OF LOAD BALANCING ============== 741.659
LDB: ============== END OF LOAD BALANCING =============== 741.66

LDB: ============= START OF LOAD BALANCING ============== 745.256
LDB: TIME 745.258 LOAD: AVG 3.51366 MAX 3.59309  PROXIES: TOTAL 95 MAXPE 14 MAXPATCH 5 None 0.582434
LDB: TIME 745.259 LOAD: AVG 3.51366 MAX 3.59309  PROXIES: TOTAL 95 MAXPE 14 MAXPATCH 5 RefineTorusLB 0.582434
LDB: ============== END OF LOAD BALANCING =============== 745.26

LDB: ============= START OF LOAD BALANCING ============== 884.979
LDB: ============== END OF LOAD BALANCING =============== 885.005

LDB: ============= START OF LOAD BALANCING ============== 888.59
LDB: TIME 888.592 LOAD: AVG 3.5049 MAX 3.57983  PROXIES: TOTAL 95 MAXPE 14 MAXPATCH 5 None 0.57785
LDB: TIME 888.593 LOAD: AVG 3.5049 MAX 3.57983  PROXIES: TOTAL 95 MAXPE 14 MAXPATCH 5 RefineTorusLB 0.57785
LDB: ============== END OF LOAD BALANCING =============== 888.594

LDB: ============= START OF LOAD BALANCING ============== 1028.34
LDB: ============== END OF LOAD BALANCING =============== 1028.34

LDB: ============= START OF LOAD BALANCING ============== 1031.93
LDB: TIME 1031.93 LOAD: AVG 3.49601 MAX 3.58696  PROXIES: TOTAL 95 MAXPE 14 MAXPATCH 5 None 0.57618
LDB: TIME 1031.93 LOAD: AVG 3.49601 MAX 3.58696  PROXIES: TOTAL 95 MAXPE 14 MAXPATCH 5 RefineTorusLB 0.57618
LDB: ============== END OF LOAD BALANCING =============== 1031.93

PRESSURE: 15000 -111.43 177.713 -4.74569 176.55 137.303 -7.2666 -4.20973 -8.00403 -170.405
GPRESSURE: 15000 -40.2201 81.3258 -62.2232 23.5607 220.672 38.8735 3.83155 -1.89532 -233.091
PRESSAVG: 15000 24.1707 -20.8033 0.500893 -20.9123 -13.9038 -18.8593 1.7734 -19.4063 20.9633
GPRESSAVG: 15000 24.1419 -20.712 0.624782 -20.9996 -14.0822 -18.909 1.81345 -19.3698 21.0863
TIMING: 15000  CPU: 1087.76, 0.0717186/step  Wall: 1087.76, 0.0717186/step, 1.69336 hours remaining, 202.460938 MB of memory in use.
ENERGY:   15000       413.6559      1087.8627       625.1499        56.5084         -87884.6583      7331.6746         0.4385         0.0000     15114.6582         -63254.7101       308.6492    -78369.3682    -63217.5630       309.2529            -48.1776       -17.5462    238499.3195        10.4100        10.3820

WRITING EXTENDED SYSTEM TO RESTART FILE AT STEP 15000
WRITING COORDINATES TO DCD FILE AT STEP 15000
WRITING COORDINATES TO RESTART FILE AT STEP 15000
FINISHED WRITING RESTART COORDINATES
WRITING VELOCITIES TO RESTART FILE AT STEP 15000
FINISHED WRITING RESTART VELOCITIES
LDB: ============= START OF LOAD BALANCING ============== 1172.56
LDB: ============== END OF LOAD BALANCING =============== 1172.58

LDB: ============= START OF LOAD BALANCING ============== 1176.2
LDB: TIME 1176.2 LOAD: AVG 3.49868 MAX 3.59781  PROXIES: TOTAL 95 MAXPE 14 MAXPATCH 5 None 0.576151
LDB: TIME 1176.2 LOAD: AVG 3.49868 MAX 3.59781  PROXIES: TOTAL 95 MAXPE 14 MAXPATCH 5 RefineTorusLB 0.576151
LDB: ============== END OF LOAD BALANCING =============== 1176.2

LDB: ============= START OF LOAD BALANCING ============== 1316.65
LDB: ============== END OF LOAD BALANCING =============== 1316.65

LDB: ============= START OF LOAD BALANCING ============== 1320.26
LDB: TIME 1320.26 LOAD: AVG 3.49924 MAX 3.60159  PROXIES: TOTAL 95 MAXPE 14 MAXPATCH 5 None 0.576736
LDB: TIME 1320.27 LOAD: AVG 3.49924 MAX 3.60159  PROXIES: TOTAL 95 MAXPE 14 MAXPATCH 5 RefineTorusLB 0.576736
LDB: ============== END OF LOAD BALANCING =============== 1320.27

PRESSURE: 20000 -472.931 261.871 -315.546 260.518 -318.892 52.4682 -316.034 51.9052 -220.494
GPRESSURE: 20000 -341.899 215.808 -304.961 273.587 -365.507 -58.5589 -190.045 216.065 -182.012
PRESSAVG: 20000 61.3169 17.3458 -9.2503 16.4561 32.8841 -26.11 -9.18876 -26.8413 41.2701
GPRESSAVG: 20000 61.4052 17.1764 -9.50965 16.363 33.0978 -26.1123 -9.19928 -27.0307 41.1711
TIMING: 20000  CPU: 1448.6, 0.072168/step  Wall: 1448.6, 0.072168/step, 1.60373 hours remaining, 203.011719 MB of memory in use.
ENERGY:   20000       435.3403      1025.6118       614.9368        60.4614         -87630.6175      7074.2400         0.2915         0.0000     15353.8403         -63065.8954       313.5334    -78419.7357    -63012.3248       309.2859           -337.4389      -296.4727    238499.3195        45.1571        45.2247

WRITING EXTENDED SYSTEM TO RESTART FILE AT STEP 20000
WRITING COORDINATES TO DCD FILE AT STEP 20000
WRITING COORDINATES TO RESTART FILE AT STEP 20000
FINISHED WRITING RESTART COORDINATES
WRITING VELOCITIES TO RESTART FILE AT STEP 20000
FINISHED WRITING RESTART VELOCITIES
LDB: ============= START OF LOAD BALANCING ============== 1461.06
LDB: ============== END OF LOAD BALANCING =============== 1461.06

LDB: ============= START OF LOAD BALANCING ============== 1464.65
LDB: TIME 1464.65 LOAD: AVG 3.46354 MAX 3.58097  PROXIES: TOTAL 95 MAXPE 14 MAXPATCH 5 None 0.566272
LDB: TIME 1464.65 LOAD: AVG 3.46354 MAX 3.58097  PROXIES: TOTAL 95 MAXPE 14 MAXPATCH 5 RefineTorusLB 0.566272
LDB: ============== END OF LOAD BALANCING =============== 1464.65

LDB: ============= START OF LOAD BALANCING ============== 1605.01
LDB: ============== END OF LOAD BALANCING =============== 1605.01

LDB: ============= START OF LOAD BALANCING ============== 1608.61
LDB: TIME 1608.61 LOAD: AVG 3.46993 MAX 3.59079  PROXIES: TOTAL 95 MAXPE 14 MAXPATCH 5 None 0.566186
LDB: TIME 1608.61 LOAD: AVG 3.46993 MAX 3.59079  PROXIES: TOTAL 95 MAXPE 14 MAXPATCH 5 RefineTorusLB 0.566186
LDB: ============== END OF LOAD BALANCING =============== 1608.61

LDB: ============= START OF LOAD BALANCING ============== 1749.54
LDB: ============== END OF LOAD BALANCING =============== 1749.54

LDB: ============= START OF LOAD BALANCING ============== 1753.16
LDB: TIME 1753.16 LOAD: AVG 3.47717 MAX 3.61381  PROXIES: TOTAL 95 MAXPE 14 MAXPATCH 5 None 0.571731
LDB: TIME 1753.16 LOAD: AVG 3.47717 MAX 3.61381  PROXIES: TOTAL 95 MAXPE 14 MAXPATCH 5 RefineTorusLB 0.571731
LDB: ============== END OF LOAD BALANCING =============== 1753.16

PRESSURE: 25000 266.249 38.0775 -250.738 36.3275 -258.165 -41.1991 -250.514 -40.3274 -65.2627
GPRESSURE: 25000 302.995 -75.3215 -67.6097 119.657 -203.028 -148.923 -284.431 37.3305 -35.3058
PRESSAVG: 25000 15.7708 6.11189 -22.6743 4.55973 12.8104 -13.1076 -22.1115 -12.7009 11.8826
GPRESSAVG: 25000 15.9827 6.10628 -22.5613 4.4691 12.8689 -12.874 -22.1963 -12.6134 12.0213
TIMING: 25000  CPU: 1809.65, 0.0722107/step  Wall: 1809.65, 0.0722107/step, 1.50439 hours remaining, 203.269531 MB of memory in use.
ENERGY:   25000       411.0878      1059.2125       611.2487        72.5590         -87403.3505      7043.8383         0.4637         0.0000     15159.2104         -63045.7301       309.5590    -78204.9405    -63001.0270       310.0166            -19.0595        21.5539    238499.3195        13.4879        13.6243

WRITING EXTENDED SYSTEM TO RESTART FILE AT STEP 25000
WRITING COORDINATES TO DCD FILE AT STEP 25000
WRITING COORDINATES TO RESTART FILE AT STEP 25000
FINISHED WRITING RESTART COORDINATES
WRITING VELOCITIES TO RESTART FILE AT STEP 25000
FINISHED WRITING RESTART VELOCITIES
LDB: ============= START OF LOAD BALANCING ============== 1894.75
LDB: ============== END OF LOAD BALANCING =============== 1894.75

LDB: ============= START OF LOAD BALANCING ============== 1898.38
LDB: TIME 1898.38 LOAD: AVG 3.49222 MAX 3.62418  PROXIES: TOTAL 95 MAXPE 14 MAXPATCH 5 None 0.572889
LDB: TIME 1898.38 LOAD: AVG 3.49222 MAX 3.62418  PROXIES: TOTAL 95 MAXPE 14 MAXPATCH 5 RefineTorusLB 0.572889
LDB: ============== END OF LOAD BALANCING =============== 1898.38

LDB: ============= START OF LOAD BALANCING ============== 2038.84
LDB: ============== END OF LOAD BALANCING =============== 2038.84

LDB: ============= START OF LOAD BALANCING ============== 2042.45
LDB: TIME 2042.45 LOAD: AVG 3.49137 MAX 3.60351  PROXIES: TOTAL 95 MAXPE 14 MAXPATCH 5 None 0.576281
LDB: TIME 2042.45 LOAD: AVG 3.49137 MAX 3.60351  PROXIES: TOTAL 95 MAXPE 14 MAXPATCH 5 RefineTorusLB 0.576281
LDB: ============== END OF LOAD BALANCING =============== 2042.45

PRESSURE: 30000 75.8594 56.6516 230.719 54.4631 107.413 -151.609 231.529 -151.538 41.6476
GPRESSURE: 30000 72.4101 -109.674 200.039 154.172 273.12 -164.448 237.796 -210.267 -23.413
PRESSAVG: 30000 33.7306 9.79775 17.3628 7.37663 23.1506 -1.53778 17.6511 -0.903193 85.217
GPRESSAVG: 30000 33.5227 9.64073 17.0121 7.46294 23.2815 -1.57881 17.6065 -0.758366 85.5173
TIMING: 30000  CPU: 2170.28, 0.0721247/step  Wall: 2170.28, 0.0721247/step, 1.40242 hours remaining, 203.359375 MB of memory in use.
ENERGY:   30000       438.2249      1010.0480       608.6087        64.5880         -87462.9215      7211.3548         0.5431         0.0000     15137.9668         -62991.5873       309.1252    -78129.5541    -62946.8703       310.1289             74.9733       107.3723    238499.3195        47.3661        47.4405

WRITING EXTENDED SYSTEM TO RESTART FILE AT STEP 30000
WRITING COORDINATES TO DCD FILE AT STEP 30000
WRITING COORDINATES TO RESTART FILE AT STEP 30000
FINISHED WRITING RESTART COORDINATES
WRITING VELOCITIES TO RESTART FILE AT STEP 30000
FINISHED WRITING RESTART VELOCITIES
LDB: ============= START OF LOAD BALANCING ============== 2182.74
LDB: ============== END OF LOAD BALANCING =============== 2182.74

LDB: ============= START OF LOAD BALANCING ============== 2186.36
LDB: TIME 2186.37 LOAD: AVG 3.50415 MAX 3.62141  PROXIES: TOTAL 95 MAXPE 14 MAXPATCH 5 None 0.579984
LDB: TIME 2186.37 LOAD: AVG 3.50415 MAX 3.62141  PROXIES: TOTAL 95 MAXPE 14 MAXPATCH 5 RefineTorusLB 0.579984
LDB: ============== END OF LOAD BALANCING =============== 2186.37

LDB: ============= START OF LOAD BALANCING ============== 2326.18
LDB: ============== END OF LOAD BALANCING =============== 2326.18

LDB: ============= START OF LOAD BALANCING ============== 2329.76
LDB: TIME 2329.76 LOAD: AVG 3.4843 MAX 3.56325  PROXIES: TOTAL 95 MAXPE 14 MAXPATCH 5 None 0.576455
LDB: TIME 2329.76 LOAD: AVG 3.4843 MAX 3.56325  PROXIES: TOTAL 95 MAXPE 14 MAXPATCH 5 RefineTorusLB 0.576455
LDB: ============== END OF LOAD BALANCING =============== 2329.77

LDB: ============= START OF LOAD BALANCING ============== 2469.41
LDB: ============== END OF LOAD BALANCING =============== 2469.41

LDB: ============= START OF LOAD BALANCING ============== 2473.01
LDB: TIME 2473.01 LOAD: AVG 3.48924 MAX 3.59986  PROXIES: TOTAL 95 MAXPE 14 MAXPATCH 5 None 0.578924
LDB: TIME 2473.02 LOAD: AVG 3.48924 MAX 3.59986  PROXIES: TOTAL 95 MAXPE 14 MAXPATCH 5 RefineTorusLB 0.578924
LDB: ============== END OF LOAD BALANCING =============== 2473.02

PRESSURE: 35000 -256.48 169.437 2.04315 167.778 287.903 100.385 1.79751 100.226 -162.114
GPRESSURE: 35000 -172.538 223.272 53.0571 53.7146 223.721 179.739 16.4217 14.1969 -98.9575
PRESSAVG: 35000 -20.7868 28.6314 -10.7439 26.2586 15.7506 24.0741 -10.5565 24.2138 31.1818
GPRESSAVG: 35000 -20.7774 28.7602 -10.7311 26.3045 15.8806 23.9758 -10.6617 24.3784 31.4005
TIMING: 35000  CPU: 2529.23, 0.0717908/step  Wall: 2529.23, 0.0717908/step, 1.29622 hours remaining, 203.535156 MB of memory in use.
ENERGY:   35000       419.9281      1046.0099       622.7889        64.3037         -87719.3664      7296.1874         0.3302         0.0000     14958.2807         -63311.5377       305.4559    -78269.8183    -63275.1123       309.4512            -43.5639       -15.9249    238499.3195         8.7152         8.8346

WRITING EXTENDED SYSTEM TO RESTART FILE AT STEP 35000
WRITING COORDINATES TO DCD FILE AT STEP 35000
WRITING COORDINATES TO RESTART FILE AT STEP 35000
FINISHED WRITING RESTART COORDINATES
WRITING VELOCITIES TO RESTART FILE AT STEP 35000
FINISHED WRITING RESTART VELOCITIES
LDB: ============= START OF LOAD BALANCING ============== 2613.76
LDB: ============== END OF LOAD BALANCING =============== 2613.76

LDB: ============= START OF LOAD BALANCING ============== 2617.35
LDB: TIME 2617.35 LOAD: AVG 3.49307 MAX 3.58958  PROXIES: TOTAL 95 MAXPE 14 MAXPATCH 5 None 0.577811
LDB: TIME 2617.36 LOAD: AVG 3.49307 MAX 3.58958  PROXIES: TOTAL 95 MAXPE 14 MAXPATCH 5 RefineTorusLB 0.577811
LDB: ============== END OF LOAD BALANCING =============== 2617.36

LDB: ============= START OF LOAD BALANCING ============== 2757.75
LDB: ============== END OF LOAD BALANCING =============== 2757.75

LDB: ============= START OF LOAD BALANCING ============== 2761.35
LDB: TIME 2761.35 LOAD: AVG 3.49918 MAX 3.57784  PROXIES: TOTAL 95 MAXPE 14 MAXPATCH 5 None 0.576433
LDB: TIME 2761.35 LOAD: AVG 3.49918 MAX 3.57784  PROXIES: TOTAL 95 MAXPE 14 MAXPATCH 5 RefineTorusLB 0.576433
LDB: ============== END OF LOAD BALANCING =============== 2761.35

PRESSURE: 40000 327.2 -16.5469 -128.006 -18.5384 -68.9234 97.0787 -128.188 97.9094 339.774
GPRESSURE: 40000 254.318 -88.0769 30.8037 134.102 45.8504 125.226 -220.301 -46.2738 386.573
PRESSAVG: 40000 43.4924 6.76282 -8.51277 4.88162 56.582 -26.5358 -8.87335 -26.2643 40.6715
GPRESSAVG: 40000 43.5705 6.92873 -8.32721 4.84948 56.6678 -26.4466 -8.88469 -26.4268 40.5415
TIMING: 40000  CPU: 2890.1, 0.0721729/step  Wall: 2890.1, 0.0721729/step, 1.20288 hours remaining, 203.535156 MB of memory in use.
ENERGY:   40000       420.5722       999.9450       621.5863        69.2084         -87689.8207      7307.3399         0.4898         0.0000     15320.3342         -62950.3448       312.8492    -78270.6790    -62905.0594       309.4083            199.3503       228.9135    238499.3195        46.9153        46.9266

WRITING EXTENDED SYSTEM TO RESTART FILE AT STEP 40000
WRITING COORDINATES TO DCD FILE AT STEP 40000
WRITING COORDINATES TO RESTART FILE AT STEP 40000
FINISHED WRITING RESTART COORDINATES
WRITING VELOCITIES TO RESTART FILE AT STEP 40000
FINISHED WRITING RESTART VELOCITIES
LDB: ============= START OF LOAD BALANCING ============== 2902.59
LDB: ============== END OF LOAD BALANCING =============== 2902.59

LDB: ============= START OF LOAD BALANCING ============== 2906.18
LDB: TIME 2906.19 LOAD: AVG 3.49472 MAX 3.58388  PROXIES: TOTAL 95 MAXPE 14 MAXPATCH 5 None 0.579733
LDB: TIME 2906.19 LOAD: AVG 3.49472 MAX 3.58388  PROXIES: TOTAL 95 MAXPE 14 MAXPATCH 5 RefineTorusLB 0.579733
LDB: ============== END OF LOAD BALANCING =============== 2906.19

LDB: ============= START OF LOAD BALANCING ============== 3046.32
LDB: ============== END OF LOAD BALANCING =============== 3046.32

LDB: ============= START OF LOAD BALANCING ============== 3049.91
LDB: TIME 3049.91 LOAD: AVG 3.4992 MAX 3.58454  PROXIES: TOTAL 95 MAXPE 14 MAXPATCH 5 None 0.580381
LDB: TIME 3049.91 LOAD: AVG 3.4992 MAX 3.58454  PROXIES: TOTAL 95 MAXPE 14 MAXPATCH 5 RefineTorusLB 0.580381
LDB: ============== END OF LOAD BALANCING =============== 3049.91

LDB: ============= START OF LOAD BALANCING ============== 3190.32
LDB: ============== END OF LOAD BALANCING =============== 3190.32

LDB: ============= START OF LOAD BALANCING ============== 3193.93
LDB: TIME 3193.93 LOAD: AVG 3.49334 MAX 3.60388  PROXIES: TOTAL 95 MAXPE 14 MAXPATCH 5 None 0.579283
LDB: TIME 3193.94 LOAD: AVG 3.49334 MAX 3.60388  PROXIES: TOTAL 95 MAXPE 14 MAXPATCH 5 RefineTorusLB 0.579283
LDB: ============== END OF LOAD BALANCING =============== 3193.94

WRITING COORDINATES TO DCD FILE AT STEP 45000
WRITING COORDINATES TO RESTART FILE AT STEP 45000
FINISHED WRITING RESTART COORDINATES
PRESSURE: 45000 -85.7523 422.753 -115.204 419.509 -115.265 -108.419 -115.999 -109.315 135.392
GPRESSURE: 45000 -58.2468 446.918 -165.845 350.416 -68.1424 -208.928 -130.357 -55.4506 128.106
PRESSAVG: 45000 64.2809 14.071 -14.1658 11.7679 96.6391 -5.91605 -15.23 -6.41149 73.8077
GPRESSAVG: 45000 64.3184 14.1698 -14.1957 11.5409 96.808 -6.03207 -15.2487 -6.43672 74.0754
TIMING: 45000  CPU: 3250.21, 0.0720233/step  Wall: 3250.21, 0.0720233/step, 1.10036 hours remaining, 203.671875 MB of memory in use.
ENERGY:   45000       369.9197      1044.0633       646.3636        61.2212         -87320.8563      7069.2813         0.8640         0.0000     15169.6091         -62959.5342       309.7713    -78129.1433    -62907.3230       310.0390            -21.8750         0.5723    238499.3195        78.2426        78.4006

WRITING EXTENDED SYSTEM TO RESTART FILE AT STEP 45000
WRITING VELOCITIES TO RESTART FILE AT STEP 45000
FINISHED WRITING RESTART VELOCITIES
LDB: ============= START OF LOAD BALANCING ============== 3334.75
LDB: ============== END OF LOAD BALANCING =============== 3334.75

LDB: ============= START OF LOAD BALANCING ============== 3338.34
LDB: TIME 3338.34 LOAD: AVG 3.4788 MAX 3.59032  PROXIES: TOTAL 95 MAXPE 14 MAXPATCH 5 None 0.567744
LDB: TIME 3338.34 LOAD: AVG 3.4788 MAX 3.59032  PROXIES: TOTAL 95 MAXPE 14 MAXPATCH 5 RefineTorusLB 0.567744
LDB: ============== END OF LOAD BALANCING =============== 3338.34

LDB: ============= START OF LOAD BALANCING ============== 3478.5
LDB: ============== END OF LOAD BALANCING =============== 3478.5

LDB: ============= START OF LOAD BALANCING ============== 3482.09
LDB: TIME 3482.09 LOAD: AVG 3.48676 MAX 3.57116  PROXIES: TOTAL 95 MAXPE 14 MAXPATCH 5 None 0.574073
LDB: TIME 3482.09 LOAD: AVG 3.48676 MAX 3.57116  PROXIES: TOTAL 95 MAXPE 14 MAXPATCH 5 RefineTorusLB 0.574073
LDB: ============== END OF LOAD BALANCING =============== 3482.09

PRESSURE: 50000 -279.377 127.101 257.664 124.387 -429.928 -304.75 256.942 -305.295 -290.706
GPRESSURE: 50000 -229.999 111.171 271.788 89.8365 -418.248 -207.147 199.403 -394.704 -281.83
PRESSAVG: 50000 58.2911 10.1666 -5.93985 7.04216 48.8234 17.4957 -7.26501 16.5962 54.2213
GPRESSAVG: 50000 58.358 10.2111 -6.1357 7.00369 49.1377 17.6389 -7.40872 16.6475 54.5978
TIMING: 50000  CPU: 3609.76, 0.0719104/step  Wall: 3609.76, 0.0719104/step, 0.998756 hours remaining, 203.671875 MB of memory in use.
ETITLE:      TS           BOND          ANGLE          DIHED          IMPRP               ELECT            VDW       BOUNDARY           MISC        KINETIC               TOTAL           TEMP      POTENTIAL         TOTAL3        TEMPAVG            PRESSURE      GPRESSURE         VOLUME       PRESSAVG      GPRESSAVG

ENERGY:   50000       417.7265       996.1587       650.9043        68.9984         -87665.1396      7051.5373         0.6073         0.0000     15132.4146         -63346.7924       309.0118    -78479.2071    -63299.5770       310.1657           -333.3369      -310.0258    238499.3195        53.7786        54.0312

WRITING EXTENDED SYSTEM TO RESTART FILE AT STEP 50000
WRITING COORDINATES TO DCD FILE AT STEP 50000
WRITING COORDINATES TO RESTART FILE AT STEP 50000
FINISHED WRITING RESTART COORDINATES
WRITING VELOCITIES TO RESTART FILE AT STEP 50000
FINISHED WRITING RESTART VELOCITIES
LDB: ============= START OF LOAD BALANCING ============== 3622.25
LDB: ============== END OF LOAD BALANCING =============== 3622.25

LDB: ============= START OF LOAD BALANCING ============== 3625.85
LDB: TIME 3625.85 LOAD: AVG 3.48985 MAX 3.59544  PROXIES: TOTAL 95 MAXPE 14 MAXPATCH 5 None 0.577027
LDB: TIME 3625.85 LOAD: AVG 3.48985 MAX 3.59544  PROXIES: TOTAL 95 MAXPE 14 MAXPATCH 5 RefineTorusLB 0.577027
LDB: ============== END OF LOAD BALANCING =============== 3625.85

LDB: ============= START OF LOAD BALANCING ============== 3765.9
LDB: ============== END OF LOAD BALANCING =============== 3765.9

LDB: ============= START OF LOAD BALANCING ============== 3769.49
LDB: TIME 3769.49 LOAD: AVG 3.48773 MAX 3.5741  PROXIES: TOTAL 95 MAXPE 14 MAXPATCH 5 None 0.577596
LDB: TIME 3769.49 LOAD: AVG 3.48773 MAX 3.5741  PROXIES: TOTAL 95 MAXPE 14 MAXPATCH 5 RefineTorusLB 0.577596
LDB: ============== END OF LOAD BALANCING =============== 3769.49

LDB: ============= START OF LOAD BALANCING ============== 3909.69
LDB: ============== END OF LOAD BALANCING =============== 3909.69

LDB: ============= START OF LOAD BALANCING ============== 3913.29
LDB: TIME 3913.29 LOAD: AVG 3.47906 MAX 3.59127  PROXIES: TOTAL 95 MAXPE 14 MAXPATCH 5 None 0.573228
LDB: TIME 3913.29 LOAD: AVG 3.47906 MAX 3.59127  PROXIES: TOTAL 95 MAXPE 14 MAXPATCH 5 RefineTorusLB 0.573228
LDB: ============== END OF LOAD BALANCING =============== 3913.29

PRESSURE: 55000 312.367 264.515 -169.719 262.418 74.4193 66.6771 -169.845 66.0469 448.95
GPRESSURE: 55000 494.983 222.091 -94.5688 165.601 48.8087 82.661 -229.625 -61.1735 380.384
PRESSAVG: 55000 33.3298 13.4648 -21.7466 11.0607 28.372 -18.1576 -22.3927 -19.1818 38.1073
GPRESSAVG: 55000 33.1091 13.428 -21.6611 10.9336 28.3031 -18.3244 -22.3071 -19.2541 38.0346
TIMING: 55000  CPU: 3969.46, 0.07194/step  Wall: 3969.46, 0.07194/step, 0.89925 hours remaining, 203.671875 MB of memory in use.
ENERGY:   55000       409.9323      1037.8779       625.5377        69.2713         -88105.7481      7541.3198         0.6940         0.0000     15112.0774         -63309.0376       308.5965    -78421.1150    -63254.9257       309.7820            278.5790       308.0586    238499.3195        33.2697        33.1489

WRITING EXTENDED SYSTEM TO RESTART FILE AT STEP 55000
WRITING COORDINATES TO DCD FILE AT STEP 55000
WRITING COORDINATES TO RESTART FILE AT STEP 55000
FINISHED WRITING RESTART COORDINATES
WRITING VELOCITIES TO RESTART FILE AT STEP 55000
FINISHED WRITING RESTART VELOCITIES
LDB: ============= START OF LOAD BALANCING ============== 4054.29
LDB: ============== END OF LOAD BALANCING =============== 4054.29

LDB: ============= START OF LOAD BALANCING ============== 4057.9
LDB: TIME 4057.9 LOAD: AVG 3.52661 MAX 3.59562  PROXIES: TOTAL 95 MAXPE 14 MAXPATCH 5 None 0.589268
LDB: TIME 4057.91 LOAD: AVG 3.52661 MAX 3.59562  PROXIES: TOTAL 95 MAXPE 14 MAXPATCH 5 RefineTorusLB 0.589268
LDB: ============== END OF LOAD BALANCING =============== 4057.91

LDB: ============= START OF LOAD BALANCING ============== 4197.95
LDB: ============== END OF LOAD BALANCING =============== 4197.95

LDB: ============= START OF LOAD BALANCING ============== 4201.56
LDB: TIME 4201.56 LOAD: AVG 3.49072 MAX 3.60293  PROXIES: TOTAL 95 MAXPE 14 MAXPATCH 5 None 0.578828
LDB: TIME 4201.57 LOAD: AVG 3.49072 MAX 3.60293  PROXIES: TOTAL 95 MAXPE 14 MAXPATCH 5 RefineTorusLB 0.578828
LDB: ============== END OF LOAD BALANCING =============== 4201.57

PRESSURE: 60000 45.3291 -85.4016 328.28 -86.9052 -212.768 129.193 326.798 127.71 -411.237
GPRESSURE: 60000 88.8673 -117.238 262.479 -67.7414 -203.443 204.088 348.543 83.5547 -370.557
PRESSAVG: 60000 5.97245 -40.5155 -25.2193 -42.0774 8.42861 0.457686 -25.902 -0.695274 17.5139
GPRESSAVG: 60000 5.98116 -40.382 -25.33 -41.9964 8.61025 0.46107 -26.2291 -0.588234 17.7154
TIMING: 60000  CPU: 4329.13, 0.0719334/step  Wall: 4329.13, 0.0719334/step, 0.79926 hours remaining, 203.949219 MB of memory in use.
ENERGY:   60000       436.2636      1035.7855       624.9487        67.7133         -87570.1764      7160.5292         0.9747         0.0000     15134.9863         -63108.9751       309.0643    -78243.9614    -63056.3007       308.9355           -192.8921      -161.7110    238499.3195        10.6383        10.7689

WRITING EXTENDED SYSTEM TO RESTART FILE AT STEP 60000
WRITING COORDINATES TO DCD FILE AT STEP 60000
WRITING COORDINATES TO RESTART FILE AT STEP 60000
FINISHED WRITING RESTART COORDINATES
WRITING VELOCITIES TO RESTART FILE AT STEP 60000
FINISHED WRITING RESTART VELOCITIES
LDB: ============= START OF LOAD BALANCING ============== 4341.6
LDB: ============== END OF LOAD BALANCING =============== 4341.6

LDB: ============= START OF LOAD BALANCING ============== 4345.24
LDB: TIME 4345.24 LOAD: AVG 3.49062 MAX 3.64305  PROXIES: TOTAL 95 MAXPE 14 MAXPATCH 5 None 0.577744
LDB: TIME 4345.25 LOAD: AVG 3.49062 MAX 3.64305  PROXIES: TOTAL 95 MAXPE 14 MAXPATCH 5 RefineTorusLB 0.577744
LDB: ============== END OF LOAD BALANCING =============== 4345.25

LDB: ============= START OF LOAD BALANCING ============== 4485.46
LDB: ============== END OF LOAD BALANCING =============== 4485.46

LDB: ============= START OF LOAD BALANCING ============== 4489.05
LDB: TIME 4489.05 LOAD: AVG 3.4943 MAX 3.58807  PROXIES: TOTAL 95 MAXPE 14 MAXPATCH 5 None 0.576619
LDB: TIME 4489.05 LOAD: AVG 3.4943 MAX 3.58807  PROXIES: TOTAL 95 MAXPE 14 MAXPATCH 5 RefineTorusLB 0.576619
LDB: ============== END OF LOAD BALANCING =============== 4489.05

LDB: ============= START OF LOAD BALANCING ============== 4629.19
LDB: ============== END OF LOAD BALANCING =============== 4629.23

LDB: ============= START OF LOAD BALANCING ============== 4632.82
LDB: TIME 4632.82 LOAD: AVG 3.47787 MAX 3.59357  PROXIES: TOTAL 95 MAXPE 14 MAXPATCH 5 None 0.568582
LDB: TIME 4632.82 LOAD: AVG 3.47787 MAX 3.59357  PROXIES: TOTAL 95 MAXPE 14 MAXPATCH 5 RefineTorusLB 0.568582
LDB: ============== END OF LOAD BALANCING =============== 4632.82

PRESSURE: 65000 293.106 -181.567 138.852 -181.512 206.251 162.734 137.509 161.164 54.1572
GPRESSURE: 65000 427.261 -375.28 102.39 -143.95 111.377 89.9018 171.278 131.55 115.832
PRESSAVG: 65000 50.3792 -9.3373 -12.0565 -9.86813 46.1229 -12.3537 -12.8431 -13.7928 34.4008
GPRESSAVG: 65000 50.3055 -9.31886 -12.1543 -9.77035 46.2074 -12.4476 -12.9131 -13.9988 34.4062
TIMING: 65000  CPU: 4688.48, 0.0718699/step  Wall: 4688.48, 0.0718699/step, 0.698735 hours remaining, 203.714844 MB of memory in use.
ENERGY:   65000       401.5165      1090.3793       633.3448        74.5109         -87623.7398      7286.9094         0.8694         0.0000     15168.4834         -62967.7261       309.7483    -78136.2095    -62923.7678       308.7445            184.5049       218.1567    238499.3195        43.6343        43.6397

WRITING EXTENDED SYSTEM TO RESTART FILE AT STEP 65000
WRITING COORDINATES TO DCD FILE AT STEP 65000
WRITING COORDINATES TO RESTART FILE AT STEP 65000
FINISHED WRITING RESTART COORDINATES
WRITING VELOCITIES TO RESTART FILE AT STEP 65000
FINISHED WRITING RESTART VELOCITIES
LDB: ============= START OF LOAD BALANCING ============== 4772.55
LDB: ============== END OF LOAD BALANCING =============== 4772.55

LDB: ============= START OF LOAD BALANCING ============== 4776.12
LDB: TIME 4776.12 LOAD: AVG 3.48419 MAX 3.56749  PROXIES: TOTAL 95 MAXPE 14 MAXPATCH 5 None 0.574464
LDB: TIME 4776.12 LOAD: AVG 3.48419 MAX 3.56749  PROXIES: TOTAL 95 MAXPE 14 MAXPATCH 5 RefineTorusLB 0.574464
LDB: ============== END OF LOAD BALANCING =============== 4776.12

LDB: ============= START OF LOAD BALANCING ============== 4916.62
LDB: ============== END OF LOAD BALANCING =============== 4916.62

LDB: ============= START OF LOAD BALANCING ============== 4920.23
LDB: TIME 4920.23 LOAD: AVG 3.49813 MAX 3.61464  PROXIES: TOTAL 95 MAXPE 14 MAXPATCH 5 None 0.578926
LDB: TIME 4920.24 LOAD: AVG 3.49813 MAX 3.61464  PROXIES: TOTAL 95 MAXPE 14 MAXPATCH 5 RefineTorusLB 0.578926
LDB: ============== END OF LOAD BALANCING =============== 4920.24

PRESSURE: 70000 -162.149 249.456 -105.336 249.903 -61.8189 -160.475 -106.946 -162.335 -458.773
GPRESSURE: 70000 -152.031 222.973 -162.881 122.674 -0.600742 -56.3637 -257.556 -191.438 -414.841
PRESSAVG: 70000 -4.08996 8.86065 -31.285 9.50677 -29.8692 9.15213 -32.5132 7.24547 -27.5105
GPRESSAVG: 70000 -4.15212 8.67983 -31.0153 9.35525 -30.1139 8.93786 -32.1944 7.52911 -27.5767
TIMING: 70000  CPU: 5048.39, 0.0719814/step  Wall: 5048.39, 0.0719814/step, 0.599845 hours remaining, 203.714844 MB of memory in use.
ENERGY:   70000       403.6961      1024.8204       596.9808        67.9323         -87668.0748      7101.2633         0.7328         0.0000     15318.5976         -63154.0515       312.8137    -78472.6491    -63111.4404       309.0099           -227.5804      -189.1576    238499.3195       -20.4899       -20.6142

WRITING EXTENDED SYSTEM TO RESTART FILE AT STEP 70000
WRITING COORDINATES TO DCD FILE AT STEP 70000
WRITING COORDINATES TO RESTART FILE AT STEP 70000
FINISHED WRITING RESTART COORDINATES
WRITING VELOCITIES TO RESTART FILE AT STEP 70000
FINISHED WRITING RESTART VELOCITIES
LDB: ============= START OF LOAD BALANCING ============== 5060.81
LDB: ============== END OF LOAD BALANCING =============== 5060.81

LDB: ============= START OF LOAD BALANCING ============== 5064.4
LDB: TIME 5064.4 LOAD: AVG 3.49093 MAX 3.57453  PROXIES: TOTAL 95 MAXPE 14 MAXPATCH 5 None 0.574342
LDB: TIME 5064.4 LOAD: AVG 3.49093 MAX 3.57453  PROXIES: TOTAL 95 MAXPE 14 MAXPATCH 5 RefineTorusLB 0.574342
LDB: ============== END OF LOAD BALANCING =============== 5064.4

LDB: ============= START OF LOAD BALANCING ============== 5205.38
LDB: ============== END OF LOAD BALANCING =============== 5205.38

LDB: ============= START OF LOAD BALANCING ============== 5208.99
LDB: TIME 5209 LOAD: AVG 3.47928 MAX 3.61082  PROXIES: TOTAL 95 MAXPE 14 MAXPATCH 5 None 0.573381
LDB: TIME 5209 LOAD: AVG 3.47928 MAX 3.61082  PROXIES: TOTAL 95 MAXPE 14 MAXPATCH 5 RefineTorusLB 0.573381
LDB: ============== END OF LOAD BALANCING =============== 5209

LDB: ============= START OF LOAD BALANCING ============== 5349.44
LDB: ============== END OF LOAD BALANCING =============== 5349.44

LDB: ============= START OF LOAD BALANCING ============== 5353.04
LDB: TIME 5353.04 LOAD: AVG 3.48119 MAX 3.58818  PROXIES: TOTAL 95 MAXPE 14 MAXPATCH 5 None 0.572884
LDB: TIME 5353.04 LOAD: AVG 3.48119 MAX 3.58818  PROXIES: TOTAL 95 MAXPE 14 MAXPATCH 5 RefineTorusLB 0.572884
LDB: ============== END OF LOAD BALANCING =============== 5353.04

PRESSURE: 75000 -499.542 -213.332 -24.8906 -212.4 -1.697 182.14 -25.5692 181.5 -152.481
GPRESSURE: 75000 -471.303 -321.868 97.5346 -176.03 -2.95623 148.351 -136.222 101.186 -86.8855
PRESSAVG: 75000 31.8426 -10.1794 10.4228 -9.45869 39.5599 13.706 9.60172 12.4983 26.3496
GPRESSAVG: 75000 31.7936 -9.98227 9.9879 -9.15675 39.5768 13.6569 9.77028 12.3842 26.1846
TIMING: 75000  CPU: 5408.8, 0.0720832/step  Wall: 5408.8, 0.0720832/step, 0.500578 hours remaining, 203.714844 MB of memory in use.
ENERGY:   75000       437.2599      1077.0737       640.0837        66.6021         -87979.5593      7246.2164         0.3960         0.0000     15056.3030         -63455.6246       307.4575    -78511.9276    -63416.4004       308.8552           -217.9070      -187.0481    238499.3195        32.5840        32.5184

WRITING EXTENDED SYSTEM TO RESTART FILE AT STEP 75000
WRITING COORDINATES TO DCD FILE AT STEP 75000
WRITING COORDINATES TO RESTART FILE AT STEP 75000
FINISHED WRITING RESTART COORDINATES
WRITING VELOCITIES TO RESTART FILE AT STEP 75000
FINISHED WRITING RESTART VELOCITIES
LDB: ============= START OF LOAD BALANCING ============== 5493.16
LDB: ============== END OF LOAD BALANCING =============== 5493.16

LDB: ============= START OF LOAD BALANCING ============== 5496.78
LDB: TIME 5496.78 LOAD: AVG 3.48843 MAX 3.6115  PROXIES: TOTAL 95 MAXPE 14 MAXPATCH 5 None 0.574955
LDB: TIME 5496.78 LOAD: AVG 3.48843 MAX 3.6115  PROXIES: TOTAL 95 MAXPE 14 MAXPATCH 5 RefineTorusLB 0.574955
LDB: ============== END OF LOAD BALANCING =============== 5496.78

LDB: ============= START OF LOAD BALANCING ============== 5636.84
LDB: ============== END OF LOAD BALANCING =============== 5636.84

LDB: ============= START OF LOAD BALANCING ============== 5640.46
LDB: TIME 5640.46 LOAD: AVG 3.48269 MAX 3.61299  PROXIES: TOTAL 95 MAXPE 14 MAXPATCH 5 None 0.570903
LDB: TIME 5640.46 LOAD: AVG 3.48269 MAX 3.61299  PROXIES: TOTAL 95 MAXPE 14 MAXPATCH 5 RefineTorusLB 0.570903
LDB: ============== END OF LOAD BALANCING =============== 5640.46

PRESSURE: 80000 -236.277 144.342 223.98 145.924 -203.309 38.4072 222.814 36.9956 184.482
GPRESSURE: 80000 -254.054 136.69 326.088 144.558 -172.505 94.7465 265.35 -49.8959 246.986
PRESSAVG: 80000 25.3118 -21.8584 -14.3408 -20.7523 9.53031 -1.64045 -14.7668 -2.22086 2.79407
GPRESSAVG: 80000 25.4933 -21.9221 -14.521 -20.6745 9.40259 -1.38314 -14.9513 -2.3411 2.73344
TIMING: 80000  CPU: 5768.64, 0.0719665/step  Wall: 5768.64, 0.0719665/step, 0.399814 hours remaining, 203.714844 MB of memory in use.
ENERGY:   80000       429.2500      1057.1940       634.0661        64.2015         -87404.2924      7040.7970         0.6907         0.0000     15146.3261         -63031.7670       309.2959    -78178.0931    -62989.2754       309.5054            -85.0349       -59.8575    238499.3195        12.5454        12.5431

WRITING EXTENDED SYSTEM TO RESTART FILE AT STEP 80000
WRITING COORDINATES TO DCD FILE AT STEP 80000
WRITING COORDINATES TO RESTART FILE AT STEP 80000
FINISHED WRITING RESTART COORDINATES
WRITING VELOCITIES TO RESTART FILE AT STEP 80000
FINISHED WRITING RESTART VELOCITIES
LDB: ============= START OF LOAD BALANCING ============== 5781.11
LDB: ============== END OF LOAD BALANCING =============== 5781.13

LDB: ============= START OF LOAD BALANCING ============== 5784.79
LDB: TIME 5784.79 LOAD: AVG 3.49994 MAX 3.61823  PROXIES: TOTAL 95 MAXPE 14 MAXPATCH 5 None 0.575118
LDB: TIME 5784.79 LOAD: AVG 3.49994 MAX 3.61823  PROXIES: TOTAL 95 MAXPE 14 MAXPATCH 5 RefineTorusLB 0.575118
LDB: ============== END OF LOAD BALANCING =============== 5784.79

LDB: ============= START OF LOAD BALANCING ============== 5925.27
LDB: ============== END OF LOAD BALANCING =============== 5925.32

LDB: ============= START OF LOAD BALANCING ============== 5928.92
LDB: TIME 5928.92 LOAD: AVG 3.49321 MAX 3.58495  PROXIES: TOTAL 95 MAXPE 14 MAXPATCH 5 None 0.575843
LDB: TIME 5928.92 LOAD: AVG 3.49321 MAX 3.58495  PROXIES: TOTAL 95 MAXPE 14 MAXPATCH 5 RefineTorusLB 0.575843
LDB: ============== END OF LOAD BALANCING =============== 5928.92

LDB: ============= START OF LOAD BALANCING ============== 6068.59
LDB: ============== END OF LOAD BALANCING =============== 6068.69

LDB: ============= START OF LOAD BALANCING ============== 6072.39
LDB: TIME 6072.45 LOAD: AVG 3.48344 MAX 3.59473  PROXIES: TOTAL 95 MAXPE 14 MAXPATCH 5 None 0.577426
LDB: TIME 6072.46 LOAD: AVG 3.48344 MAX 3.59473  PROXIES: TOTAL 95 MAXPE 14 MAXPATCH 5 RefineTorusLB 0.577426
LDB: ============== END OF LOAD BALANCING =============== 6072.46

PRESSURE: 85000 -219.39 129.533 148.529 129.699 163.075 -50.4991 148.665 -50.6987 40.7006
GPRESSURE: 85000 -247.081 89.8675 183.408 120.813 86.7302 -45.2003 209.616 -148.443 224.083
PRESSAVG: 85000 28.1076 -2.59258 22.334 -1.74957 15.4599 8.80546 22.2802 8.22804 -11.7215
GPRESSAVG: 85000 27.8447 -2.73841 22.2361 -1.62908 15.4302 9.00116 22.3008 8.11005 -11.6142
TIMING: 85000  CPU: 6128.19, 0.0719099/step  Wall: 6128.19, 0.0719099/step, 0.299625 hours remaining, 203.714844 MB of memory in use.
ENERGY:   85000       390.7465      1025.5509       628.5214        60.6295         -87326.6259      7148.5258         0.6569         0.0000     15180.4137         -62891.5811       309.9920    -78071.9948    -62849.8148       309.1295             -5.2049        21.2442    238499.3195        10.6153        10.5536

WRITING EXTENDED SYSTEM TO RESTART FILE AT STEP 85000
WRITING COORDINATES TO DCD FILE AT STEP 85000
WRITING COORDINATES TO RESTART FILE AT STEP 85000
FINISHED WRITING RESTART COORDINATES
WRITING VELOCITIES TO RESTART FILE AT STEP 85000
FINISHED WRITING RESTART VELOCITIES
LDB: ============= START OF LOAD BALANCING ============== 6212.05
LDB: ============== END OF LOAD BALANCING =============== 6212.16

LDB: ============= START OF LOAD BALANCING ============== 6215.85
LDB: TIME 6215.85 LOAD: AVG 3.48536 MAX 3.58227  PROXIES: TOTAL 95 MAXPE 14 MAXPATCH 5 None 0.573172
LDB: TIME 6215.85 LOAD: AVG 3.48536 MAX 3.58227  PROXIES: TOTAL 95 MAXPE 14 MAXPATCH 5 RefineTorusLB 0.573172
LDB: ============== END OF LOAD BALANCING =============== 6215.85

LDB: ============= START OF LOAD BALANCING ============== 6355.83
LDB: ============== END OF LOAD BALANCING =============== 6355.83

LDB: ============= START OF LOAD BALANCING ============== 6359.42
LDB: TIME 6359.42 LOAD: AVG 3.49544 MAX 3.57789  PROXIES: TOTAL 95 MAXPE 14 MAXPATCH 5 None 0.576351
LDB: TIME 6359.42 LOAD: AVG 3.49544 MAX 3.57789  PROXIES: TOTAL 95 MAXPE 14 MAXPATCH 5 RefineTorusLB 0.576351
LDB: ============== END OF LOAD BALANCING =============== 6359.42

PRESSURE: 90000 -1.89735 241.028 -54.924 242.413 -3.36675 -68.9456 -56.3721 -70.3237 485.614
GPRESSURE: 90000 -14.8941 290.946 -163.648 140.68 109.819 28.1242 -67.1588 -112.958 481.589
PRESSAVG: 90000 55.7391 10.8519 -7.66565 12.2145 -12.734 4.21166 -8.32385 3.43005 31.6087
GPRESSAVG: 90000 56.0734 10.7741 -7.74853 12.0505 -12.9068 4.08487 -8.2981 3.26498 31.3281
TIMING: 90000  CPU: 6487.19, 0.0718008/step  Wall: 6487.19, 0.0718008/step, 0.199447 hours remaining, 203.714844 MB of memory in use.
ENERGY:   90000       425.1882      1043.8229       613.7966        69.2565         -87768.2887      7294.4151         0.8154         0.0000     14986.7683         -63334.2257       306.0376    -78320.9940    -63294.6292       309.0896            160.1166       192.1713    238499.3195        24.8712        24.8316

WRITING EXTENDED SYSTEM TO RESTART FILE AT STEP 90000
WRITING COORDINATES TO DCD FILE AT STEP 90000
WRITING COORDINATES TO RESTART FILE AT STEP 90000
FINISHED WRITING RESTART COORDINATES
WRITING VELOCITIES TO RESTART FILE AT STEP 90000
FINISHED WRITING RESTART VELOCITIES
LDB: ============= START OF LOAD BALANCING ============== 6499.66
LDB: ============== END OF LOAD BALANCING =============== 6499.66

LDB: ============= START OF LOAD BALANCING ============== 6503.27
LDB: TIME 6503.27 LOAD: AVG 3.4926 MAX 3.59478  PROXIES: TOTAL 95 MAXPE 14 MAXPATCH 5 None 0.577991
LDB: TIME 6503.27 LOAD: AVG 3.4926 MAX 3.59478  PROXIES: TOTAL 95 MAXPE 14 MAXPATCH 5 RefineTorusLB 0.577991
LDB: ============== END OF LOAD BALANCING =============== 6503.27

LDB: ============= START OF LOAD BALANCING ============== 6644.08
LDB: ============== END OF LOAD BALANCING =============== 6644.16

LDB: ============= START OF LOAD BALANCING ============== 6647.91
LDB: TIME 6647.91 LOAD: AVG 3.52129 MAX 3.63837  PROXIES: TOTAL 95 MAXPE 14 MAXPATCH 5 None 0.57965
LDB: TIME 6647.91 LOAD: AVG 3.52129 MAX 3.63837  PROXIES: TOTAL 95 MAXPE 14 MAXPATCH 5 RefineTorusLB 0.57965
LDB: ============== END OF LOAD BALANCING =============== 6647.91

LDB: ============= START OF LOAD BALANCING ============== 6789.16
LDB: ============== END OF LOAD BALANCING =============== 6789.27

LDB: ============= START OF LOAD BALANCING ============== 6793.03
LDB: TIME 6793.05 LOAD: AVG 3.51758 MAX 3.64478  PROXIES: TOTAL 95 MAXPE 14 MAXPATCH 5 None 0.582322
LDB: TIME 6793.05 LOAD: AVG 3.51758 MAX 3.64478  PROXIES: TOTAL 95 MAXPE 14 MAXPATCH 5 RefineTorusLB 0.582322
LDB: ============== END OF LOAD BALANCING =============== 6793.05

PRESSURE: 95000 652.701 186.499 1.20447 187.128 -122.046 -7.83856 -0.136523 -8.3018 -128.288
GPRESSURE: 95000 667.237 138.592 -99.3896 171.212 -65.1986 57.9829 102.568 36.6942 -80.2595
PRESSAVG: 95000 16.5602 9.98157 -15.1646 10.9676 31.6784 19.1875 -16.5112 18.3989 27.7453
GPRESSAVG: 95000 16.4354 10.0422 -15.2125 10.8801 31.573 19.2081 -16.2147 18.201 27.6918
TIMING: 95000  CPU: 6849.71, 0.0725043/step  Wall: 6849.71, 0.0725043/step, 0.1007 hours remaining, 203.714844 MB of memory in use.
ENERGY:   95000       420.0782      1024.5211       601.8532        73.3238         -87801.5322      7329.3582         0.4955         0.0000     15070.1695         -63281.7328       307.7407    -78351.9023    -63233.9219       308.9252            134.1222       173.9264    238499.3195        25.3280        25.2334

WRITING EXTENDED SYSTEM TO RESTART FILE AT STEP 95000
WRITING COORDINATES TO DCD FILE AT STEP 95000
WRITING COORDINATES TO RESTART FILE AT STEP 95000
FINISHED WRITING RESTART COORDINATES
WRITING VELOCITIES TO RESTART FILE AT STEP 95000
FINISHED WRITING RESTART VELOCITIES
LDB: ============= START OF LOAD BALANCING ============== 6934.69
LDB: ============== END OF LOAD BALANCING =============== 6934.75

LDB: ============= START OF LOAD BALANCING ============== 6938.36
LDB: TIME 6938.36 LOAD: AVG 3.51553 MAX 3.6079  PROXIES: TOTAL 95 MAXPE 14 MAXPATCH 5 None 0.584934
LDB: TIME 6938.36 LOAD: AVG 3.51553 MAX 3.6079  PROXIES: TOTAL 95 MAXPE 14 MAXPATCH 5 RefineTorusLB 0.584934
LDB: ============== END OF LOAD BALANCING =============== 6938.36

LDB: ============= START OF LOAD BALANCING ============== 7079.64
LDB: ============== END OF LOAD BALANCING =============== 7079.64

LDB: ============= START OF LOAD BALANCING ============== 7083.27
LDB: TIME 7083.27 LOAD: AVG 3.53437 MAX 3.62554  PROXIES: TOTAL 95 MAXPE 14 MAXPATCH 5 None 0.589177
LDB: TIME 7083.27 LOAD: AVG 3.53437 MAX 3.62554  PROXIES: TOTAL 95 MAXPE 14 MAXPATCH 5 RefineTorusLB 0.589177
LDB: ============== END OF LOAD BALANCING =============== 7083.27

PRESSURE: 100000 -197.365 -207.285 101.275 -206.722 -316.71 247.533 100.682 246.404 -194.419
GPRESSURE: 100000 -58.3646 -274.866 153.535 -216.266 -291.735 229.892 99.2702 247.926 -219.564
PRESSAVG: 100000 30.4681 -5.06123 16.0557 -4.84781 22.2308 24.5491 15.4136 24.1271 -3.83345
GPRESSAVG: 100000 30.4675 -5.25039 16.0607 -4.83454 22.2989 24.5219 15.4641 24.1717 -3.63634
TIMING: 100000  CPU: 7212.01, 0.0724595/step  Wall: 7212.01, 0.0724595/step, 0 hours remaining, 203.714844 MB of memory in use.
ETITLE:      TS           BOND          ANGLE          DIHED          IMPRP               ELECT            VDW       BOUNDARY           MISC        KINETIC               TOTAL           TEMP      POTENTIAL         TOTAL3        TEMPAVG            PRESSURE      GPRESSURE         VOLUME       PRESSAVG      GPRESSAVG

ENERGY:  100000       400.9730      1043.3295       634.4849        61.5918         -87520.5989      7040.4423         0.5952         0.0000     15204.9533         -63134.2289       310.4931    -78339.1822    -63102.3623       308.7077           -236.1647      -189.8877    238499.3195        16.2885        16.3767

WRITING EXTENDED SYSTEM TO RESTART FILE AT STEP 100000
WRITING COORDINATES TO DCD FILE AT STEP 100000
WRITING COORDINATES TO RESTART FILE AT STEP 100000
FINISHED WRITING RESTART COORDINATES
WRITING VELOCITIES TO RESTART FILE AT STEP 100000
FINISHED WRITING RESTART VELOCITIES
WRITING EXTENDED SYSTEM TO OUTPUT FILE AT STEP 100000
CLOSING EXTENDED SYSTEM TRAJECTORY FILE
WRITING COORDINATES TO OUTPUT FILE AT STEP 100000
CLOSING COORDINATE DCD FILE
WRITING VELOCITIES TO OUTPUT FILE AT STEP 100000
====================================================

WallClock: 7214.340820  CPUTime: 7214.340820  Memory: 203.714844 MB
End of program
