Charm++> Running on MPI version: 2.1 multi-thread support: 0 (max supported: -1)
Warning> Randomization of stack pointer is turned on in kernel, thread migration may not work! Run 'echo 0 > /proc/sys/kernel/randomize_va_space' as root to disable it, or try run with '+isomalloc_sync'.  
Charm++> Running on 5 unique compute nodes (8-way SMP).
Charm++> Cpu topology info:
PE to node map: 0 1 1 2 2 3 4 4 
Node to PE map:
Chip #0: 0 
Chip #1: 1 2 
Chip #2: 3 4 
Chip #3: 5 
Chip #4: 6 7 
Charm++> cpu topology info is gathered in 0.008 seconds.
Info: NAMD 2.7 for Linux-x86_64
Info: 
Info: Please visit http://www.ks.uiuc.edu/Research/namd/
Info: and send feedback or bug reports to namd@ks.uiuc.edu
Info: 
Info: Please cite Phillips et al., J. Comp. Chem. 26:1781-1802 (2005)
Info: in all publications reporting results obtained with NAMD.
Info: 
Info: Based on Charm++/Converse 60202 for mpi-linux-x86_64
Info: Built Wed Oct 20 15:01:48 EST 2010 by root on tango-m.vpac.org
Info: 1 NAMD  2.7  Linux-x86_64  8    tango091.vpac.org  mike
Info: Running on 8 processors.
Info: CPU topology information available.
Info: Charm++/Converse parallel runtime startup completed at 0.011416 s
Info: 109.301 MB of memory in use based on /proc/self/stat
Info: Configuration file is aspirin_rs_short.conf
TCL: Suspending until startup complete.
Info: EXTENDED SYSTEM FILE   generic_restartfile.restart.xsc
Info: SIMULATION PARAMETERS:
Info: TIMESTEP               2
Info: NUMBER OF STEPS        100000
Info: STEPS PER CYCLE        10
Info: PERIODIC CELL BASIS 1  62.7573 0 0
Info: PERIODIC CELL BASIS 2  0 61.3495 0
Info: PERIODIC CELL BASIS 3  0 0 61.9458
Info: PERIODIC CELL CENTER   0 0 0
Info: WRAPPING WATERS AROUND PERIODIC BOUNDARIES ON OUTPUT.
Info: WRAPPING ALL CLUSTERS AROUND PERIODIC BOUNDARIES ON OUTPUT.
Info: LOAD BALANCER  Centralized
Info: LOAD BALANCING STRATEGY  New Load Balancers -- ASB
Info: LDB PERIOD             2000 steps
Info: FIRST LDB TIMESTEP     50
Info: LAST LDB TIMESTEP     -1
Info: LDB BACKGROUND SCALING 1
Info: HOM BACKGROUND SCALING 1
Info: PME BACKGROUND SCALING 1
Info: MAX SELF PARTITIONS    20
Info: MAX PAIR PARTITIONS    8
Info: SELF PARTITION ATOMS   154
Info: SELF2 PARTITION ATOMS   154
Info: PAIR PARTITION ATOMS   318
Info: PAIR2 PARTITION ATOMS  637
Info: MIN ATOMS PER PATCH    100
Info: VELOCITY FILE          generic_restartfile.restart.vel
Info: CENTER OF MASS MOVING INITIALLY? NO
Info: DIELECTRIC             1
Info: EXCLUDE                SCALED ONE-FOUR
Info: 1-4 ELECTROSTATICS SCALED BY 1
Info: MODIFIED 1-4 VDW PARAMETERS WILL BE USED
Info: DCD FILENAME           generic_restartfile.dcd
Info: DCD FREQUENCY          5000
Info: DCD FIRST STEP         5000
Info: DCD FILE WILL CONTAIN UNIT CELL DATA
Info: XST FILENAME           generic_restartfile.xst
Info: XST FREQUENCY          5000
Info: NO VELOCITY DCD OUTPUT
Info: OUTPUT FILENAME        generic_restartfile
Info: BINARY OUTPUT FILES WILL BE USED
Info: RESTART FILENAME       generic_restartfile.restart
Info: RESTART FREQUENCY      5000
Info: BINARY RESTART FILES WILL BE USED
Info: SWITCHING ACTIVE
Info: SWITCHING ON           10
Info: SWITCHING OFF          12
Info: PAIRLIST DISTANCE      14
Info: PAIRLIST SHRINK RATE   0.01
Info: PAIRLIST GROW RATE     0.01
Info: PAIRLIST TRIGGER       0.3
Info: PAIRLISTS PER CYCLE    2
Info: PAIRLISTS ENABLED
Info: MARGIN                 0
Info: HYDROGEN GROUP CUTOFF  2.5
Info: PATCH DIMENSION        16.5
Info: ENERGY OUTPUT STEPS    5000
Info: CROSSTERM ENERGY INCLUDED IN DIHEDRAL
Info: TIMING OUTPUT STEPS    5000
Info: PRESSURE OUTPUT STEPS  5000
Info: HARMONIC CONSTRAINTS ACTIVE
Info: HARMONIC CONS EXP      2
Info: HARMONIC CONS SCALING  0.2
Info: LANGEVIN DYNAMICS ACTIVE
Info: LANGEVIN TEMPERATURE   310
Info: LANGEVIN DAMPING COEFFICIENT IS 5 INVERSE PS
Info: LANGEVIN DYNAMICS NOT APPLIED TO HYDROGENS
Info: PARTICLE MESH EWALD (PME) ACTIVE
Info: PME TOLERANCE               1e-06
Info: PME EWALD COEFFICIENT       0.257952
Info: PME INTERPOLATION ORDER     4
Info: PME GRID DIMENSIONS         64 64 64
Info: PME MAXIMUM GRID SPACING    1.5
Info: Attempting to read FFTW data from FFTW_NAMD_2.7_Linux-x86_64.txt
Info: Optimizing 6 FFT steps.  1... 2... 3... 4... 5... 6...   Done.
Info: Writing FFTW data to FFTW_NAMD_2.7_Linux-x86_64.txt
Info: FULL ELECTROSTATIC EVALUATION FREQUENCY      2
Info: USING VERLET I (r-RESPA) MTS SCHEME.
Info: C1 SPLITTING OF LONG RANGE ELECTROSTATICS
Info: PLACING ATOMS IN PATCHES BY HYDROGEN GROUPS
Info: RIGID BONDS TO HYDROGEN : ALL
Info:         ERROR TOLERANCE : 1e-08
Info:          MAX ITERATIONS : 100
Info: RIGID WATER USING SETTLE ALGORITHM
Info: RANDOM NUMBER SEED     1291878252
Info: USE HYDROGEN BONDS?    NO
Info: COORDINATE PDB         InputFiles/A2_aspirin4_ion.pdb
Info: STRUCTURE FILE         InputFiles/A2_aspirin4_ion.psf
Info: PARAMETER file: CHARMM format! 
Info: PARAMETERS             InputFiles/par_all27_prot_na.inp
Info: PARAMETERS             InputFiles/aspirin_ion.par
Info: USING ARITHMETIC MEAN TO COMBINE L-J SIGMA PARAMETERS
Info: BINARY COORDINATES     generic_restartfile.restart.coor
Info: SUMMARY OF PARAMETERS:
Info: 259 BONDS
Info: 634 ANGLES
Info: 1070 DIHEDRAL
Info: 79 IMPROPER
Info: 0 CROSSTERM
Info: 138 VDW
Info: 0 VDW_PAIRS
Info: TIME FOR READING PSF FILE: 0.231737
Info: TIME FOR READING PDB FILE: 0.0614731
Info: 
Info: Reading from binary file generic_restartfile.restart.coor
Info: ****************************
Info: STRUCTURE SUMMARY:
Info: 24149 ATOMS
Info: 16714 BONDS
Info: 10696 ANGLES
Info: 4762 DIHEDRALS
Info: 366 IMPROPERS
Info: 0 CROSSTERMS
Info: 0 EXCLUSIONS
Info: 4 CONSTRAINTS
Info: 23161 RIGID BONDS
Info: 49286 DEGREES OF FREEDOM
Info: 8427 HYDROGEN GROUPS
Info: 4 ATOMS IN LARGEST HYDROGEN GROUP
Info: 8427 MIGRATION GROUPS
Info: 4 ATOMS IN LARGEST MIGRATION GROUP
Info: TOTAL MASS = 148527 amu
Info: TOTAL CHARGE = 1.37277e-06 e
Info: MASS DENSITY = 1.03414 g/cm^3
Info: ATOM DENSITY = 0.101254 atoms/A^3
Info: *****************************
Info: 
Info: Entering startup at 0.399484 s, 170.18 MB of memory in use
Info: Startup phase 0 took 0.000319004 s, 170.18 MB of memory in use
Info: Startup phase 1 took 0.055486 s, 177.355 MB of memory in use
Info: Startup phase 2 took 0.000534058 s, 177.543 MB of memory in use
Info: PATCH GRID IS 3 (PERIODIC) BY 3 (PERIODIC) BY 3 (PERIODIC)
Info: PATCH GRID IS 1-AWAY BY 1-AWAY BY 1-AWAY
Info: Reading from binary file generic_restartfile.restart.vel
Info: REMOVING COM VELOCITY 0.0362837 -0.0306841 -0.022672
Info: LARGEST PATCH (9) HAS 932 ATOMS
Info: Startup phase 3 took 0.0218189 s, 181.488 MB of memory in use
Info: PME using 8 and 8 processors for FFT and reciprocal sum.
Info: PME GRID LOCATIONS: 0 1 2 3 4 5 6 7
Info: PME TRANS LOCATIONS: 0 1 2 3 4 5 6 7
Info: Optimizing 4 FFT steps.  1... 2... 3... 4...   Done.
Info: Startup phase 4 took 0.00177121 s, 181.957 MB of memory in use
Info: Startup phase 5 took 0.00876188 s, 181.203 MB of memory in use
LDB: Central LB being created...
Info: Startup phase 6 took 1.205 s, 181.203 MB of memory in use
Info: CREATING 1853 COMPUTE OBJECTS
Info: useSync: 1 useProxySync: 0
Info: NONBONDED TABLE R-SQUARED SPACING: 0.0625
Info: NONBONDED TABLE SIZE: 769 POINTS
Info: Startup phase 7 took 0.00397396 s, 182.078 MB of memory in use
Info: Startup phase 8 took 0.000123978 s, 182.207 MB of memory in use
Info: Finished startup at 1.69727 s, 182.207 MB of memory in use

PRESSURE: 0 -80.1908 -164.724 -356.896 -164.724 -611.753 -203.569 -356.896 -203.569 -115.369
GPRESSURE: 0 -16.0424 -44.6211 -353.696 -278.044 -523.421 -139.884 -230.139 -198.279 -188.984
ETITLE:      TS           BOND          ANGLE          DIHED          IMPRP               ELECT            VDW       BOUNDARY           MISC        KINETIC               TOTAL           TEMP      POTENTIAL         TOTAL3        TEMPAVG            PRESSURE      GPRESSURE         VOLUME       PRESSAVG      GPRESSAVG

ENERGY:       0       387.9962      1020.7493       641.5685        74.7691         -87376.1447      6991.6491         0.0000         0.0000     15142.1907         -63117.2219       309.2114    -78259.4126    -63073.3370       309.2114           -269.1043      -242.8159    238499.3195      -269.1043      -242.8159

OPENING EXTENDED SYSTEM TRAJECTORY FILE
LDB: ============= START OF LOAD BALANCING ============== 6.04038
LDB: ============== END OF LOAD BALANCING =============== 6.04053

Info: Initial time: 8 CPUs 0.086343 s/step 0.49967 days/ns 193.336 MB memory
LDB: ============= START OF LOAD BALANCING ============== 10.2301
LDB: TIME 10.2376 LOAD: AVG 3.47425 MAX 4.18765  PROXIES: TOTAL 95 MAXPE 14 MAXPATCH 5 None 0.525081
LDB: TIME 10.2412 LOAD: AVG 3.47425 MAX 3.47456  PROXIES: TOTAL 95 MAXPE 14 MAXPATCH 5 TorusLB 0.525081
LDB: TIME 10.2413 LOAD: AVG 3.47425 MAX 3.47456  PROXIES: TOTAL 95 MAXPE 14 MAXPATCH 5 TorusLB 0.525081
LDB: ============== END OF LOAD BALANCING =============== 10.2459

Info: Initial time: 8 CPUs 0.0833851 s/step 0.482552 days/ns 193.781 MB memory
LDB: ============= START OF LOAD BALANCING ============== 13.8953
LDB: TIME 13.8967 LOAD: AVG 3.51343 MAX 3.62211  PROXIES: TOTAL 95 MAXPE 14 MAXPATCH 5 None 0.570107
LDB: TIME 13.8976 LOAD: AVG 3.51343 MAX 3.62211  PROXIES: TOTAL 95 MAXPE 14 MAXPATCH 5 RefineTorusLB 0.570107
LDB: ============== END OF LOAD BALANCING =============== 13.8986

Info: Initial time: 8 CPUs 0.072858 s/step 0.421632 days/ns 194.129 MB memory
LDB: ============= START OF LOAD BALANCING ============== 17.4288
LDB: TIME 17.4303 LOAD: AVG 3.46975 MAX 3.52241  PROXIES: TOTAL 95 MAXPE 14 MAXPATCH 5 None 0.555203
LDB: TIME 17.4312 LOAD: AVG 3.46975 MAX 3.52241  PROXIES: TOTAL 95 MAXPE 14 MAXPATCH 5 RefineTorusLB 0.555203
LDB: ============== END OF LOAD BALANCING =============== 17.4322

Info: Benchmark time: 8 CPUs 0.0705154 s/step 0.408075 days/ns 194.211 MB memory
Info: Benchmark time: 8 CPUs 0.0702979 s/step 0.406816 days/ns 194.211 MB memory
Info: Benchmark time: 8 CPUs 0.0702392 s/step 0.406477 days/ns 194.887 MB memory
LDB: ============= START OF LOAD BALANCING ============== 154.135
LDB: ============== END OF LOAD BALANCING =============== 154.246

LDB: ============= START OF LOAD BALANCING ============== 157.854
LDB: TIME 157.855 LOAD: AVG 3.43489 MAX 3.5002  PROXIES: TOTAL 95 MAXPE 14 MAXPATCH 5 None 0.555182
LDB: TIME 157.856 LOAD: AVG 3.43489 MAX 3.5002  PROXIES: TOTAL 95 MAXPE 14 MAXPATCH 5 RefineTorusLB 0.555182
LDB: ============== END OF LOAD BALANCING =============== 157.857

LDB: ============= START OF LOAD BALANCING ============== 302.603
LDB: ============== END OF LOAD BALANCING =============== 302.717

LDB: ============= START OF LOAD BALANCING ============== 306.916
LDB: TIME 306.938 LOAD: AVG 3.46743 MAX 3.74626  PROXIES: TOTAL 95 MAXPE 14 MAXPATCH 5 None 0.558629
LDB: TIME 306.94 LOAD: AVG 3.46743 MAX 3.63356  PROXIES: TOTAL 95 MAXPE 14 MAXPATCH 5 RefineTorusLB 0.558629
LDB: ============== END OF LOAD BALANCING =============== 306.942

PRESSURE: 5000 -56.5676 -77.684 48.8719 -77.1008 168.15 -68.9477 50.2468 -68.0265 -59.895
GPRESSURE: 5000 -88.9832 22.7725 21.3232 -53.8686 264.507 -35.993 -83.0281 -123.86 -54.9027
PRESSAVG: 5000 49.2267 -1.18984 27.1 -1.11121 -5.5419 -3.54719 27.5637 -3.44705 5.17123
GPRESSAVG: 5000 48.9175 -1.01287 27.0581 -1.12853 -5.5332 -3.52329 27.411 -3.50363 5.07888
TIMING: 5000  CPU: 363.685, 0.0727028/step  Wall: 363.685, 0.0727028/step, 1.91855 hours remaining, 199.957031 MB of memory in use.
ENERGY:    5000       443.0826      1035.6178       625.0788        55.9742         -87593.3655      7208.6650         0.2197         0.0000     15200.0446         -63024.6827       310.3928    -78224.7273    -62984.8392       309.6286             17.2292        40.2070    238499.3195        16.2853        16.1544

WRITING EXTENDED SYSTEM TO RESTART FILE AT STEP 5000
OPENING COORDINATE DCD FILE
WRITING COORDINATES TO DCD FILE AT STEP 5000
WRITING COORDINATES TO RESTART FILE AT STEP 5000
FINISHED WRITING RESTART COORDINATES
WRITING VELOCITIES TO RESTART FILE AT STEP 5000
FINISHED WRITING RESTART VELOCITIES
LDB: ============= START OF LOAD BALANCING ============== 448.079
LDB: ============== END OF LOAD BALANCING =============== 448.19

LDB: ============= START OF LOAD BALANCING ============== 451.92
LDB: TIME 451.921 LOAD: AVG 3.46599 MAX 3.59841  PROXIES: TOTAL 95 MAXPE 14 MAXPATCH 5 None 0.561883
LDB: TIME 451.922 LOAD: AVG 3.46599 MAX 3.59841  PROXIES: TOTAL 95 MAXPE 14 MAXPATCH 5 RefineTorusLB 0.561883
LDB: ============== END OF LOAD BALANCING =============== 451.924

LDB: ============= START OF LOAD BALANCING ============== 592.504
LDB: ============== END OF LOAD BALANCING =============== 592.616

LDB: ============= START OF LOAD BALANCING ============== 596.388
LDB: TIME 596.403 LOAD: AVG 3.46926 MAX 3.56486  PROXIES: TOTAL 95 MAXPE 14 MAXPATCH 5 None 0.560844
LDB: TIME 596.404 LOAD: AVG 3.46926 MAX 3.56486  PROXIES: TOTAL 95 MAXPE 14 MAXPATCH 5 RefineTorusLB 0.560844
LDB: ============== END OF LOAD BALANCING =============== 596.405

PRESSURE: 10000 -542.695 55.5822 -101.864 56.5108 -56.3632 -92.1389 -102.062 -91.4794 -369.045
GPRESSURE: 10000 -392.925 102.709 -197.471 -67.6441 -193.429 -156.9 60.5813 -71.5324 -294.385
PRESSAVG: 10000 43.185 31.4173 -4.61861 31.6954 41.4347 4.12188 -3.62181 4.5043 16.9218
GPRESSAVG: 10000 43.091 31.3473 -4.53975 31.8108 41.4756 3.9925 -3.69213 4.27432 17.045
TIMING: 10000  CPU: 724.461, 0.0721552/step  Wall: 724.461, 0.0721552/step, 1.80388 hours remaining, 201.406250 MB of memory in use.
ENERGY:   10000       403.2239      1032.8336       631.7783        65.7184         -87492.8145      6939.9019         0.1773         0.0000     15131.6923         -63287.4887       308.9970    -78419.1810    -63244.0473       309.9769           -322.7011      -293.5798    238499.3195        33.8472        33.8705

WRITING EXTENDED SYSTEM TO RESTART FILE AT STEP 10000
WRITING COORDINATES TO DCD FILE AT STEP 10000
WRITING COORDINATES TO RESTART FILE AT STEP 10000
FINISHED WRITING RESTART COORDINATES
WRITING VELOCITIES TO RESTART FILE AT STEP 10000
FINISHED WRITING RESTART VELOCITIES
LDB: ============= START OF LOAD BALANCING ============== 736.865
LDB: ============== END OF LOAD BALANCING =============== 736.975

LDB: ============= START OF LOAD BALANCING ============== 740.78
LDB: TIME 740.83 LOAD: AVG 3.46695 MAX 3.58953  PROXIES: TOTAL 95 MAXPE 14 MAXPATCH 5 None 0.564986
LDB: TIME 740.831 LOAD: AVG 3.46695 MAX 3.58953  PROXIES: TOTAL 95 MAXPE 14 MAXPATCH 5 RefineTorusLB 0.564986
LDB: ============== END OF LOAD BALANCING =============== 740.847

LDB: ============= START OF LOAD BALANCING ============== 881.861
LDB: ============== END OF LOAD BALANCING =============== 881.997

LDB: ============= START OF LOAD BALANCING ============== 885.896
LDB: TIME 885.909 LOAD: AVG 3.4761 MAX 3.59031  PROXIES: TOTAL 95 MAXPE 14 MAXPATCH 5 None 0.571558
LDB: TIME 885.91 LOAD: AVG 3.4761 MAX 3.59031  PROXIES: TOTAL 95 MAXPE 14 MAXPATCH 5 RefineTorusLB 0.571558
LDB: ============== END OF LOAD BALANCING =============== 885.911

LDB: ============= START OF LOAD BALANCING ============== 1025.47
LDB: ============== END OF LOAD BALANCING =============== 1025.58

LDB: ============= START OF LOAD BALANCING ============== 1029.26
LDB: TIME 1029.26 LOAD: AVG 3.46474 MAX 3.57509  PROXIES: TOTAL 95 MAXPE 14 MAXPATCH 5 None 0.562123
LDB: TIME 1029.26 LOAD: AVG 3.46474 MAX 3.57509  PROXIES: TOTAL 95 MAXPE 14 MAXPATCH 5 RefineTorusLB 0.562123
LDB: ============== END OF LOAD BALANCING =============== 1029.26

PRESSURE: 15000 587.399 104.979 -69.4097 105.28 86.2509 60.8087 -70.4142 60.9798 105.651
GPRESSURE: 15000 593.662 167.603 -124.239 76.8444 191.16 112.13 11.7597 39.7369 104.941
PRESSAVG: 15000 64.5227 8.61452 3.54224 8.80148 81.6475 -13.9988 3.70562 -12.7806 8.5712
GPRESSAVG: 15000 64.5093 8.75784 3.41564 8.80607 81.9199 -14.1146 3.97066 -12.7108 8.61892
TIMING: 15000  CPU: 1085.13, 0.0721333/step  Wall: 1085.13, 0.0721333/step, 1.70315 hours remaining, 202.546875 MB of memory in use.
ENERGY:   15000       408.3854      1015.0862       633.5357        68.1588         -87950.0729      7378.4599         0.1660         0.0000     15390.5578         -63055.7231       314.2832    -78446.2808    -63003.7729       308.8855            259.7670       296.5877    238499.3195        51.5805        51.6827

WRITING EXTENDED SYSTEM TO RESTART FILE AT STEP 15000
WRITING COORDINATES TO DCD FILE AT STEP 15000
WRITING COORDINATES TO RESTART FILE AT STEP 15000
FINISHED WRITING RESTART COORDINATES
WRITING VELOCITIES TO RESTART FILE AT STEP 15000
FINISHED WRITING RESTART VELOCITIES
LDB: ============= START OF LOAD BALANCING ============== 1168.88
LDB: ============== END OF LOAD BALANCING =============== 1168.98

LDB: ============= START OF LOAD BALANCING ============== 1172.66
LDB: TIME 1172.66 LOAD: AVG 3.46493 MAX 3.6002  PROXIES: TOTAL 95 MAXPE 14 MAXPATCH 5 None 0.558228
LDB: TIME 1172.66 LOAD: AVG 3.46493 MAX 3.6002  PROXIES: TOTAL 95 MAXPE 14 MAXPATCH 5 RefineTorusLB 0.558228
LDB: ============== END OF LOAD BALANCING =============== 1172.66

LDB: ============= START OF LOAD BALANCING ============== 1311.5
LDB: ============== END OF LOAD BALANCING =============== 1311.62

LDB: ============= START OF LOAD BALANCING ============== 1315.27
LDB: TIME 1315.3 LOAD: AVG 3.47583 MAX 3.55643  PROXIES: TOTAL 95 MAXPE 14 MAXPATCH 5 None 0.562992
LDB: TIME 1315.3 LOAD: AVG 3.47583 MAX 3.55643  PROXIES: TOTAL 95 MAXPE 14 MAXPATCH 5 RefineTorusLB 0.562992
LDB: ============== END OF LOAD BALANCING =============== 1315.3

PRESSURE: 20000 -287.96 289.261 -235.408 291.18 -351.692 -270.803 -236.215 -270.355 -523.602
GPRESSURE: 20000 -274.538 276.077 -49.2414 320.313 -281.333 -366.055 -221.464 -251.44 -513.05
PRESSAVG: 20000 0.40859 12.4797 -12.2654 13.2346 10.5856 -6.06634 -13.221 -5.81448 17.6173
GPRESSAVG: 20000 0.0391314 12.4585 -11.9842 13.2804 10.6868 -6.00721 -13.3333 -5.78933 17.2789
TIMING: 20000  CPU: 1444.65, 0.071905/step  Wall: 1444.65, 0.071905/step, 1.59789 hours remaining, 203.023438 MB of memory in use.
ENERGY:   20000       419.6058      1051.2073       639.4563        65.7686         -87375.3817      6911.1227         0.3642         0.0000     15097.2324         -63190.6243       308.2933    -78287.8567    -63136.5017       309.5712           -387.7513      -356.3071    238499.3195         9.5371         9.3349

WRITING EXTENDED SYSTEM TO RESTART FILE AT STEP 20000
WRITING COORDINATES TO DCD FILE AT STEP 20000
WRITING COORDINATES TO RESTART FILE AT STEP 20000
FINISHED WRITING RESTART COORDINATES
WRITING VELOCITIES TO RESTART FILE AT STEP 20000
FINISHED WRITING RESTART VELOCITIES
LDB: ============= START OF LOAD BALANCING ============== 1457.09
LDB: ============== END OF LOAD BALANCING =============== 1457.2

LDB: ============= START OF LOAD BALANCING ============== 1461.09
LDB: TIME 1461.09 LOAD: AVG 3.49407 MAX 3.73534  PROXIES: TOTAL 95 MAXPE 14 MAXPATCH 5 None 0.571325
LDB: TIME 1461.1 LOAD: AVG 3.49407 MAX 3.65145  PROXIES: TOTAL 95 MAXPE 14 MAXPATCH 5 RefineTorusLB 0.571325
LDB: ============== END OF LOAD BALANCING =============== 1461.1

LDB: ============= START OF LOAD BALANCING ============== 1600.57
LDB: ============== END OF LOAD BALANCING =============== 1600.57

LDB: ============= START OF LOAD BALANCING ============== 1604.13
LDB: TIME 1604.13 LOAD: AVG 3.46453 MAX 3.56096  PROXIES: TOTAL 95 MAXPE 14 MAXPATCH 5 None 0.564765
LDB: TIME 1604.13 LOAD: AVG 3.46453 MAX 3.56096  PROXIES: TOTAL 95 MAXPE 14 MAXPATCH 5 RefineTorusLB 0.564765
LDB: ============== END OF LOAD BALANCING =============== 1604.13

LDB: ============= START OF LOAD BALANCING ============== 1744.97
LDB: ============== END OF LOAD BALANCING =============== 1744.97

LDB: ============= START OF LOAD BALANCING ============== 1748.63
LDB: TIME 1748.63 LOAD: AVG 3.46103 MAX 3.65432  PROXIES: TOTAL 95 MAXPE 14 MAXPATCH 5 None 0.557817
LDB: TIME 1748.63 LOAD: AVG 3.46103 MAX 3.63157  PROXIES: TOTAL 95 MAXPE 14 MAXPATCH 5 RefineTorusLB 0.557817
LDB: ============== END OF LOAD BALANCING =============== 1748.63

PRESSURE: 25000 -271.753 -272.239 231.68 -271.008 -278 -68.3697 231.278 -67.7104 -228.453
GPRESSURE: 25000 -316.615 -185.008 265.091 -326.015 -135.72 -103.033 10.0803 -6.64854 -228.344
PRESSAVG: 25000 5.29761 -21.8849 -11.115 -20.6257 63.0347 3.57603 -12.1549 3.6634 52.6236
GPRESSAVG: 25000 5.03184 -22.1389 -11.5046 -20.8247 63.0159 3.67331 -12.0486 3.63869 52.5204
TIMING: 25000  CPU: 1804.69, 0.0720067/step  Wall: 1804.69, 0.0720067/step, 1.50014 hours remaining, 203.023438 MB of memory in use.
ENERGY:   25000       417.1087      1095.8845       625.3098        74.8624         -87835.5016      7082.9097         0.3710         0.0000     15160.1879         -63378.8676       309.5789    -78539.0555    -63334.2853       309.5869           -259.4020      -226.8930    238499.3195        40.3186        40.1894

WRITING EXTENDED SYSTEM TO RESTART FILE AT STEP 25000
WRITING COORDINATES TO DCD FILE AT STEP 25000
WRITING COORDINATES TO RESTART FILE AT STEP 25000
FINISHED WRITING RESTART COORDINATES
WRITING VELOCITIES TO RESTART FILE AT STEP 25000
FINISHED WRITING RESTART VELOCITIES
LDB: ============= START OF LOAD BALANCING ============== 1888.58
LDB: ============== END OF LOAD BALANCING =============== 1888.58

LDB: ============= START OF LOAD BALANCING ============== 1892.16
LDB: TIME 1892.16 LOAD: AVG 3.47412 MAX 3.5747  PROXIES: TOTAL 95 MAXPE 14 MAXPATCH 5 None 0.563762
LDB: TIME 1892.16 LOAD: AVG 3.47412 MAX 3.5747  PROXIES: TOTAL 95 MAXPE 14 MAXPATCH 5 RefineTorusLB 0.563762
LDB: ============== END OF LOAD BALANCING =============== 1892.17

LDB: ============= START OF LOAD BALANCING ============== 2031.24
LDB: ============== END OF LOAD BALANCING =============== 2031.24

LDB: ============= START OF LOAD BALANCING ============== 2034.8
LDB: TIME 2034.8 LOAD: AVG 3.46283 MAX 3.55335  PROXIES: TOTAL 95 MAXPE 14 MAXPATCH 5 None 0.565011
LDB: TIME 2034.81 LOAD: AVG 3.46283 MAX 3.55335  PROXIES: TOTAL 95 MAXPE 14 MAXPATCH 5 RefineTorusLB 0.565011
LDB: ============== END OF LOAD BALANCING =============== 2034.81

PRESSURE: 30000 -32.6079 -27.6101 -117.771 -27.4069 -61.4313 -104.655 -119.342 -105.979 337.302
GPRESSURE: 30000 76.0207 18.3406 -124.746 -41.9663 -79.3906 -91.1158 -58.5171 -237.467 339.944
PRESSAVG: 30000 -17.0764 1.65839 -14.0903 2.08169 -0.76817 4.02673 -15.5182 3.66821 4.32937
GPRESSAVG: 30000 -17.1646 1.82074 -14.1775 2.11124 -1.06549 3.96697 -15.2939 3.7288 4.54711
TIMING: 30000  CPU: 2161.01, 0.0712644/step  Wall: 2161.01, 0.0712644/step, 1.3857 hours remaining, 203.062500 MB of memory in use.
ENERGY:   30000       403.7270      1054.5249       643.0845        68.2198         -87829.9295      7274.6522         0.3831         0.0000     15193.0732         -63192.2649       310.2505    -78385.3381    -63147.6332       309.1441             81.0878       112.1913    238499.3195        -4.5051        -4.5610

WRITING EXTENDED SYSTEM TO RESTART FILE AT STEP 30000
WRITING COORDINATES TO DCD FILE AT STEP 30000
WRITING COORDINATES TO RESTART FILE AT STEP 30000
FINISHED WRITING RESTART COORDINATES
WRITING VELOCITIES TO RESTART FILE AT STEP 30000
FINISHED WRITING RESTART VELOCITIES
LDB: ============= START OF LOAD BALANCING ============== 2173.29
LDB: ============== END OF LOAD BALANCING =============== 2173.29

LDB: ============= START OF LOAD BALANCING ============== 2176.84
LDB: TIME 2176.84 LOAD: AVG 3.46902 MAX 3.54017  PROXIES: TOTAL 95 MAXPE 14 MAXPATCH 5 None 0.566018
LDB: TIME 2176.84 LOAD: AVG 3.46902 MAX 3.54017  PROXIES: TOTAL 95 MAXPE 14 MAXPATCH 5 RefineTorusLB 0.566018
LDB: ============== END OF LOAD BALANCING =============== 2176.84

LDB: ============= START OF LOAD BALANCING ============== 2315.31
LDB: ============== END OF LOAD BALANCING =============== 2315.31

LDB: ============= START OF LOAD BALANCING ============== 2318.89
LDB: TIME 2318.89 LOAD: AVG 3.46572 MAX 3.57707  PROXIES: TOTAL 95 MAXPE 14 MAXPATCH 5 None 0.56449
LDB: TIME 2318.89 LOAD: AVG 3.46572 MAX 3.57707  PROXIES: TOTAL 95 MAXPE 14 MAXPATCH 5 RefineTorusLB 0.56449
LDB: ============== END OF LOAD BALANCING =============== 2318.89

LDB: ============= START OF LOAD BALANCING ============== 2458.72
LDB: ============== END OF LOAD BALANCING =============== 2458.72

LDB: ============= START OF LOAD BALANCING ============== 2462.3
LDB: TIME 2462.3 LOAD: AVG 3.46937 MAX 3.57834  PROXIES: TOTAL 95 MAXPE 14 MAXPATCH 5 None 0.560574
LDB: TIME 2462.31 LOAD: AVG 3.46937 MAX 3.57834  PROXIES: TOTAL 95 MAXPE 14 MAXPATCH 5 RefineTorusLB 0.560574
LDB: ============== END OF LOAD BALANCING =============== 2462.31

PRESSURE: 35000 -216.157 -213.718 147.195 -214.099 135.369 38.6673 146.177 38.1421 101.473
GPRESSURE: 35000 -190.375 -167.173 112.672 -230.818 123.35 -68.8447 239.424 37.6354 169.771
PRESSAVG: 35000 50.9832 -3.54 31.465 -3.54628 15.7272 -0.244736 30.5664 -0.862599 37.4733
GPRESSAVG: 35000 51.0047 -3.60979 31.4837 -3.79553 15.7021 -0.215644 30.7119 -0.731379 37.4321
TIMING: 35000  CPU: 2518.14, 0.0714269/step  Wall: 2518.14, 0.0714269/step, 1.28965 hours remaining, 203.105469 MB of memory in use.
ENERGY:   35000       423.4995      1051.1507       636.3045        70.1680         -87989.3601      7355.8160         0.5398         0.0000     15225.3072         -63226.5744       310.9087    -78451.8816    -63173.7695       308.8015              6.8950        34.2487    238499.3195        34.7279        34.7130

WRITING EXTENDED SYSTEM TO RESTART FILE AT STEP 35000
WRITING COORDINATES TO DCD FILE AT STEP 35000
WRITING COORDINATES TO RESTART FILE AT STEP 35000
FINISHED WRITING RESTART COORDINATES
WRITING VELOCITIES TO RESTART FILE AT STEP 35000
FINISHED WRITING RESTART VELOCITIES
LDB: ============= START OF LOAD BALANCING ============== 2601.39
LDB: ============== END OF LOAD BALANCING =============== 2601.39

LDB: ============= START OF LOAD BALANCING ============== 2604.96
LDB: TIME 2604.97 LOAD: AVG 3.46309 MAX 3.57529  PROXIES: TOTAL 95 MAXPE 14 MAXPATCH 5 None 0.561457
LDB: TIME 2604.97 LOAD: AVG 3.46309 MAX 3.57529  PROXIES: TOTAL 95 MAXPE 14 MAXPATCH 5 RefineTorusLB 0.561457
LDB: ============== END OF LOAD BALANCING =============== 2604.97

LDB: ============= START OF LOAD BALANCING ============== 2744.03
LDB: ============== END OF LOAD BALANCING =============== 2744.03

LDB: ============= START OF LOAD BALANCING ============== 2747.6
LDB: TIME 2747.6 LOAD: AVG 3.47526 MAX 3.56579  PROXIES: TOTAL 95 MAXPE 14 MAXPATCH 5 None 0.566501
LDB: TIME 2747.6 LOAD: AVG 3.47526 MAX 3.56579  PROXIES: TOTAL 95 MAXPE 14 MAXPATCH 5 RefineTorusLB 0.566501
LDB: ============== END OF LOAD BALANCING =============== 2747.61

PRESSURE: 40000 -96.0536 -35.2388 -7.63118 -34.838 -101.227 104.418 -9.75069 104.15 249.085
GPRESSURE: 40000 -68.3631 -2.05231 -49.7291 -89.388 -48.951 196.036 43.1547 -57.2671 258.359
PRESSAVG: 40000 26.4256 -14.864 -2.45792 -14.5663 66.9464 -2.3566 -4.41571 -2.86989 67.4472
GPRESSAVG: 40000 26.4437 -15.0104 -2.39524 -14.5848 67.025 -2.09334 -4.51538 -2.85318 67.5783
TIMING: 40000  CPU: 2875.99, 0.0715693/step  Wall: 2875.99, 0.0715693/step, 1.19282 hours remaining, 203.105469 MB of memory in use.
ENERGY:   40000       409.9802      1039.6897       632.2033        72.1837         -87476.6819      7085.8859         0.7118         0.0000     15164.2854         -63071.7421       309.6626    -78236.0274    -63015.2583       309.7693             17.2681        47.0149    238499.3195        53.6064        53.6824

WRITING EXTENDED SYSTEM TO RESTART FILE AT STEP 40000
WRITING COORDINATES TO DCD FILE AT STEP 40000
WRITING COORDINATES TO RESTART FILE AT STEP 40000
FINISHED WRITING RESTART COORDINATES
WRITING VELOCITIES TO RESTART FILE AT STEP 40000
FINISHED WRITING RESTART VELOCITIES
LDB: ============= START OF LOAD BALANCING ============== 2888.35
LDB: ============== END OF LOAD BALANCING =============== 2888.35

LDB: ============= START OF LOAD BALANCING ============== 2891.89
LDB: TIME 2891.89 LOAD: AVG 3.47449 MAX 3.53641  PROXIES: TOTAL 95 MAXPE 14 MAXPATCH 5 None 0.569989
LDB: TIME 2891.89 LOAD: AVG 3.47449 MAX 3.53641  PROXIES: TOTAL 95 MAXPE 14 MAXPATCH 5 RefineTorusLB 0.569989
LDB: ============== END OF LOAD BALANCING =============== 2891.9

LDB: ============= START OF LOAD BALANCING ============== 3031.45
LDB: ============== END OF LOAD BALANCING =============== 3031.45

LDB: ============= START OF LOAD BALANCING ============== 3035.08
LDB: TIME 3035.08 LOAD: AVG 3.48242 MAX 3.58186  PROXIES: TOTAL 95 MAXPE 14 MAXPATCH 5 None 0.583549
LDB: TIME 3035.08 LOAD: AVG 3.48242 MAX 3.58186  PROXIES: TOTAL 95 MAXPE 14 MAXPATCH 5 RefineTorusLB 0.583549
LDB: ============== END OF LOAD BALANCING =============== 3035.08

LDB: ============= START OF LOAD BALANCING ============== 3174.52
LDB: ============== END OF LOAD BALANCING =============== 3174.66

LDB: ============= START OF LOAD BALANCING ============== 3178.34
LDB: TIME 3178.52 LOAD: AVG 3.47051 MAX 3.5841  PROXIES: TOTAL 95 MAXPE 14 MAXPATCH 5 None 0.566436
LDB: TIME 3178.52 LOAD: AVG 3.47051 MAX 3.5841  PROXIES: TOTAL 95 MAXPE 14 MAXPATCH 5 RefineTorusLB 0.566436
LDB: ============== END OF LOAD BALANCING =============== 3178.52

PRESSURE: 45000 -98.2894 -211.558 126.812 -211.628 -843.267 91.6358 124.858 91.0507 314.187
GPRESSURE: 45000 -107.285 -137.831 227.215 -241.232 -774.898 241.278 149.535 -38.32 338.391
PRESSAVG: 45000 6.45871 -50.4171 16.7859 -50.3697 -22.9981 4.98715 14.9876 4.69128 10.8091
GPRESSAVG: 45000 6.21857 -50.3853 16.7469 -50.3962 -23.2435 4.68424 14.8828 4.69779 11.0475
TIMING: 45000  CPU: 3234.47, 0.0716957/step  Wall: 3234.47, 0.0716957/step, 1.09535 hours remaining, 203.105469 MB of memory in use.
ENERGY:   45000       379.6834      1068.5454       621.7678        84.6196         -87715.4052      7090.8928         0.4306         0.0000     15151.3071         -63318.1585       309.3976    -78469.4656    -63271.5867       308.5447           -209.1231      -181.2644    238499.3195        -1.9101        -1.9925

WRITING EXTENDED SYSTEM TO RESTART FILE AT STEP 45000
WRITING COORDINATES TO DCD FILE AT STEP 45000
WRITING COORDINATES TO RESTART FILE AT STEP 45000
FINISHED WRITING RESTART COORDINATES
WRITING VELOCITIES TO RESTART FILE AT STEP 45000
FINISHED WRITING RESTART VELOCITIES
LDB: ============= START OF LOAD BALANCING ============== 3318.16
LDB: ============== END OF LOAD BALANCING =============== 3318.27

LDB: ============= START OF LOAD BALANCING ============== 3322.25
LDB: TIME 3322.25 LOAD: AVG 3.49896 MAX 3.69377  PROXIES: TOTAL 95 MAXPE 14 MAXPATCH 5 None 0.563946
LDB: TIME 3322.25 LOAD: AVG 3.49896 MAX 3.67135  PROXIES: TOTAL 95 MAXPE 14 MAXPATCH 5 RefineTorusLB 0.563946
LDB: ============== END OF LOAD BALANCING =============== 3322.25

LDB: ============= START OF LOAD BALANCING ============== 3462.53
LDB: ============== END OF LOAD BALANCING =============== 3462.64

LDB: ============= START OF LOAD BALANCING ============== 3466.33
LDB: TIME 3466.4 LOAD: AVG 3.47168 MAX 3.58079  PROXIES: TOTAL 95 MAXPE 14 MAXPATCH 5 None 0.567804
LDB: TIME 3466.4 LOAD: AVG 3.47168 MAX 3.58079  PROXIES: TOTAL 95 MAXPE 14 MAXPATCH 5 RefineTorusLB 0.567804
LDB: ============== END OF LOAD BALANCING =============== 3466.4

PRESSURE: 50000 -26.0313 -0.438156 -19.8222 1.82623 -38.9786 151.425 -23.1957 149.396 -110.994
GPRESSURE: 50000 43.6719 -171.473 -97.0998 13.1995 -42.4129 341.697 -130.41 64.2706 -82.5745
PRESSAVG: 50000 -4.67835 -24.0118 15.9189 -22.6444 -48.3294 13.5405 14.116 12.8964 -24.8542
GPRESSAVG: 50000 -4.88695 -23.8963 15.9977 -22.5609 -48.2377 13.436 13.9831 13.0182 -25.0452
TIMING: 50000  CPU: 3594.26, 0.0719584/step  Wall: 3594.26, 0.0719584/step, 0.999422 hours remaining, 203.105469 MB of memory in use.
ETITLE:      TS           BOND          ANGLE          DIHED          IMPRP               ELECT            VDW       BOUNDARY           MISC        KINETIC               TOTAL           TEMP      POTENTIAL         TOTAL3        TEMPAVG            PRESSURE      GPRESSURE         VOLUME       PRESSAVG      GPRESSAVG

ENERGY:   50000       406.8122      1044.3922       632.1991        64.8566         -87662.5336      7141.8034         1.4422         0.0000     15005.0706         -63365.9574       306.4114    -78371.0279    -63303.4176       308.8778            -58.6681       -27.1052    238499.3195       -25.9540       -26.0566

WRITING EXTENDED SYSTEM TO RESTART FILE AT STEP 50000
WRITING COORDINATES TO DCD FILE AT STEP 50000
WRITING COORDINATES TO RESTART FILE AT STEP 50000
FINISHED WRITING RESTART COORDINATES
WRITING VELOCITIES TO RESTART FILE AT STEP 50000
FINISHED WRITING RESTART VELOCITIES
LDB: ============= START OF LOAD BALANCING ============== 3606.58
LDB: ============== END OF LOAD BALANCING =============== 3606.69

LDB: ============= START OF LOAD BALANCING ============== 3610.88
LDB: TIME 3610.9 LOAD: AVG 3.464 MAX 3.54691  PROXIES: TOTAL 95 MAXPE 14 MAXPATCH 5 None 0.567623
LDB: TIME 3610.9 LOAD: AVG 3.464 MAX 3.54691  PROXIES: TOTAL 95 MAXPE 14 MAXPATCH 5 RefineTorusLB 0.567623
LDB: ============== END OF LOAD BALANCING =============== 3610.9

LDB: ============= START OF LOAD BALANCING ============== 3750.5
LDB: ============== END OF LOAD BALANCING =============== 3750.87

LDB: ============= START OF LOAD BALANCING ============== 3754.68
LDB: TIME 3754.72 LOAD: AVG 3.4696 MAX 3.55195  PROXIES: TOTAL 95 MAXPE 14 MAXPATCH 5 None 0.570948
LDB: TIME 3754.72 LOAD: AVG 3.4696 MAX 3.55195  PROXIES: TOTAL 95 MAXPE 14 MAXPATCH 5 RefineTorusLB 0.570948
LDB: ============== END OF LOAD BALANCING =============== 3754.72

LDB: ============= START OF LOAD BALANCING ============== 3895.31
LDB: ============== END OF LOAD BALANCING =============== 3895.42

LDB: ============= START OF LOAD BALANCING ============== 3899.45
LDB: TIME 3899.46 LOAD: AVG 3.47156 MAX 3.5605  PROXIES: TOTAL 95 MAXPE 14 MAXPATCH 5 None 0.55944
LDB: TIME 3899.46 LOAD: AVG 3.47156 MAX 3.5605  PROXIES: TOTAL 95 MAXPE 14 MAXPATCH 5 RefineTorusLB 0.55944
LDB: ============== END OF LOAD BALANCING =============== 3899.46

PRESSURE: 55000 -374.094 -31.9927 211.808 -29.4685 -206.62 -84.5324 209.345 -86.8208 423.861
GPRESSURE: 55000 -357.133 -30.0631 129.308 -55.7604 -145.659 -189.493 102.91 -144.28 399.153
PRESSAVG: 55000 24.7 -29.3537 -5.24576 -27.3421 25.0745 19.0914 -7.52256 17.1791 40.4221
GPRESSAVG: 55000 24.4839 -29.2396 -5.30494 -27.5722 25.1034 18.7387 -7.32695 17.1147 40.6112
TIMING: 55000  CPU: 3955.03, 0.0721533/step  Wall: 3955.03, 0.0721533/step, 0.901916 hours remaining, 203.105469 MB of memory in use.
ENERGY:   55000       387.9569      1023.1661       617.0950        69.2443         -87654.5433      7087.9587         1.2628         0.0000     15176.0552         -63291.8045       309.9029    -78467.8597    -63252.4743       309.5550            -52.2842       -34.5464    238499.3195        30.0655        30.0662

WRITING EXTENDED SYSTEM TO RESTART FILE AT STEP 55000
WRITING COORDINATES TO DCD FILE AT STEP 55000
WRITING COORDINATES TO RESTART FILE AT STEP 55000
FINISHED WRITING RESTART COORDINATES
WRITING VELOCITIES TO RESTART FILE AT STEP 55000
FINISHED WRITING RESTART VELOCITIES
LDB: ============= START OF LOAD BALANCING ============== 4038.53
LDB: ============== END OF LOAD BALANCING =============== 4038.67

LDB: ============= START OF LOAD BALANCING ============== 4042.4
LDB: TIME 4042.41 LOAD: AVG 3.46588 MAX 3.54598  PROXIES: TOTAL 95 MAXPE 14 MAXPATCH 5 None 0.566989
LDB: TIME 4042.42 LOAD: AVG 3.46588 MAX 3.54598  PROXIES: TOTAL 95 MAXPE 14 MAXPATCH 5 RefineTorusLB 0.566989
LDB: ============== END OF LOAD BALANCING =============== 4042.42

LDB: ============= START OF LOAD BALANCING ============== 4182.28
LDB: ============== END OF LOAD BALANCING =============== 4182.39

LDB: ============= START OF LOAD BALANCING ============== 4186.08
LDB: TIME 4186.08 LOAD: AVG 3.45915 MAX 3.54594  PROXIES: TOTAL 95 MAXPE 14 MAXPATCH 5 None 0.56362
LDB: TIME 4186.08 LOAD: AVG 3.45915 MAX 3.54594  PROXIES: TOTAL 95 MAXPE 14 MAXPATCH 5 RefineTorusLB 0.56362
LDB: ============== END OF LOAD BALANCING =============== 4186.08

PRESSURE: 60000 -165.638 -53.2404 -193.293 -50.6623 -196.799 -245.28 -193.456 -246.079 -162.864
GPRESSURE: 60000 -126.077 -53.2731 -112.69 -21.1296 -240.18 -264.604 -227.436 -238.748 -66.9261
PRESSAVG: 60000 61.6555 -20.647 -31.8795 -18.4382 71.7684 3.02572 -33.7311 0.729221 120.423
GPRESSAVG: 60000 61.58 -20.6961 -32.1657 -18.8564 71.7706 2.94695 -34.0005 0.739987 120.386
TIMING: 60000  CPU: 4313.74, 0.0717419/step  Wall: 4313.74, 0.0717419/step, 0.797132 hours remaining, 203.105469 MB of memory in use.
ENERGY:   60000       424.3538      1036.9823       628.9571        73.7593         -87517.3737      7054.9237         1.2016         0.0000     15116.7740         -63180.4219       308.6924    -78297.1959    -63139.2533       309.4627           -175.1003      -144.3944    238499.3195        84.6156        84.5788

WRITING EXTENDED SYSTEM TO RESTART FILE AT STEP 60000
WRITING COORDINATES TO DCD FILE AT STEP 60000
WRITING COORDINATES TO RESTART FILE AT STEP 60000
FINISHED WRITING RESTART COORDINATES
WRITING VELOCITIES TO RESTART FILE AT STEP 60000
FINISHED WRITING RESTART VELOCITIES
LDB: ============= START OF LOAD BALANCING ============== 4326.36
LDB: ============== END OF LOAD BALANCING =============== 4326.51

LDB: ============= START OF LOAD BALANCING ============== 4330.31
LDB: TIME 4330.43 LOAD: AVG 3.47331 MAX 3.61686  PROXIES: TOTAL 95 MAXPE 14 MAXPATCH 5 None 0.560916
LDB: TIME 4330.43 LOAD: AVG 3.47331 MAX 3.61686  PROXIES: TOTAL 95 MAXPE 14 MAXPATCH 5 RefineTorusLB 0.560916
LDB: ============== END OF LOAD BALANCING =============== 4330.43

LDB: ============= START OF LOAD BALANCING ============== 4471.02
LDB: ============== END OF LOAD BALANCING =============== 4471.13

LDB: ============= START OF LOAD BALANCING ============== 4474.97
LDB: TIME 4474.97 LOAD: AVG 3.45817 MAX 3.60274  PROXIES: TOTAL 95 MAXPE 14 MAXPATCH 5 None 0.559951
LDB: TIME 4474.97 LOAD: AVG 3.45817 MAX 3.60274  PROXIES: TOTAL 95 MAXPE 14 MAXPATCH 5 RefineTorusLB 0.559951
LDB: ============== END OF LOAD BALANCING =============== 4474.97

LDB: ============= START OF LOAD BALANCING ============== 4614.67
LDB: ============== END OF LOAD BALANCING =============== 4614.8

LDB: ============= START OF LOAD BALANCING ============== 4618.52
LDB: TIME 4618.52 LOAD: AVG 3.46592 MAX 3.61962  PROXIES: TOTAL 95 MAXPE 14 MAXPATCH 5 None 0.562357
LDB: TIME 4618.52 LOAD: AVG 3.46592 MAX 3.61962  PROXIES: TOTAL 95 MAXPE 14 MAXPATCH 5 RefineTorusLB 0.562357
LDB: ============== END OF LOAD BALANCING =============== 4618.53

PRESSURE: 65000 -275.567 -89.2159 -1.815 -86.746 146.078 381.838 -1.85018 380.396 -102.059
GPRESSURE: 65000 -227.336 -184.869 1.9402 -124.227 178.414 476.181 -58.3284 319.368 -57.4767
PRESSAVG: 65000 9.65007 -8.1475 -0.319653 -6.00331 54.2183 -40.0404 -0.769077 -41.7074 36.4687
GPRESSAVG: 65000 9.6593 -8.20266 -0.0962018 -6.19449 54.3677 -40.0021 -0.953391 -41.532 36.5748
TIMING: 65000  CPU: 4674.24, 0.0721/step  Wall: 4674.24, 0.0721/step, 0.700972 hours remaining, 203.105469 MB of memory in use.
ENERGY:   65000       388.5325      1058.7515       630.8118        77.8233         -87350.9048      7096.8445         0.8685         0.0000     15191.1850         -62906.0878       310.2119    -78097.2728    -62859.0957       309.7500            -77.1826       -35.4665    238499.3195        33.4457        33.5339

WRITING EXTENDED SYSTEM TO RESTART FILE AT STEP 65000
WRITING COORDINATES TO DCD FILE AT STEP 65000
WRITING COORDINATES TO RESTART FILE AT STEP 65000
FINISHED WRITING RESTART COORDINATES
WRITING VELOCITIES TO RESTART FILE AT STEP 65000
FINISHED WRITING RESTART VELOCITIES
LDB: ============= START OF LOAD BALANCING ============== 4757.67
LDB: ============== END OF LOAD BALANCING =============== 4757.78

LDB: ============= START OF LOAD BALANCING ============== 4761.44
LDB: TIME 4761.46 LOAD: AVG 3.46653 MAX 3.56431  PROXIES: TOTAL 95 MAXPE 14 MAXPATCH 5 None 0.569647
LDB: TIME 4761.46 LOAD: AVG 3.46653 MAX 3.56431  PROXIES: TOTAL 95 MAXPE 14 MAXPATCH 5 RefineTorusLB 0.569647
LDB: ============== END OF LOAD BALANCING =============== 4761.46

LDB: ============= START OF LOAD BALANCING ============== 4899.68
LDB: ============== END OF LOAD BALANCING =============== 4899.88

LDB: ============= START OF LOAD BALANCING ============== 4903.66
LDB: TIME 4903.89 LOAD: AVG 3.46502 MAX 3.54884  PROXIES: TOTAL 95 MAXPE 14 MAXPATCH 5 None 0.570019
LDB: TIME 4903.89 LOAD: AVG 3.46502 MAX 3.54884  PROXIES: TOTAL 95 MAXPE 14 MAXPATCH 5 RefineTorusLB 0.570019
LDB: ============== END OF LOAD BALANCING =============== 4903.89

PRESSURE: 70000 359.451 110.496 36.4704 112.062 -355.636 32.4848 35.4065 29.6342 -299.883
GPRESSURE: 70000 373.085 133.035 1.8757 -30.607 -296.988 258.435 83.732 -110.42 -262.369
PRESSAVG: 70000 12.2159 18.5832 2.32863 19.3614 9.95714 -14.4417 1.17896 -16.8085 -3.10914
GPRESSAVG: 70000 12.3928 18.6774 2.39883 18.9721 10.0022 -14.8445 1.17633 -16.7006 -3.04787
TIMING: 70000  CPU: 5030.93, 0.0713395/step  Wall: 5030.93, 0.0713395/step, 0.594496 hours remaining, 203.105469 MB of memory in use.
ENERGY:   70000       411.0602       994.1585       611.0696        63.4853         -87453.5544      7124.2838         0.9860         0.0000     15127.6410         -63120.8700       308.9143    -78248.5110    -63076.0110       310.2966            -98.6890       -62.0909    238499.3195         6.3546         6.4490

WRITING EXTENDED SYSTEM TO RESTART FILE AT STEP 70000
WRITING COORDINATES TO DCD FILE AT STEP 70000
WRITING COORDINATES TO RESTART FILE AT STEP 70000
FINISHED WRITING RESTART COORDINATES
WRITING VELOCITIES TO RESTART FILE AT STEP 70000
FINISHED WRITING RESTART VELOCITIES
LDB: ============= START OF LOAD BALANCING ============== 5043.21
LDB: ============== END OF LOAD BALANCING =============== 5043.33

LDB: ============= START OF LOAD BALANCING ============== 5046.94
LDB: TIME 5046.94 LOAD: AVG 3.47168 MAX 3.54127  PROXIES: TOTAL 95 MAXPE 14 MAXPATCH 5 None 0.570741
LDB: TIME 5046.94 LOAD: AVG 3.47168 MAX 3.54127  PROXIES: TOTAL 95 MAXPE 14 MAXPATCH 5 RefineTorusLB 0.570741
LDB: ============== END OF LOAD BALANCING =============== 5046.94

LDB: ============= START OF LOAD BALANCING ============== 5185.42
LDB: ============== END OF LOAD BALANCING =============== 5185.54

LDB: ============= START OF LOAD BALANCING ============== 5189.38
LDB: TIME 5189.55 LOAD: AVG 3.48184 MAX 3.5503  PROXIES: TOTAL 95 MAXPE 14 MAXPATCH 5 None 0.570514
LDB: TIME 5189.55 LOAD: AVG 3.48184 MAX 3.5503  PROXIES: TOTAL 95 MAXPE 14 MAXPATCH 5 RefineTorusLB 0.570514
LDB: ============== END OF LOAD BALANCING =============== 5189.55

LDB: ============= START OF LOAD BALANCING ============== 5327.89
LDB: ============== END OF LOAD BALANCING =============== 5328.02

LDB: ============= START OF LOAD BALANCING ============== 5331.88
LDB: TIME 5331.89 LOAD: AVG 3.46778 MAX 3.53518  PROXIES: TOTAL 95 MAXPE 14 MAXPATCH 5 None 0.569047
LDB: TIME 5331.89 LOAD: AVG 3.46778 MAX 3.53518  PROXIES: TOTAL 95 MAXPE 14 MAXPATCH 5 RefineTorusLB 0.569047
LDB: ============== END OF LOAD BALANCING =============== 5331.9

PRESSURE: 75000 143.308 164.092 -301.608 166.505 419.877 -38.6425 -304.036 -42.2759 366.643
GPRESSURE: 75000 224.942 161.268 -257.018 321.253 445.548 -6.80818 -234.723 -10.5519 328.434
PRESSAVG: 75000 -10.6509 18.8632 10.7842 20.8963 -28.211 10.4575 8.39086 6.81101 -20.9382
GPRESSAVG: 75000 -10.8839 18.6294 10.6527 21.0516 -28.2357 10.4662 8.31512 6.58754 -20.8654
TIMING: 75000  CPU: 5388.05, 0.0714228/step  Wall: 5388.05, 0.0714228/step, 0.495992 hours remaining, 203.105469 MB of memory in use.
ENERGY:   75000       404.8460      1050.5708       621.6261        81.3655         -87528.9295      7271.3476         1.6370         0.0000     15222.5773         -62874.9592       310.8530    -78097.5365    -62828.0835       309.6392            309.9426       332.9748    238499.3195       -19.9334       -19.9950

WRITING EXTENDED SYSTEM TO RESTART FILE AT STEP 75000
WRITING COORDINATES TO DCD FILE AT STEP 75000
WRITING COORDINATES TO RESTART FILE AT STEP 75000
FINISHED WRITING RESTART COORDINATES
WRITING VELOCITIES TO RESTART FILE AT STEP 75000
FINISHED WRITING RESTART VELOCITIES
LDB: ============= START OF LOAD BALANCING ============== 5472.05
LDB: ============== END OF LOAD BALANCING =============== 5472.17

LDB: ============= START OF LOAD BALANCING ============== 5475.98
LDB: TIME 5476.17 LOAD: AVG 3.47191 MAX 3.55158  PROXIES: TOTAL 95 MAXPE 14 MAXPATCH 5 None 0.574113
LDB: TIME 5476.17 LOAD: AVG 3.47191 MAX 3.55158  PROXIES: TOTAL 95 MAXPE 14 MAXPATCH 5 RefineTorusLB 0.574113
LDB: ============== END OF LOAD BALANCING =============== 5476.17

LDB: ============= START OF LOAD BALANCING ============== 5616.66
LDB: ============== END OF LOAD BALANCING =============== 5616.88

LDB: ============= START OF LOAD BALANCING ============== 5620.76
LDB: TIME 5620.76 LOAD: AVG 3.47135 MAX 3.62052  PROXIES: TOTAL 95 MAXPE 14 MAXPATCH 5 None 0.565504
LDB: TIME 5620.76 LOAD: AVG 3.47135 MAX 3.62052  PROXIES: TOTAL 95 MAXPE 14 MAXPATCH 5 RefineTorusLB 0.565504
LDB: ============== END OF LOAD BALANCING =============== 5620.76

PRESSURE: 80000 538.336 84.2394 -197.532 85.7058 343.4 -36.4313 -199.808 -40.9851 329.798
GPRESSURE: 80000 623.869 104.175 -286.571 -125.529 327.408 -98.2645 -100.922 -29.6564 354.352
PRESSAVG: 80000 74.7606 2.306 -18.0941 3.7565 86.8422 -27.1699 -20.4882 -31.3118 75.086
GPRESSAVG: 80000 74.9837 2.50649 -18.146 3.47196 87.1223 -27.4966 -20.6594 -31.1495 75.2057
TIMING: 80000  CPU: 5748.15, 0.07202/step  Wall: 5748.15, 0.07202/step, 0.400111 hours remaining, 203.105469 MB of memory in use.
ENERGY:   80000       372.5381      1034.5364       651.6779        71.4119         -87820.4575      7272.3932         2.0837         0.0000     15087.9336         -63327.8826       308.1035    -78415.8161    -63280.5443       310.1868            403.8449       435.2098    238499.3195        78.8963        79.1039

WRITING EXTENDED SYSTEM TO RESTART FILE AT STEP 80000
WRITING COORDINATES TO DCD FILE AT STEP 80000
WRITING COORDINATES TO RESTART FILE AT STEP 80000
FINISHED WRITING RESTART COORDINATES
WRITING VELOCITIES TO RESTART FILE AT STEP 80000
FINISHED WRITING RESTART VELOCITIES
LDB: ============= START OF LOAD BALANCING ============== 5760.73
LDB: ============== END OF LOAD BALANCING =============== 5760.84

LDB: ============= START OF LOAD BALANCING ============== 5764.54
LDB: TIME 5764.58 LOAD: AVG 3.4687 MAX 3.59116  PROXIES: TOTAL 95 MAXPE 14 MAXPATCH 5 None 0.563457
LDB: TIME 5764.58 LOAD: AVG 3.4687 MAX 3.59116  PROXIES: TOTAL 95 MAXPE 14 MAXPATCH 5 RefineTorusLB 0.563457
LDB: ============== END OF LOAD BALANCING =============== 5764.58

LDB: ============= START OF LOAD BALANCING ============== 5903.38
LDB: ============== END OF LOAD BALANCING =============== 5903.5

LDB: ============= START OF LOAD BALANCING ============== 5907.15
LDB: TIME 5907.15 LOAD: AVG 3.46639 MAX 3.54872  PROXIES: TOTAL 95 MAXPE 14 MAXPATCH 5 None 0.56409
LDB: TIME 5907.16 LOAD: AVG 3.46639 MAX 3.54872  PROXIES: TOTAL 95 MAXPE 14 MAXPATCH 5 RefineTorusLB 0.56409
LDB: ============== END OF LOAD BALANCING =============== 5907.16

LDB: ============= START OF LOAD BALANCING ============== 6045.72
LDB: ============== END OF LOAD BALANCING =============== 6045.93

LDB: ============= START OF LOAD BALANCING ============== 6049.98
LDB: TIME 6050.08 LOAD: AVG 3.50541 MAX 3.67769  PROXIES: TOTAL 95 MAXPE 14 MAXPATCH 5 None 0.595359
LDB: TIME 6050.08 LOAD: AVG 3.50541 MAX 3.67769  PROXIES: TOTAL 95 MAXPE 14 MAXPATCH 5 RefineTorusLB 0.595359
LDB: ============== END OF LOAD BALANCING =============== 6050.08

PRESSURE: 85000 108.882 -86.7245 -107.87 -84.6194 -82.225 -3.11132 -111.576 -8.46201 -110.688
GPRESSURE: 85000 77.6329 -9.33934 33.7166 -124.457 -58.0591 98.7658 -216.195 -97.4895 -39.8796
PRESSAVG: 85000 2.09042 -4.1082 -25.1038 -2.27262 57.4421 25.5666 -28.4852 20.5179 11.7187
GPRESSAVG: 85000 1.9999 -4.12874 -25.1445 -2.27947 57.5213 25.809 -28.298 20.5748 11.4212
TIMING: 85000  CPU: 6105.72, 0.0715153/step  Wall: 6105.72, 0.0715153/step, 0.29798 hours remaining, 203.148438 MB of memory in use.
ENERGY:   85000       409.3689      1030.8915       620.9766        66.0542         -87995.8174      7235.0088         2.1627         0.0000     15046.4093         -63584.9455       307.2555    -78631.3548    -63535.8999       309.3028            -28.0104        -6.7686    238499.3195        23.7504        23.6475

WRITING EXTENDED SYSTEM TO RESTART FILE AT STEP 85000
WRITING COORDINATES TO DCD FILE AT STEP 85000
WRITING COORDINATES TO RESTART FILE AT STEP 85000
FINISHED WRITING RESTART COORDINATES
WRITING VELOCITIES TO RESTART FILE AT STEP 85000
FINISHED WRITING RESTART VELOCITIES
LDB: ============= START OF LOAD BALANCING ============== 6190.18
LDB: ============== END OF LOAD BALANCING =============== 6190.28

LDB: ============= START OF LOAD BALANCING ============== 6193.97
LDB: TIME 6193.97 LOAD: AVG 3.47326 MAX 3.58459  PROXIES: TOTAL 95 MAXPE 14 MAXPATCH 5 None 0.56553
LDB: TIME 6193.97 LOAD: AVG 3.47326 MAX 3.58459  PROXIES: TOTAL 95 MAXPE 14 MAXPATCH 5 RefineTorusLB 0.56553
LDB: ============== END OF LOAD BALANCING =============== 6193.97

LDB: ============= START OF LOAD BALANCING ============== 6333.61
LDB: ============== END OF LOAD BALANCING =============== 6333.72

LDB: ============= START OF LOAD BALANCING ============== 6337.48
LDB: TIME 6337.48 LOAD: AVG 3.49903 MAX 3.64419  PROXIES: TOTAL 95 MAXPE 14 MAXPATCH 5 None 0.5754
LDB: TIME 6337.49 LOAD: AVG 3.49903 MAX 3.64419  PROXIES: TOTAL 95 MAXPE 14 MAXPATCH 5 RefineTorusLB 0.5754
LDB: ============== END OF LOAD BALANCING =============== 6337.49

PRESSURE: 90000 101.153 -35.745 -23.2614 -33.3345 -6.8271 24.0072 -26.1954 18.9171 -413.468
GPRESSURE: 90000 156.406 56.737 -43.2758 0.886863 49.8388 -38.2153 -103.9 65.0155 -425.76
PRESSAVG: 90000 1.57678 -13.1733 -8.9322 -10.7521 5.16781 -1.92708 -12.2504 -6.98992 -10.929
GPRESSAVG: 90000 1.81938 -13.0854 -8.8996 -10.9375 5.08156 -1.85374 -12.567 -6.96091 -10.869
TIMING: 90000  CPU: 6467.97, 0.0724499/step  Wall: 6467.97, 0.0724499/step, 0.20125 hours remaining, 203.148438 MB of memory in use.
ENERGY:   90000       406.2907      1062.3555       623.2828        68.5733         -87397.3133      6976.3904         2.3992         0.0000     15214.1781         -63043.8433       310.6814    -78258.0215    -62999.8628       308.9993           -106.3806       -73.1720    238499.3195        -1.3948        -1.3227

WRITING EXTENDED SYSTEM TO RESTART FILE AT STEP 90000
WRITING COORDINATES TO DCD FILE AT STEP 90000
WRITING COORDINATES TO RESTART FILE AT STEP 90000
FINISHED WRITING RESTART COORDINATES
WRITING VELOCITIES TO RESTART FILE AT STEP 90000
FINISHED WRITING RESTART VELOCITIES
LDB: ============= START OF LOAD BALANCING ============== 6480.76
LDB: ============== END OF LOAD BALANCING =============== 6480.76

LDB: ============= START OF LOAD BALANCING ============== 6484.33
LDB: TIME 6484.33 LOAD: AVG 3.47755 MAX 3.55433  PROXIES: TOTAL 95 MAXPE 14 MAXPATCH 5 None 0.571447
LDB: TIME 6484.33 LOAD: AVG 3.47755 MAX 3.55433  PROXIES: TOTAL 95 MAXPE 14 MAXPATCH 5 RefineTorusLB 0.571447
LDB: ============== END OF LOAD BALANCING =============== 6484.34

LDB: ============= START OF LOAD BALANCING ============== 6625.58
LDB: ============== END OF LOAD BALANCING =============== 6625.58

LDB: ============= START OF LOAD BALANCING ============== 6629.2
LDB: TIME 6629.2 LOAD: AVG 3.48794 MAX 3.60569  PROXIES: TOTAL 95 MAXPE 14 MAXPATCH 5 None 0.575937
LDB: TIME 6629.2 LOAD: AVG 3.48794 MAX 3.60569  PROXIES: TOTAL 95 MAXPE 14 MAXPATCH 5 RefineTorusLB 0.575937
LDB: ============== END OF LOAD BALANCING =============== 6629.21

LDB: ============= START OF LOAD BALANCING ============== 6772.12
LDB: ============== END OF LOAD BALANCING =============== 6772.12

LDB: ============= START OF LOAD BALANCING ============== 6775.76
LDB: TIME 6775.76 LOAD: AVG 3.52194 MAX 3.63538  PROXIES: TOTAL 95 MAXPE 14 MAXPATCH 5 None 0.584332
LDB: TIME 6775.76 LOAD: AVG 3.52194 MAX 3.63538  PROXIES: TOTAL 95 MAXPE 14 MAXPATCH 5 RefineTorusLB 0.584332
LDB: ============== END OF LOAD BALANCING =============== 6775.76

PRESSURE: 95000 111.009 -35.9306 28.8497 -34.7435 -278.645 -225.527 25.4628 -230.92 -73.0476
GPRESSURE: 95000 123.852 20.2957 96.6393 -74.8058 -154.136 -201.546 -47.4977 -144.273 -118.563
PRESSAVG: 95000 35.3412 -1.98612 -20.365 0.0385735 70.2532 8.2768 -23.4526 3.04118 62.483
GPRESSAVG: 95000 35.4268 -1.85454 -20.3192 0.0547078 70.4052 8.15683 -23.3117 3.06888 62.5105
TIMING: 95000  CPU: 6832.97, 0.073/step  Wall: 6832.97, 0.073/step, 0.101389 hours remaining, 203.148438 MB of memory in use.
ENERGY:   95000       398.5856      1008.5037       636.4037        69.1421         -88007.2268      7169.8191         2.2590         0.0000     15203.4580         -63519.0556       310.4625    -78722.5137    -63480.7912       309.7479            -80.2281       -49.6157    238499.3195        56.0258        56.1142

WRITING EXTENDED SYSTEM TO RESTART FILE AT STEP 95000
WRITING COORDINATES TO DCD FILE AT STEP 95000
WRITING COORDINATES TO RESTART FILE AT STEP 95000
FINISHED WRITING RESTART COORDINATES
WRITING VELOCITIES TO RESTART FILE AT STEP 95000
FINISHED WRITING RESTART VELOCITIES
LDB: ============= START OF LOAD BALANCING ============== 6919.14
LDB: ============== END OF LOAD BALANCING =============== 6919.14

LDB: ============= START OF LOAD BALANCING ============== 6922.82
LDB: TIME 6922.82 LOAD: AVG 3.5116 MAX 3.67117  PROXIES: TOTAL 95 MAXPE 14 MAXPATCH 5 None 0.581613
LDB: TIME 6922.82 LOAD: AVG 3.5116 MAX 3.67117  PROXIES: TOTAL 95 MAXPE 14 MAXPATCH 5 RefineTorusLB 0.581613
LDB: ============== END OF LOAD BALANCING =============== 6922.82

LDB: ============= START OF LOAD BALANCING ============== 7068.55
LDB: ============== END OF LOAD BALANCING =============== 7068.55

LDB: ============= START OF LOAD BALANCING ============== 7072.24
LDB: TIME 7072.24 LOAD: AVG 3.53775 MAX 3.68427  PROXIES: TOTAL 95 MAXPE 14 MAXPATCH 5 None 0.589678
LDB: TIME 7072.24 LOAD: AVG 3.53775 MAX 3.68427  PROXIES: TOTAL 95 MAXPE 14 MAXPATCH 5 RefineTorusLB 0.589678
LDB: ============== END OF LOAD BALANCING =============== 7072.24

PRESSURE: 100000 44.5117 -66.6684 -197.604 -63.8397 87.8029 172.003 -200.151 166.823 182.36
GPRESSURE: 100000 162.185 -231.909 -231.56 -101.778 131.5 7.67312 -56.2727 292.216 151.467
PRESSAVG: 100000 57.8977 -9.10395 5.87876 -7.24353 26.9891 24.7125 3.16561 19.7636 10.328
GPRESSAVG: 100000 57.9459 -9.16192 5.94513 -7.34841 26.8915 24.6912 3.24318 19.9509 10.5495
TIMING: 100000  CPU: 7203.08, 0.0740222/step  Wall: 7203.08, 0.0740222/step, 0 hours remaining, 203.148438 MB of memory in use.
ETITLE:      TS           BOND          ANGLE          DIHED          IMPRP               ELECT            VDW       BOUNDARY           MISC        KINETIC               TOTAL           TEMP      POTENTIAL         TOTAL3        TEMPAVG            PRESSURE      GPRESSURE         VOLUME       PRESSAVG      GPRESSAVG

ENERGY:  100000       388.5716      1023.9121       625.4585        73.3041         -87778.0970      7188.7345         2.3808         0.0000     15111.5932         -63364.1424       308.5866    -78475.7355    -63317.9164       309.2468            104.8915       148.3841    238499.3195        31.7383        31.7956

WRITING EXTENDED SYSTEM TO RESTART FILE AT STEP 100000
WRITING COORDINATES TO DCD FILE AT STEP 100000
WRITING COORDINATES TO RESTART FILE AT STEP 100000
FINISHED WRITING RESTART COORDINATES
WRITING VELOCITIES TO RESTART FILE AT STEP 100000
FINISHED WRITING RESTART VELOCITIES
WRITING EXTENDED SYSTEM TO OUTPUT FILE AT STEP 100000
CLOSING EXTENDED SYSTEM TRAJECTORY FILE
WRITING COORDINATES TO OUTPUT FILE AT STEP 100000
CLOSING COORDINATE DCD FILE
WRITING VELOCITIES TO OUTPUT FILE AT STEP 100000
====================================================

WallClock: 7205.464844  CPUTime: 7205.464844  Memory: 203.148438 MB
End of program
